Using pre-set license
Built from '2022.3/release' branch; Version is '2022.3.20f1 (61c2feb0970d) revision 6406910'; Using compiler version '192829333'; Build Type 'Release'
OS: 'Windows 11  (10.0.22621) 64bit Core' Language: 'ru' Physical Memory: 32581 MB
BatchMode: 1, IsHumanControllingUs: 0, StartBugReporterOnCrash: 0, Is64bit: 1, IsPro: 1

COMMAND LINE ARGUMENTS:
C:\Program Files\Unity\Hub\Editor\2022.3.20f1\Editor\Unity.exe
-adb2
-batchMode
-noUpm
-name
AssetImportWorker5
-projectPath
D:/hub(not porn)/FileProject/KnightSlotGit/KnighteSlot/Hacker slots
-logFile
Logs/AssetImportWorker5.log
-srvPort
53650
Successfully changed project path to: D:/hub(not porn)/FileProject/KnightSlotGit/KnighteSlot/Hacker slots
D:/hub(not porn)/FileProject/KnightSlotGit/KnighteSlot/Hacker slots
[UnityMemory] Configuration Parameters - Can be set up in boot.config
    "memorysetup-bucket-allocator-granularity=16"
    "memorysetup-bucket-allocator-bucket-count=8"
    "memorysetup-bucket-allocator-block-size=33554432"
    "memorysetup-bucket-allocator-block-count=8"
    "memorysetup-main-allocator-block-size=16777216"
    "memorysetup-thread-allocator-block-size=16777216"
    "memorysetup-gfx-main-allocator-block-size=16777216"
    "memorysetup-gfx-thread-allocator-block-size=16777216"
    "memorysetup-cache-allocator-block-size=4194304"
    "memorysetup-typetree-allocator-block-size=2097152"
    "memorysetup-profiler-bucket-allocator-granularity=16"
    "memorysetup-profiler-bucket-allocator-bucket-count=8"
    "memorysetup-profiler-bucket-allocator-block-size=33554432"
    "memorysetup-profiler-bucket-allocator-block-count=8"
    "memorysetup-profiler-allocator-block-size=16777216"
    "memorysetup-profiler-editor-allocator-block-size=1048576"
    "memorysetup-temp-allocator-size-main=16777216"
    "memorysetup-job-temp-allocator-block-size=2097152"
    "memorysetup-job-temp-allocator-block-size-background=1048576"
    "memorysetup-job-temp-allocator-reduction-small-platforms=262144"
    "memorysetup-allocator-temp-initial-block-size-main=262144"
    "memorysetup-allocator-temp-initial-block-size-worker=262144"
    "memorysetup-temp-allocator-size-background-worker=32768"
    "memorysetup-temp-allocator-size-job-worker=262144"
    "memorysetup-temp-allocator-size-preload-manager=33554432"
    "memorysetup-temp-allocator-size-nav-mesh-worker=65536"
    "memorysetup-temp-allocator-size-audio-worker=65536"
    "memorysetup-temp-allocator-size-cloud-worker=32768"
    "memorysetup-temp-allocator-size-gi-baking-worker=262144"
    "memorysetup-temp-allocator-size-gfx=262144"
Player connection [12104] Host "[IP] 192.168.3.144 [Port] 0 [Flags] 2 [Guid] 346503382 [EditorId] 346503382 [Version] 1048832 [Id] WindowsEditor(7,Kael) [Debug] 1 [PackageName] WindowsEditor [ProjectName] Editor" joined multi-casting on [225.0.0.222:54997]...

Player connection [12104] Host "[IP] 192.168.3.144 [Port] 0 [Flags] 2 [Guid] 346503382 [EditorId] 346503382 [Version] 1048832 [Id] WindowsEditor(7,Kael) [Debug] 1 [PackageName] WindowsEditor [ProjectName] Editor" joined alternative multi-casting on [225.0.0.222:34997]...

[Physics::Module] Initialized MultithreadedJobDispatcher with 11 workers.
Refreshing native plugins compatible for Editor in 16.53 ms, found 7 plugins.
Preloading 0 native plugins for Editor in 0.00 ms.
Initialize engine version: 2022.3.20f1 (61c2feb0970d)
[Subsystems] Discovering subsystems at path C:/Program Files/Unity/Hub/Editor/2022.3.20f1/Editor/Data/Resources/UnitySubsystems
[Subsystems] Discovering subsystems at path D:/hub(not porn)/FileProject/KnightSlotGit/KnighteSlot/Hacker slots/Assets
GfxDevice: creating device client; threaded=0; jobified=0
Direct3D:
    Version:  Direct3D 11.0 [level 11.1]
    Renderer: NVIDIA GeForce RTX 4060 Ti (ID=0x2803)
    Vendor:   NVIDIA
    VRAM:     7963 MB
    Driver:   31.0.15.3203
Initialize mono
Mono path[0] = 'C:/Program Files/Unity/Hub/Editor/2022.3.20f1/Editor/Data/Managed'
Mono path[1] = 'C:/Program Files/Unity/Hub/Editor/2022.3.20f1/Editor/Data/MonoBleedingEdge/lib/mono/unityjit-win32'
Mono config path = 'C:/Program Files/Unity/Hub/Editor/2022.3.20f1/Editor/Data/MonoBleedingEdge/etc'
Using monoOptions --debugger-agent=transport=dt_socket,embedding=1,server=y,suspend=n,address=127.0.0.1:56584
Begin MonoManager ReloadAssembly
Registering precompiled unity dll's ...
Register platform support module: C:/Program Files/Unity/Hub/Editor/2022.3.20f1/Editor/Data/PlaybackEngines/AndroidPlayer/UnityEditor.Android.Extensions.dll
Register platform support module: C:/Program Files/Unity/Hub/Editor/2022.3.20f1/Editor/Data/PlaybackEngines/WindowsStandaloneSupport/UnityEditor.WindowsStandalone.Extensions.dll
Registered in 0.012160 seconds.
- Loaded All Assemblies, in  0.622 seconds
Native extension for WindowsStandalone target not found
Native extension for Android target not found
Android Extension - Scanning For ADB Devices 392 ms
Mono: successfully reloaded assembly
- Finished resetting the current domain, in  1.046 seconds
Domain Reload Profiling: 1666ms
	BeginReloadAssembly (184ms)
		ExecutionOrderSort (0ms)
		DisableScriptedObjects (0ms)
		BackupInstance (0ms)
		ReleaseScriptingObjects (0ms)
		CreateAndSetChildDomain (2ms)
	RebuildCommonClasses (59ms)
	RebuildNativeTypeToScriptingClass (18ms)
	initialDomainReloadingComplete (94ms)
	LoadAllAssembliesAndSetupDomain (263ms)
		LoadAssemblies (182ms)
		RebuildTransferFunctionScriptingTraits (0ms)
		AnalyzeDomain (259ms)
			TypeCache.Refresh (254ms)
				TypeCache.ScanAssembly (224ms)
			ScanForSourceGeneratedMonoScriptInfo (1ms)
			ResolveRequiredComponents (2ms)
	FinalizeReload (1047ms)
		ReleaseScriptCaches (0ms)
		RebuildScriptCaches (0ms)
		SetupLoadedEditorAssemblies (915ms)
			LogAssemblyErrors (0ms)
			InitializePlatformSupportModulesInManaged (625ms)
			SetLoadedEditorAssemblies (6ms)
			RefreshPlugins (0ms)
			BeforeProcessingInitializeOnLoad (3ms)
			ProcessInitializeOnLoadAttributes (201ms)
			ProcessInitializeOnLoadMethodAttributes (79ms)
			AfterProcessingInitializeOnLoad (0ms)
			EditorAssembliesLoaded (0ms)
		ExecutionOrderSort2 (0ms)
		AwakeInstancesAfterBackupRestoration (0ms)
========================================================================
Worker process is ready to serve import requests
Begin MonoManager ReloadAssembly
- Loaded All Assemblies, in  1.816 seconds
Refreshing native plugins compatible for Editor in 6.19 ms, found 7 plugins.
Native extension for WindowsStandalone target not found
Native extension for Android target not found
Package Manager log level set to [2]
[Package Manager] Server::EnsureServerProcessIsRunning -- launch failed, reason: Unity was launched with the -noUpm command-line argument
[Package Manager] UpmClient::Send -- Unable to send message (not connected to UPM process).
[Package Manager] Cannot connect to Unity Package Manager local server
Mono: successfully reloaded assembly
- Finished resetting the current domain, in  1.330 seconds
Domain Reload Profiling: 3144ms
	BeginReloadAssembly (526ms)
		ExecutionOrderSort (0ms)
		DisableScriptedObjects (9ms)
		BackupInstance (0ms)
		ReleaseScriptingObjects (0ms)
		CreateAndSetChildDomain (83ms)
	RebuildCommonClasses (98ms)
	RebuildNativeTypeToScriptingClass (39ms)
	initialDomainReloadingComplete (85ms)
	LoadAllAssembliesAndSetupDomain (1066ms)
		LoadAssemblies (799ms)
		RebuildTransferFunctionScriptingTraits (0ms)
		AnalyzeDomain (602ms)
			TypeCache.Refresh (550ms)
				TypeCache.ScanAssembly (504ms)
			ScanForSourceGeneratedMonoScriptInfo (41ms)
			ResolveRequiredComponents (10ms)
	FinalizeReload (1330ms)
		ReleaseScriptCaches (0ms)
		RebuildScriptCaches (0ms)
		SetupLoadedEditorAssemblies (881ms)
			LogAssemblyErrors (0ms)
			InitializePlatformSupportModulesInManaged (100ms)
			SetLoadedEditorAssemblies (9ms)
			RefreshPlugins (0ms)
			BeforeProcessingInitializeOnLoad (120ms)
			ProcessInitializeOnLoadAttributes (569ms)
			ProcessInitializeOnLoadMethodAttributes (69ms)
			AfterProcessingInitializeOnLoad (14ms)
			EditorAssembliesLoaded (1ms)
		ExecutionOrderSort2 (0ms)
		AwakeInstancesAfterBackupRestoration (14ms)
Launched and connected shader compiler UnityShaderCompiler.exe after 0.01 seconds
Refreshing native plugins compatible for Editor in 6.55 ms, found 7 plugins.
Preloading 0 native plugins for Editor in 0.00 ms.
Unloading 4266 Unused Serialized files (Serialized files now loaded: 0)
Unloading 83 unused Assets / (0.6 MB). Loaded Objects now: 4716.
Memory consumption went from 162.0 MB to 161.4 MB.
Total: 6.359100 ms (FindLiveObjects: 0.404400 ms CreateObjectMapping: 0.269900 ms MarkObjects: 4.998000 ms  DeleteObjects: 0.684200 ms)

AssetImportParameters requested are different than current active one (requested -> active):
  custom:container-demuxer-ogg: 62fdf1f143b41e24485cea50d1cbac27 -> 
  custom:video-codec-MediaFoundation-h265: 746d11721c4dcdbdad8f713fa42b33f4 -> 
  custom:video-decoder-ogg-theora: a1e56fd34408186e4bbccfd4996cb3dc -> 
  custom:framework-win-MediaFoundation: 216162199b28c13a410421893ffa2e32 -> 
  custom:CustomObjectIndexerAttribute: 6d391050e5a25f67b0a2c618074f2cd9 -> 
  custom:container-demuxer-webm: 4f35f7cbe854078d1ac9338744f61a02 -> 
  custom:container-muxer-webm: aa71ff27fc2769a1b78a27578f13a17b -> 
  custom:video-decoder-webm-vp8: 9c59270c3fd7afecdb556c50c9e8de78 -> 
  custom:SearchIndexIgnoredProperties: e643bd26f0fe6173181afceb89e7c659 -> 
  custom:AudioImporter_EditorPlatform: d09bf68614088b80899f8185d706f6e7 -> 
  custom:video-encoder-webm-vp8: eb34c28f22e8b96e1ab97ce403110664 -> 
  custom:audio-decoder-ogg-vorbis: bf7c407c2cedff20999df2af8eb42d56 -> 
  custom:audio-encoder-webm-vorbis: bf7c407c2cedff20999df2af8eb42d56 -> 
========================================================================
Received Import Request.
  Time since last request: 351109.951504 seconds.
  path: Assets/GUI PRO Kit - Simple Casual/Sprite/Component/Slider/Slider_Demo_Dark/Slider18_Icon_s.png
  artifactKey: Guid(341632f6ffdb84891896dfc493cd6582) Importer(815301076,1909f56bfc062723c751e8b465ee728b)
Start importing Assets/GUI PRO Kit - Simple Casual/Sprite/Component/Slider/Slider_Demo_Dark/Slider18_Icon_s.png using Guid(341632f6ffdb84891896dfc493cd6582) Importer(815301076,1909f56bfc062723c751e8b465ee728b)  -> (artifact id: '3bfb70f77af4093ba5a2dea394579da8') in 0.220370 seconds
Number of updated asset objects reloaded before import = 0
Number of asset objects unloaded after import = 3
========================================================================
Received Import Request.
  Time since last request: 0.000068 seconds.
  path: Assets/GUI PRO Kit - Simple Casual/Sprite/Component/Slider/Slider_Demo_Dark/Slider16_Icon01_1.png
  artifactKey: Guid(25acb4daceaf2453cbb13310b2ba6b36) Importer(815301076,1909f56bfc062723c751e8b465ee728b)
Start importing Assets/GUI PRO Kit - Simple Casual/Sprite/Component/Slider/Slider_Demo_Dark/Slider16_Icon01_1.png using Guid(25acb4daceaf2453cbb13310b2ba6b36) Importer(815301076,1909f56bfc062723c751e8b465ee728b)  -> (artifact id: '14c09c5eeb9f5f8e759d373e0742a3ad') in 0.104316 seconds
Number of updated asset objects reloaded before import = 0
Number of asset objects unloaded after import = 3
========================================================================
Received Import Request.
  Time since last request: 0.000118 seconds.
  path: Assets/GUI PRO Kit - Simple Casual/Sprite/Component/Slider/Slider_Demo_Dark/Slider15_Fill.png
  artifactKey: Guid(84044c2d4b46741b7af1b1376f747379) Importer(815301076,1909f56bfc062723c751e8b465ee728b)
Start importing Assets/GUI PRO Kit - Simple Casual/Sprite/Component/Slider/Slider_Demo_Dark/Slider15_Fill.png using Guid(84044c2d4b46741b7af1b1376f747379) Importer(815301076,1909f56bfc062723c751e8b465ee728b)  -> (artifact id: '788527149697141e0f496d00c2a84402') in 0.081455 seconds
Number of updated asset objects reloaded before import = 0
Number of asset objects unloaded after import = 3
========================================================================
Received Import Request.
  Time since last request: 0.003100 seconds.
  path: Assets/GUI PRO Kit - Simple Casual/Sprite/Component/Slider/Slider_Demo_Dark/Slider15_Handle_Off.png
  artifactKey: Guid(7b157bf6fcaa5436ba4770c4a113a857) Importer(815301076,1909f56bfc062723c751e8b465ee728b)
Start importing Assets/GUI PRO Kit - Simple Casual/Sprite/Component/Slider/Slider_Demo_Dark/Slider15_Handle_Off.png using Guid(7b157bf6fcaa5436ba4770c4a113a857) Importer(815301076,1909f56bfc062723c751e8b465ee728b)  -> (artifact id: '452ba871903c0375921072eb093a55cd') in 0.178013 seconds
Number of updated asset objects reloaded before import = 0
Number of asset objects unloaded after import = 3
========================================================================
Received Import Request.
  Time since last request: 0.000032 seconds.
  path: Assets/GUI PRO Kit - Simple Casual/Sprite/Component/Slider/Slider_Demo_Dark/Slider12_FillArea.png
  artifactKey: Guid(22ddfd4513ed348229e7589ffd95fed6) Importer(815301076,1909f56bfc062723c751e8b465ee728b)
Start importing Assets/GUI PRO Kit - Simple Casual/Sprite/Component/Slider/Slider_Demo_Dark/Slider12_FillArea.png using Guid(22ddfd4513ed348229e7589ffd95fed6) Importer(815301076,1909f56bfc062723c751e8b465ee728b)  -> (artifact id: '7f0f0a303c868d1d4ff8151aa123e02f') in 0.075159 seconds
Number of updated asset objects reloaded before import = 0
Number of asset objects unloaded after import = 3
========================================================================
Received Import Request.
  Time since last request: 0.001645 seconds.
  path: Assets/GUI PRO Kit - Simple Casual/Sprite/Component/Slider/Slider_Demo_Dark/Slider16_Icon01_2.png
  artifactKey: Guid(be03815d82ad74abf847903679568e16) Importer(815301076,1909f56bfc062723c751e8b465ee728b)
Start importing Assets/GUI PRO Kit - Simple Casual/Sprite/Component/Slider/Slider_Demo_Dark/Slider16_Icon01_2.png using Guid(be03815d82ad74abf847903679568e16) Importer(815301076,1909f56bfc062723c751e8b465ee728b)  -> (artifact id: 'dc9e1d4f1aafdbe819589b42129a08c6') in 0.057112 seconds
Number of updated asset objects reloaded before import = 0
Number of asset objects unloaded after import = 3
========================================================================
Received Import Request.
  Time since last request: 0.001455 seconds.
  path: Assets/GUI PRO Kit - Simple Casual/Sprite/Component/Slider/Slider_Demo_Dark/Slider13_Frame.png
  artifactKey: Guid(947b300c3f62b4964ab090c4112cec67) Importer(815301076,1909f56bfc062723c751e8b465ee728b)
Start importing Assets/GUI PRO Kit - Simple Casual/Sprite/Component/Slider/Slider_Demo_Dark/Slider13_Frame.png using Guid(947b300c3f62b4964ab090c4112cec67) Importer(815301076,1909f56bfc062723c751e8b465ee728b)  -> (artifact id: 'dbecab764d2b50bbb76d154dde93f84f') in 0.086515 seconds
Number of updated asset objects reloaded before import = 0
Number of asset objects unloaded after import = 3
========================================================================
Received Import Request.
  Time since last request: 0.004658 seconds.
  path: Assets/GUI PRO Kit - Simple Casual/Sprite/Component/Slider/Slider_Demo_Dark/Slider13_Fill.png
  artifactKey: Guid(e91b20602a9bf4e0e865aaecfcfd04e2) Importer(815301076,1909f56bfc062723c751e8b465ee728b)
Start importing Assets/GUI PRO Kit - Simple Casual/Sprite/Component/Slider/Slider_Demo_Dark/Slider13_Fill.png using Guid(e91b20602a9bf4e0e865aaecfcfd04e2) Importer(815301076,1909f56bfc062723c751e8b465ee728b)  -> (artifact id: '997f2d0642230243db24cfef6a3a54ed') in 0.077874 seconds
Number of updated asset objects reloaded before import = 0
Number of asset objects unloaded after import = 3
========================================================================
Received Import Request.
  Time since last request: 9.915269 seconds.
  path: Assets/GUI PRO Kit - Simple Casual/Sprite/Component/Icon_PictoIcons_(x2)/PictoIcons_128/Pictoicon_write.png
  artifactKey: Guid(688a6b8c2b83045abbc765219a3fae58) Importer(815301076,1909f56bfc062723c751e8b465ee728b)
Start importing Assets/GUI PRO Kit - Simple Casual/Sprite/Component/Icon_PictoIcons_(x2)/PictoIcons_128/Pictoicon_write.png using Guid(688a6b8c2b83045abbc765219a3fae58) Importer(815301076,1909f56bfc062723c751e8b465ee728b)  -> (artifact id: 'ed52358366165c63ae740a46f45c6124') in 0.134893 seconds
Number of updated asset objects reloaded before import = 0
Number of asset objects unloaded after import = 3
========================================================================
Received Import Request.
  Time since last request: 0.000036 seconds.
  path: Assets/GUI PRO Kit - Simple Casual/Sprite/Component/Icon_PictoIcons_(x2)/PictoIcons_512/Pictoicon_trophy_2.png
  artifactKey: Guid(05e0f653819204234a0b92d878e550ad) Importer(815301076,1909f56bfc062723c751e8b465ee728b)
Start importing Assets/GUI PRO Kit - Simple Casual/Sprite/Component/Icon_PictoIcons_(x2)/PictoIcons_512/Pictoicon_trophy_2.png using Guid(05e0f653819204234a0b92d878e550ad) Importer(815301076,1909f56bfc062723c751e8b465ee728b)  -> (artifact id: '25ce32946cd026e448c0ffad2e6a2659') in 0.116962 seconds
Number of updated asset objects reloaded before import = 0
Number of asset objects unloaded after import = 3
========================================================================
Received Import Request.
  Time since last request: 0.000075 seconds.
  path: Assets/GUI PRO Kit - Simple Casual/Sprite/Component/Icon_PictoIcons_(x2)/PictoIcons_256/Pictoicon_zoomin.png
  artifactKey: Guid(683236001acad4684ad6e8aa11ef68e4) Importer(815301076,1909f56bfc062723c751e8b465ee728b)
Start importing Assets/GUI PRO Kit - Simple Casual/Sprite/Component/Icon_PictoIcons_(x2)/PictoIcons_256/Pictoicon_zoomin.png using Guid(683236001acad4684ad6e8aa11ef68e4) Importer(815301076,1909f56bfc062723c751e8b465ee728b)  -> (artifact id: 'ba4bfe33e47fb98d5212a36ec462d897') in 0.089769 seconds
Number of updated asset objects reloaded before import = 0
Number of asset objects unloaded after import = 3
========================================================================
Received Import Request.
  Time since last request: 0.000500 seconds.
  path: Assets/GUI PRO Kit - Simple Casual/Sprite/Component/Icon_PictoIcons_(x2)/PictoIcons_512/Pictoicon_trophy_3.png
  artifactKey: Guid(3f188a38de39a46cb9f3b02db00306a4) Importer(815301076,1909f56bfc062723c751e8b465ee728b)
Start importing Assets/GUI PRO Kit - Simple Casual/Sprite/Component/Icon_PictoIcons_(x2)/PictoIcons_512/Pictoicon_trophy_3.png using Guid(3f188a38de39a46cb9f3b02db00306a4) Importer(815301076,1909f56bfc062723c751e8b465ee728b)  -> (artifact id: '330f0d4c8d43307ebf2715b8d86775c4') in 0.056695 seconds
Number of updated asset objects reloaded before import = 0
Number of asset objects unloaded after import = 3
========================================================================
Received Import Request.
  Time since last request: 0.140578 seconds.
  path: Assets/GUI PRO Kit - Simple Casual/Sprite/Component/Icon_PictoIcons_(x2)/PictoIcons_512/Pictoicon_tip_2.png
  artifactKey: Guid(e5d51549e106645389b6b0ab6dc9cdff) Importer(815301076,1909f56bfc062723c751e8b465ee728b)
Start importing Assets/GUI PRO Kit - Simple Casual/Sprite/Component/Icon_PictoIcons_(x2)/PictoIcons_512/Pictoicon_tip_2.png using Guid(e5d51549e106645389b6b0ab6dc9cdff) Importer(815301076,1909f56bfc062723c751e8b465ee728b)  -> (artifact id: 'd05e126ced26a418c9894902c0768487') in 0.043462 seconds
Number of updated asset objects reloaded before import = 0
Number of asset objects unloaded after import = 3
========================================================================
Received Import Request.
  Time since last request: 0.000384 seconds.
  path: Assets/GUI PRO Kit - Simple Casual/Sprite/Component/Icon_PictoIcons_(x2)/PictoIcons_512/Pictoicon_tool_1.png
  artifactKey: Guid(d43dab1f0fd554ec18f3e205bfcc11b2) Importer(815301076,1909f56bfc062723c751e8b465ee728b)
Start importing Assets/GUI PRO Kit - Simple Casual/Sprite/Component/Icon_PictoIcons_(x2)/PictoIcons_512/Pictoicon_tool_1.png using Guid(d43dab1f0fd554ec18f3e205bfcc11b2) Importer(815301076,1909f56bfc062723c751e8b465ee728b)  -> (artifact id: 'dc931e1c1b2fd9576a13b9840faf7093') in 0.065721 seconds
Number of updated asset objects reloaded before import = 0
Number of asset objects unloaded after import = 3
========================================================================
Received Import Request.
  Time since last request: 0.000030 seconds.
  path: Assets/GUI PRO Kit - Simple Casual/Sprite/Component/Icon_PictoIcons_(x2)/PictoIcons_512/Pictoicon_trophy_1.png
  artifactKey: Guid(d90d9bfb386d64206aee9a6df97d1f68) Importer(815301076,1909f56bfc062723c751e8b465ee728b)
Start importing Assets/GUI PRO Kit - Simple Casual/Sprite/Component/Icon_PictoIcons_(x2)/PictoIcons_512/Pictoicon_trophy_1.png using Guid(d90d9bfb386d64206aee9a6df97d1f68) Importer(815301076,1909f56bfc062723c751e8b465ee728b)  -> (artifact id: '382f06a476a90bd49351f349f1f4bc05') in 0.116067 seconds
Number of updated asset objects reloaded before import = 0
Number of asset objects unloaded after import = 3
========================================================================
Received Import Request.
  Time since last request: 0.000055 seconds.
  path: Assets/GUI PRO Kit - Simple Casual/Sprite/Component/Icon_PictoIcons_(x2)/PictoIcons_512/Pictoicon_thumbnail_2.png
  artifactKey: Guid(906d602c3d8d447b78fa897e2519d792) Importer(815301076,1909f56bfc062723c751e8b465ee728b)
Start importing Assets/GUI PRO Kit - Simple Casual/Sprite/Component/Icon_PictoIcons_(x2)/PictoIcons_512/Pictoicon_thumbnail_2.png using Guid(906d602c3d8d447b78fa897e2519d792) Importer(815301076,1909f56bfc062723c751e8b465ee728b)  -> (artifact id: '6245f6af93e4d5d24ff4d7ac6d0a96d7') in 0.365012 seconds
Number of updated asset objects reloaded before import = 0
Number of asset objects unloaded after import = 3
========================================================================
Received Import Request.
  Time since last request: 0.002796 seconds.
  path: Assets/GUI PRO Kit - Simple Casual/Sprite/Component/Icon_PictoIcons_(x2)/PictoIcons_128/Pictoicon_trophy_1.png
  artifactKey: Guid(b91fae303c7d14dc6960ec0f0e469ad8) Importer(815301076,1909f56bfc062723c751e8b465ee728b)
Start importing Assets/GUI PRO Kit - Simple Casual/Sprite/Component/Icon_PictoIcons_(x2)/PictoIcons_128/Pictoicon_trophy_1.png using Guid(b91fae303c7d14dc6960ec0f0e469ad8) Importer(815301076,1909f56bfc062723c751e8b465ee728b)  -> (artifact id: 'aa17aac80aa249941e67a931a632f1a6') in 0.066213 seconds
Number of updated asset objects reloaded before import = 0
Number of asset objects unloaded after import = 3
========================================================================
Received Import Request.
  Time since last request: 0.004796 seconds.
  path: Assets/GUI PRO Kit - Simple Casual/Sprite/Component/Icon_PictoIcons_(x2)/PictoIcons_256/Pictoicon_tree.png
  artifactKey: Guid(1a0ef0e30713540fea9c2f2e75b7f840) Importer(815301076,1909f56bfc062723c751e8b465ee728b)
Start importing Assets/GUI PRO Kit - Simple Casual/Sprite/Component/Icon_PictoIcons_(x2)/PictoIcons_256/Pictoicon_tree.png using Guid(1a0ef0e30713540fea9c2f2e75b7f840) Importer(815301076,1909f56bfc062723c751e8b465ee728b)  -> (artifact id: 'ef83cff7c4dbbb9147168151cb1f6e72') in 0.069348 seconds
Number of updated asset objects reloaded before import = 0
Number of asset objects unloaded after import = 3
========================================================================
Received Import Request.
  Time since last request: 0.000028 seconds.
  path: Assets/GUI PRO Kit - Simple Casual/Sprite/Component/Icon_PictoIcons_(x2)/PictoIcons_128/Pictoicon_tool_1.png
  artifactKey: Guid(015ceab356d9e451390ec28a35e9331c) Importer(815301076,1909f56bfc062723c751e8b465ee728b)
Start importing Assets/GUI PRO Kit - Simple Casual/Sprite/Component/Icon_PictoIcons_(x2)/PictoIcons_128/Pictoicon_tool_1.png using Guid(015ceab356d9e451390ec28a35e9331c) Importer(815301076,1909f56bfc062723c751e8b465ee728b)  -> (artifact id: '8a739214f13fbea89e4b81008a798b05') in 0.061588 seconds
Number of updated asset objects reloaded before import = 0
Number of asset objects unloaded after import = 3
========================================================================
Received Import Request.
  Time since last request: 3.765833 seconds.
  path: Assets/GUI PRO Kit - Simple Casual/Sprite/Component/Icon_PictoIcons_(x2)/PictoIcons_256/Pictoicon_symbol_warning.png
  artifactKey: Guid(ff049ba30aa34449fa24c68626d26320) Importer(815301076,1909f56bfc062723c751e8b465ee728b)
Start importing Assets/GUI PRO Kit - Simple Casual/Sprite/Component/Icon_PictoIcons_(x2)/PictoIcons_256/Pictoicon_symbol_warning.png using Guid(ff049ba30aa34449fa24c68626d26320) Importer(815301076,1909f56bfc062723c751e8b465ee728b)  -> (artifact id: 'af9545f642e94fc2e57699e233d0c26d') in 0.148579 seconds
Number of updated asset objects reloaded before import = 0
Number of asset objects unloaded after import = 3
========================================================================
Received Import Request.
  Time since last request: 0.000561 seconds.
  path: Assets/GUI PRO Kit - Simple Casual/Sprite/Component/Icon_PictoIcons_(x2)/PictoIcons_256/Pictoicon_spear.png
  artifactKey: Guid(e0c726bc789c14014b8939c76a616a7b) Importer(815301076,1909f56bfc062723c751e8b465ee728b)
Start importing Assets/GUI PRO Kit - Simple Casual/Sprite/Component/Icon_PictoIcons_(x2)/PictoIcons_256/Pictoicon_spear.png using Guid(e0c726bc789c14014b8939c76a616a7b) Importer(815301076,1909f56bfc062723c751e8b465ee728b)  -> (artifact id: '54011e3b22132b9f2295780219400147') in 0.107878 seconds
Number of updated asset objects reloaded before import = 0
Number of asset objects unloaded after import = 3
========================================================================
Received Import Request.
  Time since last request: 0.000716 seconds.
  path: Assets/GUI PRO Kit - Simple Casual/Sprite/Component/Icon_PictoIcons_(x2)/PictoIcons_256/Pictoicon_star_line.png
  artifactKey: Guid(a07a4abfeaf79424883cdb878e9c0cb1) Importer(815301076,1909f56bfc062723c751e8b465ee728b)
Start importing Assets/GUI PRO Kit - Simple Casual/Sprite/Component/Icon_PictoIcons_(x2)/PictoIcons_256/Pictoicon_star_line.png using Guid(a07a4abfeaf79424883cdb878e9c0cb1) Importer(815301076,1909f56bfc062723c751e8b465ee728b)  -> (artifact id: '3bf37665facb0cc73bd12770ee50cb3a') in 0.066097 seconds
Number of updated asset objects reloaded before import = 0
Number of asset objects unloaded after import = 3
========================================================================
Received Import Request.
  Time since last request: 0.001435 seconds.
  path: Assets/GUI PRO Kit - Simple Casual/Sprite/Component/Icon_PictoIcons_(x2)/PictoIcons_256/Pictoicon_siren.png
  artifactKey: Guid(a4a80b49259114d158b6d31f85065f30) Importer(815301076,1909f56bfc062723c751e8b465ee728b)
Start importing Assets/GUI PRO Kit - Simple Casual/Sprite/Component/Icon_PictoIcons_(x2)/PictoIcons_256/Pictoicon_siren.png using Guid(a4a80b49259114d158b6d31f85065f30) Importer(815301076,1909f56bfc062723c751e8b465ee728b)  -> (artifact id: '897bd9db138615d78befe52cd56fdd0e') in 0.107792 seconds
Number of updated asset objects reloaded before import = 0
Number of asset objects unloaded after import = 3
========================================================================
Received Import Request.
  Time since last request: 0.000027 seconds.
  path: Assets/GUI PRO Kit - Simple Casual/Sprite/Component/Icon_PictoIcons_(x2)/PictoIcons_256/Pictoicon_star.png
  artifactKey: Guid(2e48104c8fbc14c29a3e114feac7ce11) Importer(815301076,1909f56bfc062723c751e8b465ee728b)
Start importing Assets/GUI PRO Kit - Simple Casual/Sprite/Component/Icon_PictoIcons_(x2)/PictoIcons_256/Pictoicon_star.png using Guid(2e48104c8fbc14c29a3e114feac7ce11) Importer(815301076,1909f56bfc062723c751e8b465ee728b)  -> (artifact id: 'effe25aec73d350626c2d6780e96ceb1') in 0.113188 seconds
Number of updated asset objects reloaded before import = 0
Number of asset objects unloaded after import = 3
========================================================================
Received Import Request.
  Time since last request: 0.531641 seconds.
  path: Assets/GUI PRO Kit - Simple Casual/Sprite/Component/Icon_PictoIcons_(x2)/PictoIcons_256/Pictoicon_ship.png
  artifactKey: Guid(95e3f9e49e6d042ac8cd2955ea74ddd1) Importer(815301076,1909f56bfc062723c751e8b465ee728b)
Start importing Assets/GUI PRO Kit - Simple Casual/Sprite/Component/Icon_PictoIcons_(x2)/PictoIcons_256/Pictoicon_ship.png using Guid(95e3f9e49e6d042ac8cd2955ea74ddd1) Importer(815301076,1909f56bfc062723c751e8b465ee728b)  -> (artifact id: 'd278ab8dcc1ae97a0cca85f43ce51f3f') in 0.049999 seconds
Number of updated asset objects reloaded before import = 0
Number of asset objects unloaded after import = 3
========================================================================
Received Import Request.
  Time since last request: 0.779686 seconds.
  path: Assets/GUI PRO Kit - Simple Casual/Sprite/Component/Icon_PictoIcons_(x2)/PictoIcons_256/Pictoicon_setting_3.png
  artifactKey: Guid(c87fb7d44f9864ffbb6ee4fc47d6b6ce) Importer(815301076,1909f56bfc062723c751e8b465ee728b)
Start importing Assets/GUI PRO Kit - Simple Casual/Sprite/Component/Icon_PictoIcons_(x2)/PictoIcons_256/Pictoicon_setting_3.png using Guid(c87fb7d44f9864ffbb6ee4fc47d6b6ce) Importer(815301076,1909f56bfc062723c751e8b465ee728b)  -> (artifact id: '6321d866b1053f31b5740dfca0e65af7') in 0.045121 seconds
Number of updated asset objects reloaded before import = 0
Number of asset objects unloaded after import = 3
========================================================================
Received Import Request.
  Time since last request: 0.359967 seconds.
  path: Assets/GUI PRO Kit - Simple Casual/Sprite/Component/Icon_PictoIcons_(x2)/PictoIcons_256/Pictoicon_scan.png
  artifactKey: Guid(5c32f0f28699d4635aacb55c84bb1495) Importer(815301076,1909f56bfc062723c751e8b465ee728b)
Start importing Assets/GUI PRO Kit - Simple Casual/Sprite/Component/Icon_PictoIcons_(x2)/PictoIcons_256/Pictoicon_scan.png using Guid(5c32f0f28699d4635aacb55c84bb1495) Importer(815301076,1909f56bfc062723c751e8b465ee728b)  -> (artifact id: 'a61f41e19cf019e313901ef7587c97bf') in 0.050234 seconds
Number of updated asset objects reloaded before import = 0
Number of asset objects unloaded after import = 3
========================================================================
Received Import Request.
  Time since last request: 3.833633 seconds.
  path: Assets/GUI PRO Kit - Simple Casual/Sprite/Component/Icon_PictoIcons_(x2)/PictoIcons_128/Pictoicon_music_on.png
  artifactKey: Guid(cbc65e37675d041a4885c723d4308380) Importer(815301076,1909f56bfc062723c751e8b465ee728b)
Start importing Assets/GUI PRO Kit - Simple Casual/Sprite/Component/Icon_PictoIcons_(x2)/PictoIcons_128/Pictoicon_music_on.png using Guid(cbc65e37675d041a4885c723d4308380) Importer(815301076,1909f56bfc062723c751e8b465ee728b)  -> (artifact id: '096566e34a6a6c83ebd985591329eda1') in 0.089751 seconds
Number of updated asset objects reloaded before import = 0
Number of asset objects unloaded after import = 3
========================================================================
Received Import Request.
  Time since last request: 290.341489 seconds.
  path: Assets/GUI PRO Kit - Simple Casual/Sprite/Component/Icon_PictoIcons_(x2)/PictoIcons_256/Pictoicon_sun.png
  artifactKey: Guid(595f84a1f9300458d8db7fcb142f168c) Importer(815301076,1909f56bfc062723c751e8b465ee728b)
Start importing Assets/GUI PRO Kit - Simple Casual/Sprite/Component/Icon_PictoIcons_(x2)/PictoIcons_256/Pictoicon_sun.png using Guid(595f84a1f9300458d8db7fcb142f168c) Importer(815301076,1909f56bfc062723c751e8b465ee728b)  -> (artifact id: 'e064f7ad77d29e9f11612cd2ec63a195') in 0.062564 seconds
Number of updated asset objects reloaded before import = 0
Number of asset objects unloaded after import = 3
========================================================================
Received Import Request.
  Time since last request: 87.673335 seconds.
  path: Assets/SLOTI/Layer Lab/GUI Pro-FantasyRPG/ResourcesData/Particles/Textures/fx_star1.png
  artifactKey: Guid(406bbad3262f641588ffe77b93d48b46) Importer(815301076,1909f56bfc062723c751e8b465ee728b)
Start importing Assets/SLOTI/Layer Lab/GUI Pro-FantasyRPG/ResourcesData/Particles/Textures/fx_star1.png using Guid(406bbad3262f641588ffe77b93d48b46) Importer(815301076,1909f56bfc062723c751e8b465ee728b)  -> (artifact id: 'a9356ffcc0c43b224d5c008753a118a7') in 0.082380 seconds
Number of updated asset objects reloaded before import = 0
Number of asset objects unloaded after import = 3
========================================================================
Received Import Request.
  Time since last request: 0.200270 seconds.
  path: Assets/SLOTI/Layer Lab/GUI Pro-FantasyRPG/ResourcesData/Particles/Textures/fx_glow1.png
  artifactKey: Guid(a14382567192c4fc98d48eaef7301e12) Importer(815301076,1909f56bfc062723c751e8b465ee728b)
Start importing Assets/SLOTI/Layer Lab/GUI Pro-FantasyRPG/ResourcesData/Particles/Textures/fx_glow1.png using Guid(a14382567192c4fc98d48eaef7301e12) Importer(815301076,1909f56bfc062723c751e8b465ee728b)  -> (artifact id: '9d3c370feb1fe0f8829a43f2156b0a98') in 0.062945 seconds
Number of updated asset objects reloaded before import = 0
Number of asset objects unloaded after import = 3
========================================================================
Received Import Request.
  Time since last request: 101.328245 seconds.
  path: Assets/GUI PRO Kit - Simple Casual/Sprite/Component/Icon_PictoIcons_(x2)/PictoIcons_256/Pictoicon_switch.png
  artifactKey: Guid(05cb1cf7d8be843e9b4852a830ed8df9) Importer(815301076,1909f56bfc062723c751e8b465ee728b)
Start importing Assets/GUI PRO Kit - Simple Casual/Sprite/Component/Icon_PictoIcons_(x2)/PictoIcons_256/Pictoicon_switch.png using Guid(05cb1cf7d8be843e9b4852a830ed8df9) Importer(815301076,1909f56bfc062723c751e8b465ee728b)  -> (artifact id: 'eb3ed2c56a82afd446887a7eddd48eac') in 0.055788 seconds
Number of updated asset objects reloaded before import = 0
Number of asset objects unloaded after import = 3
========================================================================
Received Import Request.
  Time since last request: 0.060201 seconds.
  path: Assets/GUI PRO Kit - Simple Casual/Sprite/Component/Icon_PictoIcons_(x2)/PictoIcons_256/Pictoicon_symbol_info.png
  artifactKey: Guid(2da38c5666a384e9f96fa40779070af6) Importer(815301076,1909f56bfc062723c751e8b465ee728b)
Start importing Assets/GUI PRO Kit - Simple Casual/Sprite/Component/Icon_PictoIcons_(x2)/PictoIcons_256/Pictoicon_symbol_info.png using Guid(2da38c5666a384e9f96fa40779070af6) Importer(815301076,1909f56bfc062723c751e8b465ee728b)  -> (artifact id: '7536613cc893065b9d6a9804c4494510') in 0.083251 seconds
Number of updated asset objects reloaded before import = 0
Number of asset objects unloaded after import = 3
========================================================================
Received Import Request.
  Time since last request: 0.001801 seconds.
  path: Assets/GUI PRO Kit - Simple Casual/Sprite/Component/Icon_PictoIcons_(x2)/PictoIcons_512/Pictoicon_symbol_plus.png
  artifactKey: Guid(78560717a51a14f78ba953c056a054a0) Importer(815301076,1909f56bfc062723c751e8b465ee728b)
Start importing Assets/GUI PRO Kit - Simple Casual/Sprite/Component/Icon_PictoIcons_(x2)/PictoIcons_512/Pictoicon_symbol_plus.png using Guid(78560717a51a14f78ba953c056a054a0) Importer(815301076,1909f56bfc062723c751e8b465ee728b)  -> (artifact id: '1194173539879a9f41f9adf1c3c28591') in 0.057680 seconds
Number of updated asset objects reloaded before import = 0
Number of asset objects unloaded after import = 3
========================================================================
Received Import Request.
  Time since last request: 0.000258 seconds.
  path: Assets/GUI PRO Kit - Simple Casual/Sprite/Component/Icon_PictoIcons_(x2)/PictoIcons_128/Pictoicon_window_min.png
  artifactKey: Guid(e1d1b10d726804afdae82c22cd038ccc) Importer(815301076,1909f56bfc062723c751e8b465ee728b)
Start importing Assets/GUI PRO Kit - Simple Casual/Sprite/Component/Icon_PictoIcons_(x2)/PictoIcons_128/Pictoicon_window_min.png using Guid(e1d1b10d726804afdae82c22cd038ccc) Importer(815301076,1909f56bfc062723c751e8b465ee728b)  -> (artifact id: 'faa371e44cea28c6376c61c26acb5b07') in 0.057983 seconds
Number of updated asset objects reloaded before import = 0
Number of asset objects unloaded after import = 3
========================================================================
Received Import Request.
  Time since last request: 0.000547 seconds.
  path: Assets/GUI PRO Kit - Simple Casual/Sprite/Component/Icon_PictoIcons_(x2)/PictoIcons_256/Pictoicon_symbol_minus.png
  artifactKey: Guid(274da4909b4cf443a955491f7dbc3950) Importer(815301076,1909f56bfc062723c751e8b465ee728b)
Start importing Assets/GUI PRO Kit - Simple Casual/Sprite/Component/Icon_PictoIcons_(x2)/PictoIcons_256/Pictoicon_symbol_minus.png using Guid(274da4909b4cf443a955491f7dbc3950) Importer(815301076,1909f56bfc062723c751e8b465ee728b)  -> (artifact id: '798978354df16c0713e755e5d871b7d6') in 0.131281 seconds
Number of updated asset objects reloaded before import = 0
Number of asset objects unloaded after import = 3
========================================================================
Received Import Request.
  Time since last request: 0.009898 seconds.
  path: Assets/GUI PRO Kit - Simple Casual/Sprite/Component/Icon_PictoIcons_(x2)/PictoIcons_256/Pictoicon_window_max.png
  artifactKey: Guid(c9070b4669a6b42f9b18f70a94bfb070) Importer(815301076,1909f56bfc062723c751e8b465ee728b)
Start importing Assets/GUI PRO Kit - Simple Casual/Sprite/Component/Icon_PictoIcons_(x2)/PictoIcons_256/Pictoicon_window_max.png using Guid(c9070b4669a6b42f9b18f70a94bfb070) Importer(815301076,1909f56bfc062723c751e8b465ee728b)  -> (artifact id: 'cdf3e7c3902a18a8a58d9917c5bed9ab') in 0.162162 seconds
Number of updated asset objects reloaded before import = 0
Number of asset objects unloaded after import = 3
========================================================================
Received Import Request.
  Time since last request: 0.000034 seconds.
  path: Assets/GUI PRO Kit - Simple Casual/Sprite/Component/Icon_PictoIcons_(x2)/PictoIcons_512/Pictoicon_symbol_check.png
  artifactKey: Guid(8f7fd00832073494fa9efa8dfa623ef0) Importer(815301076,1909f56bfc062723c751e8b465ee728b)
Start importing Assets/GUI PRO Kit - Simple Casual/Sprite/Component/Icon_PictoIcons_(x2)/PictoIcons_512/Pictoicon_symbol_check.png using Guid(8f7fd00832073494fa9efa8dfa623ef0) Importer(815301076,1909f56bfc062723c751e8b465ee728b)  -> (artifact id: 'ee5e893721960aa7ae61513f280c8665') in 0.070357 seconds
Number of updated asset objects reloaded before import = 0
Number of asset objects unloaded after import = 3
========================================================================
Received Import Request.
  Time since last request: 8.249813 seconds.
  path: Assets/GUI PRO Kit - Simple Casual/Sprite/Component/Icon_PictoIcons_(x2)/PictoIcons_512/Pictoicon_timer.png
  artifactKey: Guid(3417724c999d7413ebc063842d4b5ec0) Importer(815301076,1909f56bfc062723c751e8b465ee728b)
Start importing Assets/GUI PRO Kit - Simple Casual/Sprite/Component/Icon_PictoIcons_(x2)/PictoIcons_512/Pictoicon_timer.png using Guid(3417724c999d7413ebc063842d4b5ec0) Importer(815301076,1909f56bfc062723c751e8b465ee728b)  -> (artifact id: 'd3ec5ac68d7ce08380506353b6f750a6') in 0.045116 seconds
Number of updated asset objects reloaded before import = 0
Number of asset objects unloaded after import = 3
========================================================================
Received Import Request.
  Time since last request: 0.004420 seconds.
  path: Assets/GUI PRO Kit - Simple Casual/Sprite/Component/Icon_PictoIcons_(x2)/PictoIcons_128/Pictoicon_tip_1.png
  artifactKey: Guid(ead0358e932594fcbb74262aa203f846) Importer(815301076,1909f56bfc062723c751e8b465ee728b)
Start importing Assets/GUI PRO Kit - Simple Casual/Sprite/Component/Icon_PictoIcons_(x2)/PictoIcons_128/Pictoicon_tip_1.png using Guid(ead0358e932594fcbb74262aa203f846) Importer(815301076,1909f56bfc062723c751e8b465ee728b)  -> (artifact id: '4dfa6ad391f5986df055586b1f7b3a53') in 0.159898 seconds
Number of updated asset objects reloaded before import = 0
Number of asset objects unloaded after import = 3
========================================================================
Received Import Request.
  Time since last request: 0.414303 seconds.
  path: Assets/GUI PRO Kit - Simple Casual/Sprite/Component/Icon_PictoIcons_(x2)/PictoIcons_256/Pictoicon_symbol_sea.png
  artifactKey: Guid(ea99f2db90562482dbe1d22db1e7ade6) Importer(815301076,1909f56bfc062723c751e8b465ee728b)
Start importing Assets/GUI PRO Kit - Simple Casual/Sprite/Component/Icon_PictoIcons_(x2)/PictoIcons_256/Pictoicon_symbol_sea.png using Guid(ea99f2db90562482dbe1d22db1e7ade6) Importer(815301076,1909f56bfc062723c751e8b465ee728b)  -> (artifact id: 'abc31969f3625ea85571eadc100fc44f') in 0.097871 seconds
Number of updated asset objects reloaded before import = 0
Number of asset objects unloaded after import = 3
========================================================================
Received Import Request.
  Time since last request: 0.019589 seconds.
  path: Assets/GUI PRO Kit - Simple Casual/Sprite/Component/Icon_PictoIcons_(x2)/PictoIcons_256/Pictoicon_shoot_target.png
  artifactKey: Guid(ca145601048f1494999cf45e61e8cb56) Importer(815301076,1909f56bfc062723c751e8b465ee728b)
Start importing Assets/GUI PRO Kit - Simple Casual/Sprite/Component/Icon_PictoIcons_(x2)/PictoIcons_256/Pictoicon_shoot_target.png using Guid(ca145601048f1494999cf45e61e8cb56) Importer(815301076,1909f56bfc062723c751e8b465ee728b)  -> (artifact id: 'e76f189d57095bad424fd89835b9502c') in 0.102314 seconds
Number of updated asset objects reloaded before import = 0
Number of asset objects unloaded after import = 3
========================================================================
Received Prepare
Begin MonoManager ReloadAssembly
- Loaded All Assemblies, in  0.443 seconds
Refreshing native plugins compatible for Editor in 5.73 ms, found 7 plugins.
Native extension for WindowsStandalone target not found
Native extension for Android target not found
[Package Manager] Server::EnsureServerProcessIsRunning -- launch failed, reason: Unity was launched with the -noUpm command-line argument
[Package Manager] UpmClient::Send -- Unable to send message (not connected to UPM process).
[Package Manager] Cannot connect to Unity Package Manager local server
Mono: successfully reloaded assembly
- Finished resetting the current domain, in  0.974 seconds
Domain Reload Profiling: 1416ms
	BeginReloadAssembly (159ms)
		ExecutionOrderSort (0ms)
		DisableScriptedObjects (9ms)
		BackupInstance (0ms)
		ReleaseScriptingObjects (0ms)
		CreateAndSetChildDomain (39ms)
	RebuildCommonClasses (30ms)
	RebuildNativeTypeToScriptingClass (11ms)
	initialDomainReloadingComplete (28ms)
	LoadAllAssembliesAndSetupDomain (213ms)
		LoadAssemblies (281ms)
		RebuildTransferFunctionScriptingTraits (0ms)
		AnalyzeDomain (16ms)
			TypeCache.Refresh (7ms)
				TypeCache.ScanAssembly (0ms)
			ScanForSourceGeneratedMonoScriptInfo (0ms)
			ResolveRequiredComponents (7ms)
	FinalizeReload (975ms)
		ReleaseScriptCaches (0ms)
		RebuildScriptCaches (0ms)
		SetupLoadedEditorAssemblies (410ms)
			LogAssemblyErrors (0ms)
			InitializePlatformSupportModulesInManaged (25ms)
			SetLoadedEditorAssemblies (3ms)
			RefreshPlugins (0ms)
			BeforeProcessingInitializeOnLoad (61ms)
			ProcessInitializeOnLoadAttributes (275ms)
			ProcessInitializeOnLoadMethodAttributes (39ms)
			AfterProcessingInitializeOnLoad (7ms)
			EditorAssembliesLoaded (0ms)
		ExecutionOrderSort2 (0ms)
		AwakeInstancesAfterBackupRestoration (13ms)
Refreshing native plugins compatible for Editor in 5.56 ms, found 7 plugins.
Preloading 0 native plugins for Editor in 0.00 ms.
Unloading 4244 Unused Serialized files (Serialized files now loaded: 0)
Unloading 55 unused Assets / (0.6 MB). Loaded Objects now: 4750.
Memory consumption went from 157.7 MB to 157.2 MB.
Total: 3.131300 ms (FindLiveObjects: 0.245900 ms CreateObjectMapping: 0.129400 ms MarkObjects: 2.399500 ms  DeleteObjects: 0.354700 ms)

Prepare: number of updated asset objects reloaded= 0
AssetImportParameters requested are different than current active one (requested -> active):
  custom:container-demuxer-ogg: 62fdf1f143b41e24485cea50d1cbac27 -> 
  custom:video-codec-MediaFoundation-h265: 746d11721c4dcdbdad8f713fa42b33f4 -> 
  custom:video-decoder-ogg-theora: a1e56fd34408186e4bbccfd4996cb3dc -> 
  custom:framework-win-MediaFoundation: 216162199b28c13a410421893ffa2e32 -> 
  custom:CustomObjectIndexerAttribute: 6d391050e5a25f67b0a2c618074f2cd9 -> 
  custom:container-demuxer-webm: 4f35f7cbe854078d1ac9338744f61a02 -> 
  custom:container-muxer-webm: aa71ff27fc2769a1b78a27578f13a17b -> 
  custom:video-decoder-webm-vp8: 9c59270c3fd7afecdb556c50c9e8de78 -> 
  custom:SearchIndexIgnoredProperties: e643bd26f0fe6173181afceb89e7c659 -> 
  custom:AudioImporter_EditorPlatform: d09bf68614088b80899f8185d706f6e7 -> 
  custom:video-encoder-webm-vp8: eb34c28f22e8b96e1ab97ce403110664 -> 
  custom:audio-decoder-ogg-vorbis: bf7c407c2cedff20999df2af8eb42d56 -> 
  custom:audio-encoder-webm-vorbis: bf7c407c2cedff20999df2af8eb42d56 -> 
