Using pre-set license
Built from '2022.3/release' branch; Version is '2022.3.20f1 (61c2feb0970d) revision 6406910'; Using compiler version '192829333'; Build Type 'Release'
OS: 'Windows 11  (10.0.22621) 64bit Core' Language: 'ru' Physical Memory: 32581 MB
BatchMode: 1, IsHumanControllingUs: 0, StartBugReporterOnCrash: 0, Is64bit: 1, IsPro: 1

COMMAND LINE ARGUMENTS:
C:\Program Files\Unity\Hub\Editor\2022.3.20f1\Editor\Unity.exe
-adb2
-batchMode
-noUpm
-name
AssetImportWorker1
-projectPath
D:/hub(not porn)/FileProject/KnightSlotGit/KnighteSlot/Hacker slots
-logFile
Logs/AssetImportWorker1.log
-srvPort
53650
Successfully changed project path to: D:/hub(not porn)/FileProject/KnightSlotGit/KnighteSlot/Hacker slots
D:/hub(not porn)/FileProject/KnightSlotGit/KnighteSlot/Hacker slots
[UnityMemory] Configuration Parameters - Can be set up in boot.config
    "memorysetup-bucket-allocator-granularity=16"
    "memorysetup-bucket-allocator-bucket-count=8"
    "memorysetup-bucket-allocator-block-size=33554432"
    "memorysetup-bucket-allocator-block-count=8"
    "memorysetup-main-allocator-block-size=16777216"
    "memorysetup-thread-allocator-block-size=16777216"
    "memorysetup-gfx-main-allocator-block-size=16777216"
    "memorysetup-gfx-thread-allocator-block-size=16777216"
    "memorysetup-cache-allocator-block-size=4194304"
    "memorysetup-typetree-allocator-block-size=2097152"
    "memorysetup-profiler-bucket-allocator-granularity=16"
    "memorysetup-profiler-bucket-allocator-bucket-count=8"
    "memorysetup-profiler-bucket-allocator-block-size=33554432"
    "memorysetup-profiler-bucket-allocator-block-count=8"
    "memorysetup-profiler-allocator-block-size=16777216"
    "memorysetup-profiler-editor-allocator-block-size=1048576"
    "memorysetup-temp-allocator-size-main=16777216"
    "memorysetup-job-temp-allocator-block-size=2097152"
    "memorysetup-job-temp-allocator-block-size-background=1048576"
    "memorysetup-job-temp-allocator-reduction-small-platforms=262144"
    "memorysetup-allocator-temp-initial-block-size-main=262144"
    "memorysetup-allocator-temp-initial-block-size-worker=262144"
    "memorysetup-temp-allocator-size-background-worker=32768"
    "memorysetup-temp-allocator-size-job-worker=262144"
    "memorysetup-temp-allocator-size-preload-manager=33554432"
    "memorysetup-temp-allocator-size-nav-mesh-worker=65536"
    "memorysetup-temp-allocator-size-audio-worker=65536"
    "memorysetup-temp-allocator-size-cloud-worker=32768"
    "memorysetup-temp-allocator-size-gi-baking-worker=262144"
    "memorysetup-temp-allocator-size-gfx=262144"
Player connection [43304] Host "[IP] 192.168.3.144 [Port] 0 [Flags] 2 [Guid] 1584008061 [EditorId] 1584008061 [Version] 1048832 [Id] WindowsEditor(7,Kael) [Debug] 1 [PackageName] WindowsEditor [ProjectName] Editor" joined multi-casting on [225.0.0.222:54997]...

Player connection [43304] Host "[IP] 192.168.3.144 [Port] 0 [Flags] 2 [Guid] 1584008061 [EditorId] 1584008061 [Version] 1048832 [Id] WindowsEditor(7,Kael) [Debug] 1 [PackageName] WindowsEditor [ProjectName] Editor" joined alternative multi-casting on [225.0.0.222:34997]...

[Physics::Module] Initialized MultithreadedJobDispatcher with 11 workers.
Refreshing native plugins compatible for Editor in 10.34 ms, found 7 plugins.
Preloading 0 native plugins for Editor in 0.00 ms.
Initialize engine version: 2022.3.20f1 (61c2feb0970d)
[Subsystems] Discovering subsystems at path C:/Program Files/Unity/Hub/Editor/2022.3.20f1/Editor/Data/Resources/UnitySubsystems
[Subsystems] Discovering subsystems at path D:/hub(not porn)/FileProject/KnightSlotGit/KnighteSlot/Hacker slots/Assets
GfxDevice: creating device client; threaded=0; jobified=0
Direct3D:
    Version:  Direct3D 11.0 [level 11.1]
    Renderer: NVIDIA GeForce RTX 4060 Ti (ID=0x2803)
    Vendor:   NVIDIA
    VRAM:     7963 MB
    Driver:   31.0.15.3203
Initialize mono
Mono path[0] = 'C:/Program Files/Unity/Hub/Editor/2022.3.20f1/Editor/Data/Managed'
Mono path[1] = 'C:/Program Files/Unity/Hub/Editor/2022.3.20f1/Editor/Data/MonoBleedingEdge/lib/mono/unityjit-win32'
Mono config path = 'C:/Program Files/Unity/Hub/Editor/2022.3.20f1/Editor/Data/MonoBleedingEdge/etc'
Using monoOptions --debugger-agent=transport=dt_socket,embedding=1,server=y,suspend=n,address=127.0.0.1:56940
Begin MonoManager ReloadAssembly
Registering precompiled unity dll's ...
Register platform support module: C:/Program Files/Unity/Hub/Editor/2022.3.20f1/Editor/Data/PlaybackEngines/AndroidPlayer/UnityEditor.Android.Extensions.dll
Register platform support module: C:/Program Files/Unity/Hub/Editor/2022.3.20f1/Editor/Data/PlaybackEngines/WindowsStandaloneSupport/UnityEditor.WindowsStandalone.Extensions.dll
Registered in 0.006149 seconds.
- Loaded All Assemblies, in  0.362 seconds
Native extension for WindowsStandalone target not found
Native extension for Android target not found
Android Extension - Scanning For ADB Devices 272 ms
Mono: successfully reloaded assembly
- Finished resetting the current domain, in  0.645 seconds
Domain Reload Profiling: 1006ms
	BeginReloadAssembly (115ms)
		ExecutionOrderSort (0ms)
		DisableScriptedObjects (0ms)
		BackupInstance (0ms)
		ReleaseScriptingObjects (0ms)
		CreateAndSetChildDomain (1ms)
	RebuildCommonClasses (32ms)
	RebuildNativeTypeToScriptingClass (9ms)
	initialDomainReloadingComplete (54ms)
	LoadAllAssembliesAndSetupDomain (151ms)
		LoadAssemblies (113ms)
		RebuildTransferFunctionScriptingTraits (0ms)
		AnalyzeDomain (149ms)
			TypeCache.Refresh (148ms)
				TypeCache.ScanAssembly (134ms)
			ScanForSourceGeneratedMonoScriptInfo (0ms)
			ResolveRequiredComponents (0ms)
	FinalizeReload (645ms)
		ReleaseScriptCaches (0ms)
		RebuildScriptCaches (0ms)
		SetupLoadedEditorAssemblies (579ms)
			LogAssemblyErrors (0ms)
			InitializePlatformSupportModulesInManaged (410ms)
			SetLoadedEditorAssemblies (5ms)
			RefreshPlugins (0ms)
			BeforeProcessingInitializeOnLoad (2ms)
			ProcessInitializeOnLoadAttributes (115ms)
			ProcessInitializeOnLoadMethodAttributes (47ms)
			AfterProcessingInitializeOnLoad (0ms)
			EditorAssembliesLoaded (0ms)
		ExecutionOrderSort2 (0ms)
		AwakeInstancesAfterBackupRestoration (0ms)
========================================================================
Worker process is ready to serve import requests
Begin MonoManager ReloadAssembly
- Loaded All Assemblies, in  0.711 seconds
Refreshing native plugins compatible for Editor in 5.71 ms, found 7 plugins.
Native extension for WindowsStandalone target not found
Native extension for Android target not found
Package Manager log level set to [2]
[Package Manager] Server::EnsureServerProcessIsRunning -- launch failed, reason: Unity was launched with the -noUpm command-line argument
[Package Manager] UpmClient::Send -- Unable to send message (not connected to UPM process).
[Package Manager] Cannot connect to Unity Package Manager local server
Mono: successfully reloaded assembly
- Finished resetting the current domain, in  0.722 seconds
Domain Reload Profiling: 1432ms
	BeginReloadAssembly (176ms)
		ExecutionOrderSort (0ms)
		DisableScriptedObjects (5ms)
		BackupInstance (0ms)
		ReleaseScriptingObjects (0ms)
		CreateAndSetChildDomain (26ms)
	RebuildCommonClasses (39ms)
	RebuildNativeTypeToScriptingClass (15ms)
	initialDomainReloadingComplete (44ms)
	LoadAllAssembliesAndSetupDomain (436ms)
		LoadAssemblies (341ms)
		RebuildTransferFunctionScriptingTraits (0ms)
		AnalyzeDomain (189ms)
			TypeCache.Refresh (160ms)
				TypeCache.ScanAssembly (144ms)
			ScanForSourceGeneratedMonoScriptInfo (22ms)
			ResolveRequiredComponents (5ms)
	FinalizeReload (723ms)
		ReleaseScriptCaches (0ms)
		RebuildScriptCaches (0ms)
		SetupLoadedEditorAssemblies (527ms)
			LogAssemblyErrors (0ms)
			InitializePlatformSupportModulesInManaged (28ms)
			SetLoadedEditorAssemblies (4ms)
			RefreshPlugins (0ms)
			BeforeProcessingInitializeOnLoad (63ms)
			ProcessInitializeOnLoadAttributes (376ms)
			ProcessInitializeOnLoadMethodAttributes (49ms)
			AfterProcessingInitializeOnLoad (6ms)
			EditorAssembliesLoaded (0ms)
		ExecutionOrderSort2 (0ms)
		AwakeInstancesAfterBackupRestoration (8ms)
Launched and connected shader compiler UnityShaderCompiler.exe after 0.01 seconds
Refreshing native plugins compatible for Editor in 6.23 ms, found 7 plugins.
Preloading 0 native plugins for Editor in 0.00 ms.
Unloading 4266 Unused Serialized files (Serialized files now loaded: 0)
Unloading 83 unused Assets / (0.6 MB). Loaded Objects now: 4716.
Memory consumption went from 161.7 MB to 161.1 MB.
Total: 3.537700 ms (FindLiveObjects: 0.247100 ms CreateObjectMapping: 0.147400 ms MarkObjects: 2.691100 ms  DeleteObjects: 0.450800 ms)

AssetImportParameters requested are different than current active one (requested -> active):
  custom:container-demuxer-ogg: 62fdf1f143b41e24485cea50d1cbac27 -> 
  custom:video-codec-MediaFoundation-h265: 746d11721c4dcdbdad8f713fa42b33f4 -> 
  custom:video-decoder-ogg-theora: a1e56fd34408186e4bbccfd4996cb3dc -> 
  custom:framework-win-MediaFoundation: 216162199b28c13a410421893ffa2e32 -> 
  custom:CustomObjectIndexerAttribute: 6d391050e5a25f67b0a2c618074f2cd9 -> 
  custom:container-demuxer-webm: 4f35f7cbe854078d1ac9338744f61a02 -> 
  custom:container-muxer-webm: aa71ff27fc2769a1b78a27578f13a17b -> 
  custom:video-decoder-webm-vp8: 9c59270c3fd7afecdb556c50c9e8de78 -> 
  custom:SearchIndexIgnoredProperties: e643bd26f0fe6173181afceb89e7c659 -> 
  custom:AudioImporter_EditorPlatform: d09bf68614088b80899f8185d706f6e7 -> 
  custom:video-encoder-webm-vp8: eb34c28f22e8b96e1ab97ce403110664 -> 
  custom:audio-decoder-ogg-vorbis: bf7c407c2cedff20999df2af8eb42d56 -> 
  custom:audio-encoder-webm-vorbis: bf7c407c2cedff20999df2af8eb42d56 -> 
========================================================================
Received Import Request.
  Time since last request: 347387.675291 seconds.
  path: Assets/GUI PRO Kit - Simple Casual/Sprite/Component/Icon_PictoIcons_(x2)/PictoIcons_256/Pictoicon_flask_2.png
  artifactKey: Guid(e9e8e5a4137d94ba7a52ab60e0b17648) Importer(815301076,1909f56bfc062723c751e8b465ee728b)
Start importing Assets/GUI PRO Kit - Simple Casual/Sprite/Component/Icon_PictoIcons_(x2)/PictoIcons_256/Pictoicon_flask_2.png using Guid(e9e8e5a4137d94ba7a52ab60e0b17648) Importer(815301076,1909f56bfc062723c751e8b465ee728b)  -> (artifact id: '98570427227f8df09ed2483856aa861d') in 0.086675 seconds
Number of updated asset objects reloaded before import = 0
Number of asset objects unloaded after import = 3
========================================================================
Received Import Request.
  Time since last request: 0.000050 seconds.
  path: Assets/GUI PRO Kit - Simple Casual/Sprite/Component/Icon_PictoIcons_(x2)/PictoIcons_256/Pictoicon_gender_male.png
  artifactKey: Guid(477ea468717a34de990e9b0d4ec645e8) Importer(815301076,1909f56bfc062723c751e8b465ee728b)
Start importing Assets/GUI PRO Kit - Simple Casual/Sprite/Component/Icon_PictoIcons_(x2)/PictoIcons_256/Pictoicon_gender_male.png using Guid(477ea468717a34de990e9b0d4ec645e8) Importer(815301076,1909f56bfc062723c751e8b465ee728b)  -> (artifact id: '0691b8c55192b267140afec408c46c85') in 0.026345 seconds
Number of updated asset objects reloaded before import = 0
Number of asset objects unloaded after import = 3
========================================================================
Received Import Request.
  Time since last request: 0.000020 seconds.
  path: Assets/GUI PRO Kit - Simple Casual/Sprite/Component/Icon_PictoIcons_(x2)/PictoIcons_256/Pictoicon_entrance.png
  artifactKey: Guid(96c62d5c7995e4302947373d4438733a) Importer(815301076,1909f56bfc062723c751e8b465ee728b)
Start importing Assets/GUI PRO Kit - Simple Casual/Sprite/Component/Icon_PictoIcons_(x2)/PictoIcons_256/Pictoicon_entrance.png using Guid(96c62d5c7995e4302947373d4438733a) Importer(815301076,1909f56bfc062723c751e8b465ee728b)  -> (artifact id: '1529005ca4c17ba4bdc4f7ca1c419e1b') in 0.022183 seconds
Number of updated asset objects reloaded before import = 0
Number of asset objects unloaded after import = 3
========================================================================
Received Import Request.
  Time since last request: 0.000017 seconds.
  path: Assets/GUI PRO Kit - Simple Casual/Sprite/Component/Icon_PictoIcons_(x2)/PictoIcons_256/Pictoicon_flask_5.png
  artifactKey: Guid(b5e7df00ff48645af95cb2a1c8e8bff8) Importer(815301076,1909f56bfc062723c751e8b465ee728b)
Start importing Assets/GUI PRO Kit - Simple Casual/Sprite/Component/Icon_PictoIcons_(x2)/PictoIcons_256/Pictoicon_flask_5.png using Guid(b5e7df00ff48645af95cb2a1c8e8bff8) Importer(815301076,1909f56bfc062723c751e8b465ee728b)  -> (artifact id: '5fb3f86d48c7dbe2c1e1ca71cb79592e') in 0.025986 seconds
Number of updated asset objects reloaded before import = 0
Number of asset objects unloaded after import = 3
========================================================================
Received Import Request.
  Time since last request: 0.000017 seconds.
  path: Assets/GUI PRO Kit - Simple Casual/Sprite/Component/Icon_PictoIcons_(x2)/PictoIcons_256/Pictoicon_delete_2.png
  artifactKey: Guid(53135668dd12445828a62fb73e7ecfa0) Importer(815301076,1909f56bfc062723c751e8b465ee728b)
Start importing Assets/GUI PRO Kit - Simple Casual/Sprite/Component/Icon_PictoIcons_(x2)/PictoIcons_256/Pictoicon_delete_2.png using Guid(53135668dd12445828a62fb73e7ecfa0) Importer(815301076,1909f56bfc062723c751e8b465ee728b)  -> (artifact id: 'dbade5e7608cfb027a0c352106d9996d') in 0.018274 seconds
Number of updated asset objects reloaded before import = 0
Number of asset objects unloaded after import = 3
========================================================================
Received Import Request.
  Time since last request: 0.000017 seconds.
  path: Assets/GUI PRO Kit - Simple Casual/Sprite/Component/Icon_PictoIcons_(x2)/PictoIcons_256/Pictoicon_fix.png
  artifactKey: Guid(c57fbca7394e54a158baa2ebaafb42c6) Importer(815301076,1909f56bfc062723c751e8b465ee728b)
Start importing Assets/GUI PRO Kit - Simple Casual/Sprite/Component/Icon_PictoIcons_(x2)/PictoIcons_256/Pictoicon_fix.png using Guid(c57fbca7394e54a158baa2ebaafb42c6) Importer(815301076,1909f56bfc062723c751e8b465ee728b)  -> (artifact id: '1ed409eb652adf1471fced9c81d013fb') in 0.025345 seconds
Number of updated asset objects reloaded before import = 0
Number of asset objects unloaded after import = 3
========================================================================
Received Import Request.
  Time since last request: 0.000020 seconds.
  path: Assets/GUI PRO Kit - Simple Casual/Sprite/Component/Icon_PictoIcons_(x2)/PictoIcons_256/Pictoicon_caution.png
  artifactKey: Guid(584512ff5976047bc933fadb1a5711e9) Importer(815301076,1909f56bfc062723c751e8b465ee728b)
Start importing Assets/GUI PRO Kit - Simple Casual/Sprite/Component/Icon_PictoIcons_(x2)/PictoIcons_256/Pictoicon_caution.png using Guid(584512ff5976047bc933fadb1a5711e9) Importer(815301076,1909f56bfc062723c751e8b465ee728b)  -> (artifact id: '913284b054a20c40ac540bf4c77901f0') in 0.021262 seconds
Number of updated asset objects reloaded before import = 0
Number of asset objects unloaded after import = 3
========================================================================
Received Import Request.
  Time since last request: 0.000025 seconds.
  path: Assets/GUI PRO Kit - Simple Casual/Sprite/Component/Icon_PictoIcons_(x2)/PictoIcons_256/Pictoicon_fish.png
  artifactKey: Guid(04406994e0bfa401d8ea69b5d5e306a6) Importer(815301076,1909f56bfc062723c751e8b465ee728b)
Start importing Assets/GUI PRO Kit - Simple Casual/Sprite/Component/Icon_PictoIcons_(x2)/PictoIcons_256/Pictoicon_fish.png using Guid(04406994e0bfa401d8ea69b5d5e306a6) Importer(815301076,1909f56bfc062723c751e8b465ee728b)  -> (artifact id: '66912750f5f1a3d6b0a0ec6e2dac08de') in 0.019320 seconds
Number of updated asset objects reloaded before import = 0
Number of asset objects unloaded after import = 3
========================================================================
Received Import Request.
  Time since last request: 0.000016 seconds.
  path: Assets/GUI PRO Kit - Simple Casual/Sprite/Component/Icon_PictoIcons_(x2)/PictoIcons_256/Pictoicon_globe.png
  artifactKey: Guid(81086a26e0517485186fde83a2d0c161) Importer(815301076,1909f56bfc062723c751e8b465ee728b)
Start importing Assets/GUI PRO Kit - Simple Casual/Sprite/Component/Icon_PictoIcons_(x2)/PictoIcons_256/Pictoicon_globe.png using Guid(81086a26e0517485186fde83a2d0c161) Importer(815301076,1909f56bfc062723c751e8b465ee728b)  -> (artifact id: '6fe6ff7a29f2206cf1b9b1f2160313da') in 0.022157 seconds
Number of updated asset objects reloaded before import = 0
Number of asset objects unloaded after import = 3
========================================================================
Received Import Request.
  Time since last request: 0.000025 seconds.
  path: Assets/GUI PRO Kit - Simple Casual/Sprite/Component/Icon_PictoIcons_(x2)/PictoIcons_256/Pictoicon_gender_female.png
  artifactKey: Guid(2fb01b12b64fe45af944254717b48ad4) Importer(815301076,1909f56bfc062723c751e8b465ee728b)
Start importing Assets/GUI PRO Kit - Simple Casual/Sprite/Component/Icon_PictoIcons_(x2)/PictoIcons_256/Pictoicon_gender_female.png using Guid(2fb01b12b64fe45af944254717b48ad4) Importer(815301076,1909f56bfc062723c751e8b465ee728b)  -> (artifact id: 'ec9ba2562757b827565a91fdef023be1') in 0.018788 seconds
Number of updated asset objects reloaded before import = 0
Number of asset objects unloaded after import = 3
========================================================================
Received Import Request.
  Time since last request: 0.000020 seconds.
  path: Assets/GUI PRO Kit - Simple Casual/Sprite/Component/Icon_PictoIcons_(x2)/PictoIcons_256/Pictoicon_home_2.png
  artifactKey: Guid(8ba0ec5bd86c14a449d00784f24c2fb0) Importer(815301076,1909f56bfc062723c751e8b465ee728b)
Start importing Assets/GUI PRO Kit - Simple Casual/Sprite/Component/Icon_PictoIcons_(x2)/PictoIcons_256/Pictoicon_home_2.png using Guid(8ba0ec5bd86c14a449d00784f24c2fb0) Importer(815301076,1909f56bfc062723c751e8b465ee728b)  -> (artifact id: 'd8fa2343efef92bf3598443498d97220') in 0.018811 seconds
Number of updated asset objects reloaded before import = 0
Number of asset objects unloaded after import = 3
========================================================================
Received Import Request.
  Time since last request: 0.000033 seconds.
  path: Assets/GUI PRO Kit - Simple Casual/Sprite/Component/Icon_PictoIcons_(x2)/PictoIcons_256/Pictoicon_hp.png
  artifactKey: Guid(1320d1265b38f40708437147f6cba9b6) Importer(815301076,1909f56bfc062723c751e8b465ee728b)
Start importing Assets/GUI PRO Kit - Simple Casual/Sprite/Component/Icon_PictoIcons_(x2)/PictoIcons_256/Pictoicon_hp.png using Guid(1320d1265b38f40708437147f6cba9b6) Importer(815301076,1909f56bfc062723c751e8b465ee728b)  -> (artifact id: '60e1a4e572219fd3534089b731d8df53') in 0.017666 seconds
Number of updated asset objects reloaded before import = 0
Number of asset objects unloaded after import = 3
========================================================================
Received Import Request.
  Time since last request: 0.000036 seconds.
  path: Assets/GUI PRO Kit - Simple Casual/Sprite/Component/Icon_PictoIcons_(x2)/PictoIcons_256/Pictoicon_jewel_1.png
  artifactKey: Guid(6e06de64480404201812d12bdb082c32) Importer(815301076,1909f56bfc062723c751e8b465ee728b)
Start importing Assets/GUI PRO Kit - Simple Casual/Sprite/Component/Icon_PictoIcons_(x2)/PictoIcons_256/Pictoicon_jewel_1.png using Guid(6e06de64480404201812d12bdb082c32) Importer(815301076,1909f56bfc062723c751e8b465ee728b)  -> (artifact id: '7d8d43da66482c61cc0577b75c053665') in 0.023830 seconds
Number of updated asset objects reloaded before import = 0
Number of asset objects unloaded after import = 3
========================================================================
Received Import Request.
  Time since last request: 0.000024 seconds.
  path: Assets/GUI PRO Kit - Simple Casual/Sprite/Component/Icon_PictoIcons_(x2)/PictoIcons_256/Pictoicon_hot.png
  artifactKey: Guid(f2f102cf121444e81b0e34dc1cb52f38) Importer(815301076,1909f56bfc062723c751e8b465ee728b)
Start importing Assets/GUI PRO Kit - Simple Casual/Sprite/Component/Icon_PictoIcons_(x2)/PictoIcons_256/Pictoicon_hot.png using Guid(f2f102cf121444e81b0e34dc1cb52f38) Importer(815301076,1909f56bfc062723c751e8b465ee728b)  -> (artifact id: '5c421736e5564d214ad5c9d6dce33977') in 0.018314 seconds
Number of updated asset objects reloaded before import = 0
Number of asset objects unloaded after import = 3
========================================================================
Received Import Request.
  Time since last request: 0.000020 seconds.
  path: Assets/GUI PRO Kit - Simple Casual/Sprite/Component/Icon_PictoIcons_(x2)/PictoIcons_256/Pictoicon_jewel_6.png
  artifactKey: Guid(b910980d11fc54b949da21099df1d158) Importer(815301076,1909f56bfc062723c751e8b465ee728b)
Start importing Assets/GUI PRO Kit - Simple Casual/Sprite/Component/Icon_PictoIcons_(x2)/PictoIcons_256/Pictoicon_jewel_6.png using Guid(b910980d11fc54b949da21099df1d158) Importer(815301076,1909f56bfc062723c751e8b465ee728b)  -> (artifact id: '8b0edecddf469ccd533c0ed793d42b80') in 0.019423 seconds
Number of updated asset objects reloaded before import = 0
Number of asset objects unloaded after import = 3
========================================================================
Received Import Request.
  Time since last request: 0.000021 seconds.
  path: Assets/GUI PRO Kit - Simple Casual/Sprite/Component/Icon_PictoIcons_(x2)/PictoIcons_256/Pictoicon_key_1.png
  artifactKey: Guid(2243180475b2f4fc0847db2d0180db10) Importer(815301076,1909f56bfc062723c751e8b465ee728b)
Start importing Assets/GUI PRO Kit - Simple Casual/Sprite/Component/Icon_PictoIcons_(x2)/PictoIcons_256/Pictoicon_key_1.png using Guid(2243180475b2f4fc0847db2d0180db10) Importer(815301076,1909f56bfc062723c751e8b465ee728b)  -> (artifact id: '2b81cd7b874fba7889a35ce9f09dda6d') in 0.020503 seconds
Number of updated asset objects reloaded before import = 0
Number of asset objects unloaded after import = 3
========================================================================
Received Import Request.
  Time since last request: 0.000018 seconds.
  path: Assets/GUI PRO Kit - Simple Casual/Sprite/Component/Icon_PictoIcons_(x2)/PictoIcons_256/Pictoicon_chart.png
  artifactKey: Guid(a960799e7ae744537be2a7bfce97808a) Importer(815301076,1909f56bfc062723c751e8b465ee728b)
Start importing Assets/GUI PRO Kit - Simple Casual/Sprite/Component/Icon_PictoIcons_(x2)/PictoIcons_256/Pictoicon_chart.png using Guid(a960799e7ae744537be2a7bfce97808a) Importer(815301076,1909f56bfc062723c751e8b465ee728b)  -> (artifact id: '4fe5e7713204eb1dbb95e98b40b2f058') in 0.025207 seconds
Number of updated asset objects reloaded before import = 0
Number of asset objects unloaded after import = 3
========================================================================
Received Import Request.
  Time since last request: 0.000018 seconds.
  path: Assets/GUI PRO Kit - Simple Casual/Sprite/Component/Icon_PictoIcons_(x2)/PictoIcons_256/Pictoicon_certify_line.png
  artifactKey: Guid(0773df9b5d7a6436fa5d33f804c4ba35) Importer(815301076,1909f56bfc062723c751e8b465ee728b)
Start importing Assets/GUI PRO Kit - Simple Casual/Sprite/Component/Icon_PictoIcons_(x2)/PictoIcons_256/Pictoicon_certify_line.png using Guid(0773df9b5d7a6436fa5d33f804c4ba35) Importer(815301076,1909f56bfc062723c751e8b465ee728b)  -> (artifact id: '9fb8f2cae5c192d75adcda398ccc240b') in 0.021503 seconds
Number of updated asset objects reloaded before import = 0
Number of asset objects unloaded after import = 3
========================================================================
Received Import Request.
  Time since last request: 0.000019 seconds.
  path: Assets/GUI PRO Kit - Simple Casual/Sprite/Component/Icon_PictoIcons_(x2)/PictoIcons_256/Pictoicon_cs.png
  artifactKey: Guid(acabc0ccd7704437e8c60c145f400c4b) Importer(815301076,1909f56bfc062723c751e8b465ee728b)
Start importing Assets/GUI PRO Kit - Simple Casual/Sprite/Component/Icon_PictoIcons_(x2)/PictoIcons_256/Pictoicon_cs.png using Guid(acabc0ccd7704437e8c60c145f400c4b) Importer(815301076,1909f56bfc062723c751e8b465ee728b)  -> (artifact id: 'd94581f3b0f34dce4f0014617061f54f') in 0.017983 seconds
Number of updated asset objects reloaded before import = 0
Number of asset objects unloaded after import = 3
========================================================================
Received Import Request.
  Time since last request: 0.000195 seconds.
  path: Assets/GUI PRO Kit - Simple Casual/Sprite/Component/Icon_PictoIcons_(x2)/PictoIcons_256/Pictoicon_compass_2.png
  artifactKey: Guid(f789dab45e88447f5bde726bb9256c0e) Importer(815301076,1909f56bfc062723c751e8b465ee728b)
Start importing Assets/GUI PRO Kit - Simple Casual/Sprite/Component/Icon_PictoIcons_(x2)/PictoIcons_256/Pictoicon_compass_2.png using Guid(f789dab45e88447f5bde726bb9256c0e) Importer(815301076,1909f56bfc062723c751e8b465ee728b)  -> (artifact id: '1a74732d18fbee410851b04abf5e023e') in 0.020464 seconds
Number of updated asset objects reloaded before import = 0
Number of asset objects unloaded after import = 3
========================================================================
Received Import Request.
  Time since last request: 0.000021 seconds.
  path: Assets/GUI PRO Kit - Simple Casual/Sprite/Component/Icon_PictoIcons_(x2)/PictoIcons_256/Pictoicon_date.png
  artifactKey: Guid(edc83b846ff69404a9f38893892b9704) Importer(815301076,1909f56bfc062723c751e8b465ee728b)
Start importing Assets/GUI PRO Kit - Simple Casual/Sprite/Component/Icon_PictoIcons_(x2)/PictoIcons_256/Pictoicon_date.png using Guid(edc83b846ff69404a9f38893892b9704) Importer(815301076,1909f56bfc062723c751e8b465ee728b)  -> (artifact id: '7f2e2f545b5ffb5e3537b3d15031ac25') in 0.020512 seconds
Number of updated asset objects reloaded before import = 0
Number of asset objects unloaded after import = 3
========================================================================
Received Import Request.
  Time since last request: 0.000018 seconds.
  path: Assets/GUI PRO Kit - Simple Casual/Sprite/Component/Icon_PictoIcons_(x2)/PictoIcons_256/Pictoicon_gift_2.png
  artifactKey: Guid(823e643d3fc6c47829354b380c068b86) Importer(815301076,1909f56bfc062723c751e8b465ee728b)
Start importing Assets/GUI PRO Kit - Simple Casual/Sprite/Component/Icon_PictoIcons_(x2)/PictoIcons_256/Pictoicon_gift_2.png using Guid(823e643d3fc6c47829354b380c068b86) Importer(815301076,1909f56bfc062723c751e8b465ee728b)  -> (artifact id: '2ea76cfc77f5ae1cf0838387198e09f2') in 0.020778 seconds
Number of updated asset objects reloaded before import = 0
Number of asset objects unloaded after import = 3
========================================================================
Received Import Request.
  Time since last request: 0.000022 seconds.
  path: Assets/GUI PRO Kit - Simple Casual/Sprite/Component/Icon_PictoIcons_(x2)/PictoIcons_256/Pictoicon_damage.png
  artifactKey: Guid(cddff480819d04f9a835604da2bd7237) Importer(815301076,1909f56bfc062723c751e8b465ee728b)
Start importing Assets/GUI PRO Kit - Simple Casual/Sprite/Component/Icon_PictoIcons_(x2)/PictoIcons_256/Pictoicon_damage.png using Guid(cddff480819d04f9a835604da2bd7237) Importer(815301076,1909f56bfc062723c751e8b465ee728b)  -> (artifact id: 'e0e7d49f9750d85034b8e4de08ded9ea') in 0.019436 seconds
Number of updated asset objects reloaded before import = 0
Number of asset objects unloaded after import = 3
========================================================================
Received Import Request.
  Time since last request: 0.000037 seconds.
  path: Assets/GUI PRO Kit - Simple Casual/Sprite/Component/Icon_PictoIcons_(x2)/PictoIcons_256/Pictoicon_flag_2.png
  artifactKey: Guid(6f30d6afb7208417db4c12d6a90f112d) Importer(815301076,1909f56bfc062723c751e8b465ee728b)
Start importing Assets/GUI PRO Kit - Simple Casual/Sprite/Component/Icon_PictoIcons_(x2)/PictoIcons_256/Pictoicon_flag_2.png using Guid(6f30d6afb7208417db4c12d6a90f112d) Importer(815301076,1909f56bfc062723c751e8b465ee728b)  -> (artifact id: 'cad84325ba5baf1b9e90620bd1b28a2a') in 0.020723 seconds
Number of updated asset objects reloaded before import = 0
Number of asset objects unloaded after import = 3
========================================================================
Received Import Request.
  Time since last request: 0.000022 seconds.
  path: Assets/GUI PRO Kit - Simple Casual/Sprite/Component/Icon_PictoIcons_(x2)/PictoIcons_256/Pictoicon_gift_1.png
  artifactKey: Guid(28dec2b002ffe421fa1fc5bb667f55e1) Importer(815301076,1909f56bfc062723c751e8b465ee728b)
Start importing Assets/GUI PRO Kit - Simple Casual/Sprite/Component/Icon_PictoIcons_(x2)/PictoIcons_256/Pictoicon_gift_1.png using Guid(28dec2b002ffe421fa1fc5bb667f55e1) Importer(815301076,1909f56bfc062723c751e8b465ee728b)  -> (artifact id: 'a5f9d4de3782caa52f32ff8d26165da0') in 0.022509 seconds
Number of updated asset objects reloaded before import = 0
Number of asset objects unloaded after import = 3
========================================================================
Received Import Request.
  Time since last request: 0.000022 seconds.
  path: Assets/GUI PRO Kit - Simple Casual/Sprite/Component/Icon_PictoIcons_(x2)/PictoIcons_256/Pictoicon_coupon_1.png
  artifactKey: Guid(6768a550743aa47ee8e5f2821041da19) Importer(815301076,1909f56bfc062723c751e8b465ee728b)
Start importing Assets/GUI PRO Kit - Simple Casual/Sprite/Component/Icon_PictoIcons_(x2)/PictoIcons_256/Pictoicon_coupon_1.png using Guid(6768a550743aa47ee8e5f2821041da19) Importer(815301076,1909f56bfc062723c751e8b465ee728b)  -> (artifact id: 'f564f6ecb4052fd4878aca62b1a70b72') in 0.021434 seconds
Number of updated asset objects reloaded before import = 0
Number of asset objects unloaded after import = 3
========================================================================
Received Import Request.
  Time since last request: 0.000023 seconds.
  path: Assets/GUI PRO Kit - Simple Casual/Sprite/Component/Icon_PictoIcons_(x2)/PictoIcons_256/Pictoicon_export.png
  artifactKey: Guid(8201acf19b00d478a953e53383b122e0) Importer(815301076,1909f56bfc062723c751e8b465ee728b)
Start importing Assets/GUI PRO Kit - Simple Casual/Sprite/Component/Icon_PictoIcons_(x2)/PictoIcons_256/Pictoicon_export.png using Guid(8201acf19b00d478a953e53383b122e0) Importer(815301076,1909f56bfc062723c751e8b465ee728b)  -> (artifact id: '0207fa310af493c90f9410042f2d3a2a') in 0.021312 seconds
Number of updated asset objects reloaded before import = 0
Number of asset objects unloaded after import = 3
========================================================================
Received Import Request.
  Time since last request: 0.000021 seconds.
  path: Assets/GUI PRO Kit - Simple Casual/Sprite/Component/Icon_PictoIcons_(x2)/PictoIcons_256/Pictoicon_hammer.png
  artifactKey: Guid(c98574f0bb4e74488a767c8f0fcc3c16) Importer(815301076,1909f56bfc062723c751e8b465ee728b)
Start importing Assets/GUI PRO Kit - Simple Casual/Sprite/Component/Icon_PictoIcons_(x2)/PictoIcons_256/Pictoicon_hammer.png using Guid(c98574f0bb4e74488a767c8f0fcc3c16) Importer(815301076,1909f56bfc062723c751e8b465ee728b)  -> (artifact id: 'd409103cdc237df67b93a87e5bbd6e27') in 0.024109 seconds
Number of updated asset objects reloaded before import = 0
Number of asset objects unloaded after import = 3
========================================================================
Received Import Request.
  Time since last request: 0.000025 seconds.
  path: Assets/GUI PRO Kit - Simple Casual/Sprite/Component/Icon_PictoIcons_(x2)/PictoIcons_256/Pictoicon_clover.png
  artifactKey: Guid(bccf6142895be4069adb0b892fec6941) Importer(815301076,1909f56bfc062723c751e8b465ee728b)
Start importing Assets/GUI PRO Kit - Simple Casual/Sprite/Component/Icon_PictoIcons_(x2)/PictoIcons_256/Pictoicon_clover.png using Guid(bccf6142895be4069adb0b892fec6941) Importer(815301076,1909f56bfc062723c751e8b465ee728b)  -> (artifact id: 'defb204afb865cdc5d7e6635e93f6b2c') in 0.023690 seconds
Number of updated asset objects reloaded before import = 0
Number of asset objects unloaded after import = 3
========================================================================
Received Import Request.
  Time since last request: 0.000024 seconds.
  path: Assets/GUI PRO Kit - Simple Casual/Sprite/Component/Icon_PictoIcons_(x2)/PictoIcons_256/Pictoicon_earth.png
  artifactKey: Guid(466cf54a9607841328b5bafcd5e20761) Importer(815301076,1909f56bfc062723c751e8b465ee728b)
Start importing Assets/GUI PRO Kit - Simple Casual/Sprite/Component/Icon_PictoIcons_(x2)/PictoIcons_256/Pictoicon_earth.png using Guid(466cf54a9607841328b5bafcd5e20761) Importer(815301076,1909f56bfc062723c751e8b465ee728b)  -> (artifact id: '5e989b7e084eb513444dc514aead6fcd') in 0.021638 seconds
Number of updated asset objects reloaded before import = 0
Number of asset objects unloaded after import = 3
========================================================================
Received Import Request.
  Time since last request: 0.000024 seconds.
  path: Assets/GUI PRO Kit - Simple Casual/Sprite/Component/Icon_PictoIcons_(x2)/PictoIcons_256/Pictoicon_flask_3.png
  artifactKey: Guid(ba61d9826bda44626806563017501a92) Importer(815301076,1909f56bfc062723c751e8b465ee728b)
Start importing Assets/GUI PRO Kit - Simple Casual/Sprite/Component/Icon_PictoIcons_(x2)/PictoIcons_256/Pictoicon_flask_3.png using Guid(ba61d9826bda44626806563017501a92) Importer(815301076,1909f56bfc062723c751e8b465ee728b)  -> (artifact id: '76761a2a7a263bb094c1f38850d8b20d') in 0.019911 seconds
Number of updated asset objects reloaded before import = 0
Number of asset objects unloaded after import = 3
========================================================================
Received Import Request.
  Time since last request: 0.000016 seconds.
  path: Assets/GUI PRO Kit - Simple Casual/Sprite/Component/Icon_PictoIcons_(x2)/PictoIcons_256/Pictoicon_download.png
  artifactKey: Guid(c0aaf88596e1840f4861cacd4d4d18e8) Importer(815301076,1909f56bfc062723c751e8b465ee728b)
Start importing Assets/GUI PRO Kit - Simple Casual/Sprite/Component/Icon_PictoIcons_(x2)/PictoIcons_256/Pictoicon_download.png using Guid(c0aaf88596e1840f4861cacd4d4d18e8) Importer(815301076,1909f56bfc062723c751e8b465ee728b)  -> (artifact id: '250f6654e230930841368d9ea740fe7d') in 0.020099 seconds
Number of updated asset objects reloaded before import = 0
Number of asset objects unloaded after import = 3
========================================================================
Received Import Request.
  Time since last request: 0.000019 seconds.
  path: Assets/GUI PRO Kit - Simple Casual/Sprite/Component/Icon_PictoIcons_(x2)/PictoIcons_256/Pictoicon_jewel_4.png
  artifactKey: Guid(63f74865d33ae489a93787491dd5a2bb) Importer(815301076,1909f56bfc062723c751e8b465ee728b)
Start importing Assets/GUI PRO Kit - Simple Casual/Sprite/Component/Icon_PictoIcons_(x2)/PictoIcons_256/Pictoicon_jewel_4.png using Guid(63f74865d33ae489a93787491dd5a2bb) Importer(815301076,1909f56bfc062723c751e8b465ee728b)  -> (artifact id: 'd74a67fb36e4c2dd994bb9cec4d728d3') in 0.021185 seconds
Number of updated asset objects reloaded before import = 0
Number of asset objects unloaded after import = 3
========================================================================
Received Import Request.
  Time since last request: 0.000023 seconds.
  path: Assets/GUI PRO Kit - Simple Casual/Sprite/Component/Icon_PictoIcons_(x2)/PictoIcons_256/Pictoicon_day.png
  artifactKey: Guid(21e756c3af9a240639fe9c9fdf539977) Importer(815301076,1909f56bfc062723c751e8b465ee728b)
Start importing Assets/GUI PRO Kit - Simple Casual/Sprite/Component/Icon_PictoIcons_(x2)/PictoIcons_256/Pictoicon_day.png using Guid(21e756c3af9a240639fe9c9fdf539977) Importer(815301076,1909f56bfc062723c751e8b465ee728b)  -> (artifact id: '08d98d08a268c0d5aaffc041daed7f6f') in 0.020292 seconds
Number of updated asset objects reloaded before import = 0
Number of asset objects unloaded after import = 3
========================================================================
Received Import Request.
  Time since last request: 0.000030 seconds.
  path: Assets/GUI PRO Kit - Simple Casual/Sprite/Component/Icon_PictoIcons_(x2)/PictoIcons_256/Pictoicon_dagger.png
  artifactKey: Guid(e3d66e239ce084214b6012bfba7a5e6b) Importer(815301076,1909f56bfc062723c751e8b465ee728b)
Start importing Assets/GUI PRO Kit - Simple Casual/Sprite/Component/Icon_PictoIcons_(x2)/PictoIcons_256/Pictoicon_dagger.png using Guid(e3d66e239ce084214b6012bfba7a5e6b) Importer(815301076,1909f56bfc062723c751e8b465ee728b)  -> (artifact id: '07fc9327083dba8cdf320bc2ef0158fc') in 0.017370 seconds
Number of updated asset objects reloaded before import = 0
Number of asset objects unloaded after import = 3
========================================================================
Received Import Request.
  Time since last request: 0.000028 seconds.
  path: Assets/GUI PRO Kit - Simple Casual/Sprite/Component/Icon_PictoIcons_(x2)/PictoIcons_256/Pictoicon_hourglass.png
  artifactKey: Guid(f14fd26ab80e64484a49d8d627248d0f) Importer(815301076,1909f56bfc062723c751e8b465ee728b)
Start importing Assets/GUI PRO Kit - Simple Casual/Sprite/Component/Icon_PictoIcons_(x2)/PictoIcons_256/Pictoicon_hourglass.png using Guid(f14fd26ab80e64484a49d8d627248d0f) Importer(815301076,1909f56bfc062723c751e8b465ee728b)  -> (artifact id: 'ec0651d131d2ac3319efea527f798bfa') in 0.021002 seconds
Number of updated asset objects reloaded before import = 0
Number of asset objects unloaded after import = 3
========================================================================
Received Import Request.
  Time since last request: 0.000015 seconds.
  path: Assets/GUI PRO Kit - Simple Casual/Sprite/Component/Icon_PictoIcons_(x2)/PictoIcons_256/Pictoicon_coupon_2.png
  artifactKey: Guid(34b761967752a4be7bb8b46d01c0e57d) Importer(815301076,1909f56bfc062723c751e8b465ee728b)
Start importing Assets/GUI PRO Kit - Simple Casual/Sprite/Component/Icon_PictoIcons_(x2)/PictoIcons_256/Pictoicon_coupon_2.png using Guid(34b761967752a4be7bb8b46d01c0e57d) Importer(815301076,1909f56bfc062723c751e8b465ee728b)  -> (artifact id: '6feba394258c595d185d106cb85df946') in 0.020387 seconds
Number of updated asset objects reloaded before import = 0
Number of asset objects unloaded after import = 3
========================================================================
Received Import Request.
  Time since last request: 0.000016 seconds.
  path: Assets/GUI PRO Kit - Simple Casual/Sprite/Component/Icon_PictoIcons_(x2)/PictoIcons_256/Pictoicon_delete_1.png
  artifactKey: Guid(1f118d1557f664c36a1ced019e34fdec) Importer(815301076,1909f56bfc062723c751e8b465ee728b)
Start importing Assets/GUI PRO Kit - Simple Casual/Sprite/Component/Icon_PictoIcons_(x2)/PictoIcons_256/Pictoicon_delete_1.png using Guid(1f118d1557f664c36a1ced019e34fdec) Importer(815301076,1909f56bfc062723c751e8b465ee728b)  -> (artifact id: '72a62bf9f4276e85cf5d5e23a7be073b') in 0.019546 seconds
Number of updated asset objects reloaded before import = 0
Number of asset objects unloaded after import = 3
========================================================================
Received Import Request.
  Time since last request: 0.000018 seconds.
  path: Assets/GUI PRO Kit - Simple Casual/Sprite/Component/Icon_PictoIcons_(x2)/PictoIcons_256/Pictoicon_flask_1.png
  artifactKey: Guid(a205665c11b1f4da4b55b6b2e65a06aa) Importer(815301076,1909f56bfc062723c751e8b465ee728b)
Start importing Assets/GUI PRO Kit - Simple Casual/Sprite/Component/Icon_PictoIcons_(x2)/PictoIcons_256/Pictoicon_flask_1.png using Guid(a205665c11b1f4da4b55b6b2e65a06aa) Importer(815301076,1909f56bfc062723c751e8b465ee728b)  -> (artifact id: '78ab942a4ad01d29921f804f4b55b3b2') in 0.018708 seconds
Number of updated asset objects reloaded before import = 0
Number of asset objects unloaded after import = 3
========================================================================
Received Import Request.
  Time since last request: 0.000024 seconds.
  path: Assets/GUI PRO Kit - Simple Casual/Sprite/Component/Icon_PictoIcons_(x2)/PictoIcons_256/Pictoicon_hand.png
  artifactKey: Guid(a938ed860f8244d2eb5d7f240241d5f7) Importer(815301076,1909f56bfc062723c751e8b465ee728b)
Start importing Assets/GUI PRO Kit - Simple Casual/Sprite/Component/Icon_PictoIcons_(x2)/PictoIcons_256/Pictoicon_hand.png using Guid(a938ed860f8244d2eb5d7f240241d5f7) Importer(815301076,1909f56bfc062723c751e8b465ee728b)  -> (artifact id: 'a77d048ba80a773b6d249cfe4129fbb8') in 0.021639 seconds
Number of updated asset objects reloaded before import = 0
Number of asset objects unloaded after import = 3
========================================================================
Received Import Request.
  Time since last request: 0.000019 seconds.
  path: Assets/GUI PRO Kit - Simple Casual/Sprite/Component/Icon_PictoIcons_(x2)/PictoIcons_256/Pictoicon_filter.png
  artifactKey: Guid(6ccbd3b2a38c7481db5f74297eb5496e) Importer(815301076,1909f56bfc062723c751e8b465ee728b)
Start importing Assets/GUI PRO Kit - Simple Casual/Sprite/Component/Icon_PictoIcons_(x2)/PictoIcons_256/Pictoicon_filter.png using Guid(6ccbd3b2a38c7481db5f74297eb5496e) Importer(815301076,1909f56bfc062723c751e8b465ee728b)  -> (artifact id: '5d83118101e793dca2b3ae2342780dfc') in 0.020963 seconds
Number of updated asset objects reloaded before import = 0
Number of asset objects unloaded after import = 3
========================================================================
Received Import Request.
  Time since last request: 0.000020 seconds.
  path: Assets/GUI PRO Kit - Simple Casual/Sprite/Component/Icon_PictoIcons_(x2)/PictoIcons_256/Pictoicon_eye_hide.png
  artifactKey: Guid(1de47224a99ee4fd6b3141a4b61dd25d) Importer(815301076,1909f56bfc062723c751e8b465ee728b)
Start importing Assets/GUI PRO Kit - Simple Casual/Sprite/Component/Icon_PictoIcons_(x2)/PictoIcons_256/Pictoicon_eye_hide.png using Guid(1de47224a99ee4fd6b3141a4b61dd25d) Importer(815301076,1909f56bfc062723c751e8b465ee728b)  -> (artifact id: 'd974e09bf721b05a87889fae230fce8b') in 0.021971 seconds
Number of updated asset objects reloaded before import = 0
Number of asset objects unloaded after import = 3
========================================================================
Received Import Request.
  Time since last request: 0.902523 seconds.
  path: Assets/GUI PRO Kit - Simple Casual/Sprite/Component/Icon_PictoIcons_(x2)/PictoIcons_256/Pictoicon_learn.png
  artifactKey: Guid(390bcc03cfe8f4bc7a94299a5cb3c10a) Importer(815301076,1909f56bfc062723c751e8b465ee728b)
Start importing Assets/GUI PRO Kit - Simple Casual/Sprite/Component/Icon_PictoIcons_(x2)/PictoIcons_256/Pictoicon_learn.png using Guid(390bcc03cfe8f4bc7a94299a5cb3c10a) Importer(815301076,1909f56bfc062723c751e8b465ee728b)  -> (artifact id: '7ddee1c5340fa6c6a40ca0563ab3418a') in 0.020968 seconds
Number of updated asset objects reloaded before import = 0
Number of asset objects unloaded after import = 3
========================================================================
Received Import Request.
  Time since last request: 0.002026 seconds.
  path: Assets/GUI PRO Kit - Simple Casual/Sprite/Component/Icon_PictoIcons_(x2)/PictoIcons_256/Pictoicon_like.png
  artifactKey: Guid(de0a1446fbb0f4b198cc4df86a67dc7a) Importer(815301076,1909f56bfc062723c751e8b465ee728b)
Start importing Assets/GUI PRO Kit - Simple Casual/Sprite/Component/Icon_PictoIcons_(x2)/PictoIcons_256/Pictoicon_like.png using Guid(de0a1446fbb0f4b198cc4df86a67dc7a) Importer(815301076,1909f56bfc062723c751e8b465ee728b)  -> (artifact id: '574f8e997ba23b1f55f43a9534cbaa84') in 0.018541 seconds
Number of updated asset objects reloaded before import = 0
Number of asset objects unloaded after import = 3
========================================================================
Received Import Request.
  Time since last request: 0.000128 seconds.
  path: Assets/GUI PRO Kit - Simple Casual/Sprite/Component/Icon_PictoIcons_(x2)/PictoIcons_256/Pictoicon_liquid.png
  artifactKey: Guid(ab434c2cd27ef47c6a0dd9f0ed0da71d) Importer(815301076,1909f56bfc062723c751e8b465ee728b)
Start importing Assets/GUI PRO Kit - Simple Casual/Sprite/Component/Icon_PictoIcons_(x2)/PictoIcons_256/Pictoicon_liquid.png using Guid(ab434c2cd27ef47c6a0dd9f0ed0da71d) Importer(815301076,1909f56bfc062723c751e8b465ee728b)  -> (artifact id: '922f1c957e309797022f46440cff125e') in 0.017815 seconds
Number of updated asset objects reloaded before import = 0
Number of asset objects unloaded after import = 3
========================================================================
Received Import Request.
  Time since last request: 0.010002 seconds.
  path: Assets/GUI PRO Kit - Simple Casual/Sprite/Component/Icon_PictoIcons_(x2)/PictoIcons_256/Pictoicon_lock_3.png
  artifactKey: Guid(3060c5eed9dec4ee18f6c786dcacc9a6) Importer(815301076,1909f56bfc062723c751e8b465ee728b)
Start importing Assets/GUI PRO Kit - Simple Casual/Sprite/Component/Icon_PictoIcons_(x2)/PictoIcons_256/Pictoicon_lock_3.png using Guid(3060c5eed9dec4ee18f6c786dcacc9a6) Importer(815301076,1909f56bfc062723c751e8b465ee728b)  -> (artifact id: 'f56939d719c6d375999f1c77bf8980c5') in 0.017041 seconds
Number of updated asset objects reloaded before import = 0
Number of asset objects unloaded after import = 3
========================================================================
Received Import Request.
  Time since last request: 0.000020 seconds.
  path: Assets/GUI PRO Kit - Simple Casual/Sprite/Component/Icon_PictoIcons_(x2)/PictoIcons_256/Pictoicon_magicball.png
  artifactKey: Guid(4a5a3f2dc9ff740eea4f1a1abeff94df) Importer(815301076,1909f56bfc062723c751e8b465ee728b)
Start importing Assets/GUI PRO Kit - Simple Casual/Sprite/Component/Icon_PictoIcons_(x2)/PictoIcons_256/Pictoicon_magicball.png using Guid(4a5a3f2dc9ff740eea4f1a1abeff94df) Importer(815301076,1909f56bfc062723c751e8b465ee728b)  -> (artifact id: '4bf564f93c19ec3a7654ba58d1e1b9bb') in 0.021681 seconds
Number of updated asset objects reloaded before import = 0
Number of asset objects unloaded after import = 3
========================================================================
Received Import Request.
  Time since last request: 0.000024 seconds.
  path: Assets/GUI PRO Kit - Simple Casual/Sprite/Component/Icon_PictoIcons_(x2)/PictoIcons_256/Pictoicon_mail.png
  artifactKey: Guid(409adc4678f7b4a2ebc14dfeb193519e) Importer(815301076,1909f56bfc062723c751e8b465ee728b)
Start importing Assets/GUI PRO Kit - Simple Casual/Sprite/Component/Icon_PictoIcons_(x2)/PictoIcons_256/Pictoicon_mail.png using Guid(409adc4678f7b4a2ebc14dfeb193519e) Importer(815301076,1909f56bfc062723c751e8b465ee728b)  -> (artifact id: '07fdff698b77092828d683e8461466c1') in 0.019245 seconds
Number of updated asset objects reloaded before import = 0
Number of asset objects unloaded after import = 3
========================================================================
Received Import Request.
  Time since last request: 1.196175 seconds.
  path: Assets/GUI PRO Kit - Simple Casual/Sprite/Component/Icon_PictoIcons_(x2)/PictoIcons_256/Pictoicon_map_pin_1.png
  artifactKey: Guid(a9ce8c3d3b29b4ec8b2c7797641e97da) Importer(815301076,1909f56bfc062723c751e8b465ee728b)
Start importing Assets/GUI PRO Kit - Simple Casual/Sprite/Component/Icon_PictoIcons_(x2)/PictoIcons_256/Pictoicon_map_pin_1.png using Guid(a9ce8c3d3b29b4ec8b2c7797641e97da) Importer(815301076,1909f56bfc062723c751e8b465ee728b)  -> (artifact id: '19553c4f59963593551bb3349b565bc8') in 0.018840 seconds
Number of updated asset objects reloaded before import = 0
Number of asset objects unloaded after import = 3
========================================================================
Received Import Request.
  Time since last request: 0.000019 seconds.
  path: Assets/GUI PRO Kit - Simple Casual/Sprite/Component/Icon_PictoIcons_(x2)/PictoIcons_256/Pictoicon_mark_energy.png
  artifactKey: Guid(2a34c834811224375904c1a697e61c8c) Importer(815301076,1909f56bfc062723c751e8b465ee728b)
Start importing Assets/GUI PRO Kit - Simple Casual/Sprite/Component/Icon_PictoIcons_(x2)/PictoIcons_256/Pictoicon_mark_energy.png using Guid(2a34c834811224375904c1a697e61c8c) Importer(815301076,1909f56bfc062723c751e8b465ee728b)  -> (artifact id: '03d5ced0d2935c12499fb6b171852b01') in 0.018784 seconds
Number of updated asset objects reloaded before import = 0
Number of asset objects unloaded after import = 3
========================================================================
Received Import Request.
  Time since last request: 0.000022 seconds.
  path: Assets/GUI PRO Kit - Simple Casual/Sprite/Component/Icon_PictoIcons_(x2)/PictoIcons_256/Pictoicon_mark_plus.png
  artifactKey: Guid(c25dd36116bed4ea78ad78d69a75b503) Importer(815301076,1909f56bfc062723c751e8b465ee728b)
Start importing Assets/GUI PRO Kit - Simple Casual/Sprite/Component/Icon_PictoIcons_(x2)/PictoIcons_256/Pictoicon_mark_plus.png using Guid(c25dd36116bed4ea78ad78d69a75b503) Importer(815301076,1909f56bfc062723c751e8b465ee728b)  -> (artifact id: '51483451bb376444d401b7d2a4c62d83') in 0.021259 seconds
Number of updated asset objects reloaded before import = 0
Number of asset objects unloaded after import = 3
========================================================================
Received Import Request.
  Time since last request: 0.450328 seconds.
  path: Assets/GUI PRO Kit - Simple Casual/Sprite/Component/Icon_PictoIcons_(x2)/PictoIcons_256/Pictoicon_mark_warning.png
  artifactKey: Guid(4f3e388f311704f608bee579aa84e489) Importer(815301076,1909f56bfc062723c751e8b465ee728b)
Start importing Assets/GUI PRO Kit - Simple Casual/Sprite/Component/Icon_PictoIcons_(x2)/PictoIcons_256/Pictoicon_mark_warning.png using Guid(4f3e388f311704f608bee579aa84e489) Importer(815301076,1909f56bfc062723c751e8b465ee728b)  -> (artifact id: '8059bc713e7815cc6e6633a459c2d984') in 0.020346 seconds
Number of updated asset objects reloaded before import = 0
Number of asset objects unloaded after import = 3
========================================================================
Received Import Request.
  Time since last request: 0.000019 seconds.
  path: Assets/GUI PRO Kit - Simple Casual/Sprite/Component/Icon_PictoIcons_(x2)/PictoIcons_256/Pictoicon_medal_3.png
  artifactKey: Guid(04e974af0fd984cde9d89717030c11e1) Importer(815301076,1909f56bfc062723c751e8b465ee728b)
Start importing Assets/GUI PRO Kit - Simple Casual/Sprite/Component/Icon_PictoIcons_(x2)/PictoIcons_256/Pictoicon_medal_3.png using Guid(04e974af0fd984cde9d89717030c11e1) Importer(815301076,1909f56bfc062723c751e8b465ee728b)  -> (artifact id: '372e7718bef3691acf247bbc0601d597') in 0.019558 seconds
Number of updated asset objects reloaded before import = 0
Number of asset objects unloaded after import = 3
========================================================================
Received Import Request.
  Time since last request: 0.000022 seconds.
  path: Assets/GUI PRO Kit - Simple Casual/Sprite/Component/Icon_PictoIcons_(x2)/PictoIcons_256/Pictoicon_menu_1.png
  artifactKey: Guid(b0fca6da83f764152be08ed59377cf7e) Importer(815301076,1909f56bfc062723c751e8b465ee728b)
Start importing Assets/GUI PRO Kit - Simple Casual/Sprite/Component/Icon_PictoIcons_(x2)/PictoIcons_256/Pictoicon_menu_1.png using Guid(b0fca6da83f764152be08ed59377cf7e) Importer(815301076,1909f56bfc062723c751e8b465ee728b)  -> (artifact id: '77448955a6b9b926379919785ed73706') in 0.021661 seconds
Number of updated asset objects reloaded before import = 0
Number of asset objects unloaded after import = 3
========================================================================
Received Import Request.
  Time since last request: 0.353625 seconds.
  path: Assets/GUI PRO Kit - Simple Casual/Sprite/Component/Icon_PictoIcons_(x2)/PictoIcons_256/Pictoicon_message_2.png
  artifactKey: Guid(44c2dadb485fe47e390be66482133ccb) Importer(815301076,1909f56bfc062723c751e8b465ee728b)
Start importing Assets/GUI PRO Kit - Simple Casual/Sprite/Component/Icon_PictoIcons_(x2)/PictoIcons_256/Pictoicon_message_2.png using Guid(44c2dadb485fe47e390be66482133ccb) Importer(815301076,1909f56bfc062723c751e8b465ee728b)  -> (artifact id: 'fcf2c6a955e20fe95e60eede8f90a6ba') in 0.021097 seconds
Number of updated asset objects reloaded before import = 0
Number of asset objects unloaded after import = 3
========================================================================
Received Import Request.
  Time since last request: 0.000022 seconds.
  path: Assets/GUI PRO Kit - Simple Casual/Sprite/Component/Icon_PictoIcons_(x2)/PictoIcons_256/Pictoicon_mix.png
  artifactKey: Guid(43b5afd0d8ee04e59ade8f227922c974) Importer(815301076,1909f56bfc062723c751e8b465ee728b)
Start importing Assets/GUI PRO Kit - Simple Casual/Sprite/Component/Icon_PictoIcons_(x2)/PictoIcons_256/Pictoicon_mix.png using Guid(43b5afd0d8ee04e59ade8f227922c974) Importer(815301076,1909f56bfc062723c751e8b465ee728b)  -> (artifact id: '3ec2274829bd69f669e4cac2996b985b') in 0.021259 seconds
Number of updated asset objects reloaded before import = 0
Number of asset objects unloaded after import = 3
========================================================================
Received Import Request.
  Time since last request: 0.000032 seconds.
  path: Assets/GUI PRO Kit - Simple Casual/Sprite/Component/Icon_PictoIcons_(x2)/PictoIcons_256/Pictoicon_money_bag.png
  artifactKey: Guid(65dcee9ec77b44350a1d233a79dfa2e8) Importer(815301076,1909f56bfc062723c751e8b465ee728b)
Start importing Assets/GUI PRO Kit - Simple Casual/Sprite/Component/Icon_PictoIcons_(x2)/PictoIcons_256/Pictoicon_money_bag.png using Guid(65dcee9ec77b44350a1d233a79dfa2e8) Importer(815301076,1909f56bfc062723c751e8b465ee728b)  -> (artifact id: '763cf99030a0ff865002999bc63f963a') in 0.023373 seconds
Number of updated asset objects reloaded before import = 0
Number of asset objects unloaded after import = 3
========================================================================
Received Import Request.
  Time since last request: 0.022747 seconds.
  path: Assets/GUI PRO Kit - Simple Casual/Sprite/Component/Icon_PictoIcons_(x2)/PictoIcons_256/Pictoicon_mushroom.png
  artifactKey: Guid(a51ea0106ec554257bf2bd6c97ccbf38) Importer(815301076,1909f56bfc062723c751e8b465ee728b)
Start importing Assets/GUI PRO Kit - Simple Casual/Sprite/Component/Icon_PictoIcons_(x2)/PictoIcons_256/Pictoicon_mushroom.png using Guid(a51ea0106ec554257bf2bd6c97ccbf38) Importer(815301076,1909f56bfc062723c751e8b465ee728b)  -> (artifact id: 'f957a59315546eebb8e64db4ea4f5dd0') in 0.020916 seconds
Number of updated asset objects reloaded before import = 0
Number of asset objects unloaded after import = 3
========================================================================
Received Import Request.
  Time since last request: 0.000021 seconds.
  path: Assets/GUI PRO Kit - Simple Casual/Sprite/Component/Icon_PictoIcons_(x2)/PictoIcons_256/Pictoicon_necklace_1.png
  artifactKey: Guid(97d316960c4c74d9b98dba3750e2a30f) Importer(815301076,1909f56bfc062723c751e8b465ee728b)
Start importing Assets/GUI PRO Kit - Simple Casual/Sprite/Component/Icon_PictoIcons_(x2)/PictoIcons_256/Pictoicon_necklace_1.png using Guid(97d316960c4c74d9b98dba3750e2a30f) Importer(815301076,1909f56bfc062723c751e8b465ee728b)  -> (artifact id: '48cdbdb9ddaf4df9ed16f0687c908bf4') in 0.020526 seconds
Number of updated asset objects reloaded before import = 0
Number of asset objects unloaded after import = 3
========================================================================
Received Import Request.
  Time since last request: 0.000022 seconds.
  path: Assets/GUI PRO Kit - Simple Casual/Sprite/Component/Icon_PictoIcons_(x2)/PictoIcons_256/Pictoicon_news_2.png
  artifactKey: Guid(2d809e2415c99427bbb6d7bf88399296) Importer(815301076,1909f56bfc062723c751e8b465ee728b)
Start importing Assets/GUI PRO Kit - Simple Casual/Sprite/Component/Icon_PictoIcons_(x2)/PictoIcons_256/Pictoicon_news_2.png using Guid(2d809e2415c99427bbb6d7bf88399296) Importer(815301076,1909f56bfc062723c751e8b465ee728b)  -> (artifact id: '28bfdd0353fa7958d4cc8cde17eb4695') in 0.022960 seconds
Number of updated asset objects reloaded before import = 0
Number of asset objects unloaded after import = 3
========================================================================
Received Import Request.
  Time since last request: 1.678558 seconds.
  path: Assets/GUI PRO Kit - Simple Casual/Sprite/Component/Icon_PictoIcons_(x2)/PictoIcons_256/Pictoicon_paper_2.png
  artifactKey: Guid(9cf33a9b52be44114bdb7ec8af722308) Importer(815301076,1909f56bfc062723c751e8b465ee728b)
Start importing Assets/GUI PRO Kit - Simple Casual/Sprite/Component/Icon_PictoIcons_(x2)/PictoIcons_256/Pictoicon_paper_2.png using Guid(9cf33a9b52be44114bdb7ec8af722308) Importer(815301076,1909f56bfc062723c751e8b465ee728b)  -> (artifact id: '2a611a510987b33ef0da25d64a28826c') in 0.018977 seconds
Number of updated asset objects reloaded before import = 0
Number of asset objects unloaded after import = 3
========================================================================
Received Import Request.
  Time since last request: 0.000019 seconds.
  path: Assets/GUI PRO Kit - Simple Casual/Sprite/Component/Icon_PictoIcons_(x2)/PictoIcons_256/Pictoicon_paw.png
  artifactKey: Guid(218070bd10f874abe849a2bef62e720e) Importer(815301076,1909f56bfc062723c751e8b465ee728b)
Start importing Assets/GUI PRO Kit - Simple Casual/Sprite/Component/Icon_PictoIcons_(x2)/PictoIcons_256/Pictoicon_paw.png using Guid(218070bd10f874abe849a2bef62e720e) Importer(815301076,1909f56bfc062723c751e8b465ee728b)  -> (artifact id: '604c268b2e8929986e484b04baa55fc4') in 0.021805 seconds
Number of updated asset objects reloaded before import = 0
Number of asset objects unloaded after import = 3
========================================================================
Received Import Request.
  Time since last request: 0.000024 seconds.
  path: Assets/GUI PRO Kit - Simple Casual/Sprite/Component/Icon_PictoIcons_(x2)/PictoIcons_256/Pictoicon_pet_bear.png
  artifactKey: Guid(6f2d856b7375e4f0ea8193da8f174cae) Importer(815301076,1909f56bfc062723c751e8b465ee728b)
Start importing Assets/GUI PRO Kit - Simple Casual/Sprite/Component/Icon_PictoIcons_(x2)/PictoIcons_256/Pictoicon_pet_bear.png using Guid(6f2d856b7375e4f0ea8193da8f174cae) Importer(815301076,1909f56bfc062723c751e8b465ee728b)  -> (artifact id: '975fb293838c82d6414189c049c05804') in 0.020910 seconds
Number of updated asset objects reloaded before import = 0
Number of asset objects unloaded after import = 3
========================================================================
Received Import Request.
  Time since last request: 0.000021 seconds.
  path: Assets/GUI PRO Kit - Simple Casual/Sprite/Component/Icon_PictoIcons_(x2)/PictoIcons_256/Pictoicon_pick.png
  artifactKey: Guid(b782f68af6cc548c88dc5e77053de7d0) Importer(815301076,1909f56bfc062723c751e8b465ee728b)
Start importing Assets/GUI PRO Kit - Simple Casual/Sprite/Component/Icon_PictoIcons_(x2)/PictoIcons_256/Pictoicon_pick.png using Guid(b782f68af6cc548c88dc5e77053de7d0) Importer(815301076,1909f56bfc062723c751e8b465ee728b)  -> (artifact id: '9fbde56df70bf6af79c2a742f5b2673f') in 0.019813 seconds
Number of updated asset objects reloaded before import = 0
Number of asset objects unloaded after import = 3
========================================================================
Received Import Request.
  Time since last request: 0.000022 seconds.
  path: Assets/GUI PRO Kit - Simple Casual/Sprite/Component/Icon_PictoIcons_(x2)/PictoIcons_256/Pictoicon_pist.png
  artifactKey: Guid(248cf3117ddbf42319ff5071b9bc1da8) Importer(815301076,1909f56bfc062723c751e8b465ee728b)
Start importing Assets/GUI PRO Kit - Simple Casual/Sprite/Component/Icon_PictoIcons_(x2)/PictoIcons_256/Pictoicon_pist.png using Guid(248cf3117ddbf42319ff5071b9bc1da8) Importer(815301076,1909f56bfc062723c751e8b465ee728b)  -> (artifact id: '1448667b8348b9a5428ec3b7179f60ba') in 0.018521 seconds
Number of updated asset objects reloaded before import = 0
Number of asset objects unloaded after import = 3
========================================================================
Received Import Request.
  Time since last request: 0.000018 seconds.
  path: Assets/GUI PRO Kit - Simple Casual/Sprite/Component/Icon_PictoIcons_(x2)/PictoIcons_256/Pictoicon_player_pause.png
  artifactKey: Guid(db91871917b4640a9ba9fa3538366344) Importer(815301076,1909f56bfc062723c751e8b465ee728b)
Start importing Assets/GUI PRO Kit - Simple Casual/Sprite/Component/Icon_PictoIcons_(x2)/PictoIcons_256/Pictoicon_player_pause.png using Guid(db91871917b4640a9ba9fa3538366344) Importer(815301076,1909f56bfc062723c751e8b465ee728b)  -> (artifact id: '86720c03efd330faa87f7071b22b475a') in 0.022334 seconds
Number of updated asset objects reloaded before import = 0
Number of asset objects unloaded after import = 3
========================================================================
Received Import Request.
  Time since last request: 0.226388 seconds.
  path: Assets/GUI PRO Kit - Simple Casual/Sprite/Component/Icon_PictoIcons_(x2)/PictoIcons_256/Pictoicon_player_rw.png
  artifactKey: Guid(8b4c2327a70544ed2b07b545c9fa1070) Importer(815301076,1909f56bfc062723c751e8b465ee728b)
Start importing Assets/GUI PRO Kit - Simple Casual/Sprite/Component/Icon_PictoIcons_(x2)/PictoIcons_256/Pictoicon_player_rw.png using Guid(8b4c2327a70544ed2b07b545c9fa1070) Importer(815301076,1909f56bfc062723c751e8b465ee728b)  -> (artifact id: 'c928e4a71eec5f88224f64363a95254c') in 0.020741 seconds
Number of updated asset objects reloaded before import = 0
Number of asset objects unloaded after import = 3
========================================================================
Received Import Request.
  Time since last request: 0.000030 seconds.
  path: Assets/GUI PRO Kit - Simple Casual/Sprite/Component/Icon_PictoIcons_(x2)/PictoIcons_256/Pictoicon_poison.png
  artifactKey: Guid(c9b99093795c24a3290a7fa71ac03c0b) Importer(815301076,1909f56bfc062723c751e8b465ee728b)
Start importing Assets/GUI PRO Kit - Simple Casual/Sprite/Component/Icon_PictoIcons_(x2)/PictoIcons_256/Pictoicon_poison.png using Guid(c9b99093795c24a3290a7fa71ac03c0b) Importer(815301076,1909f56bfc062723c751e8b465ee728b)  -> (artifact id: 'fec884d813c75d400bb63b8d013e5739') in 0.019815 seconds
Number of updated asset objects reloaded before import = 0
Number of asset objects unloaded after import = 3
========================================================================
Received Import Request.
  Time since last request: 0.000173 seconds.
  path: Assets/GUI PRO Kit - Simple Casual/Sprite/Component/Icon_PictoIcons_(x2)/PictoIcons_256/Pictoicon_pouch.png
  artifactKey: Guid(691191e6522114e5384a7edcbe031f58) Importer(815301076,1909f56bfc062723c751e8b465ee728b)
Start importing Assets/GUI PRO Kit - Simple Casual/Sprite/Component/Icon_PictoIcons_(x2)/PictoIcons_256/Pictoicon_pouch.png using Guid(691191e6522114e5384a7edcbe031f58) Importer(815301076,1909f56bfc062723c751e8b465ee728b)  -> (artifact id: '9c95caa98c8dc8a9aeac864d6c831245') in 0.018211 seconds
Number of updated asset objects reloaded before import = 0
Number of asset objects unloaded after import = 3
========================================================================
Received Import Request.
  Time since last request: 0.006187 seconds.
  path: Assets/GUI PRO Kit - Simple Casual/Sprite/Component/Icon_PictoIcons_(x2)/PictoIcons_256/Pictoicon_quit.png
  artifactKey: Guid(572e17a64d18c49129f19a8b9817c2cb) Importer(815301076,1909f56bfc062723c751e8b465ee728b)
Start importing Assets/GUI PRO Kit - Simple Casual/Sprite/Component/Icon_PictoIcons_(x2)/PictoIcons_256/Pictoicon_quit.png using Guid(572e17a64d18c49129f19a8b9817c2cb) Importer(815301076,1909f56bfc062723c751e8b465ee728b)  -> (artifact id: 'd087773323f876e9404782976dd46577') in 0.022928 seconds
Number of updated asset objects reloaded before import = 0
Number of asset objects unloaded after import = 3
========================================================================
Received Import Request.
  Time since last request: 0.000029 seconds.
  path: Assets/GUI PRO Kit - Simple Casual/Sprite/Component/Icon_PictoIcons_(x2)/PictoIcons_256/Pictoicon_ranking_3.png
  artifactKey: Guid(1b8d6d9dceec24c8696b8fe9f9085e17) Importer(815301076,1909f56bfc062723c751e8b465ee728b)
Start importing Assets/GUI PRO Kit - Simple Casual/Sprite/Component/Icon_PictoIcons_(x2)/PictoIcons_256/Pictoicon_ranking_3.png using Guid(1b8d6d9dceec24c8696b8fe9f9085e17) Importer(815301076,1909f56bfc062723c751e8b465ee728b)  -> (artifact id: 'e291561ae9e67141378a28fd310b5e73') in 0.019707 seconds
Number of updated asset objects reloaded before import = 0
Number of asset objects unloaded after import = 3
========================================================================
Received Import Request.
  Time since last request: 0.000020 seconds.
  path: Assets/GUI PRO Kit - Simple Casual/Sprite/Component/Icon_PictoIcons_(x2)/PictoIcons_256/Pictoicon_revival.png
  artifactKey: Guid(008af47a645f94ee89eeb706d93916dd) Importer(815301076,1909f56bfc062723c751e8b465ee728b)
Start importing Assets/GUI PRO Kit - Simple Casual/Sprite/Component/Icon_PictoIcons_(x2)/PictoIcons_256/Pictoicon_revival.png using Guid(008af47a645f94ee89eeb706d93916dd) Importer(815301076,1909f56bfc062723c751e8b465ee728b)  -> (artifact id: 'e0f126a616c902058a141c52111279ee') in 0.020207 seconds
Number of updated asset objects reloaded before import = 0
Number of asset objects unloaded after import = 3
========================================================================
Received Prepare
Begin MonoManager ReloadAssembly
- Loaded All Assemblies, in  0.456 seconds
Refreshing native plugins compatible for Editor in 3.42 ms, found 7 plugins.
Native extension for WindowsStandalone target not found
Native extension for Android target not found
[Package Manager] Server::EnsureServerProcessIsRunning -- launch failed, reason: Unity was launched with the -noUpm command-line argument
[Package Manager] UpmClient::Send -- Unable to send message (not connected to UPM process).
[Package Manager] Cannot connect to Unity Package Manager local server
Mono: successfully reloaded assembly
- Finished resetting the current domain, in  0.964 seconds
Domain Reload Profiling: 1418ms
	BeginReloadAssembly (153ms)
		ExecutionOrderSort (0ms)
		DisableScriptedObjects (10ms)
		BackupInstance (0ms)
		ReleaseScriptingObjects (0ms)
		CreateAndSetChildDomain (38ms)
	RebuildCommonClasses (32ms)
	RebuildNativeTypeToScriptingClass (11ms)
	initialDomainReloadingComplete (27ms)
	LoadAllAssembliesAndSetupDomain (230ms)
		LoadAssemblies (297ms)
		RebuildTransferFunctionScriptingTraits (0ms)
		AnalyzeDomain (12ms)
			TypeCache.Refresh (7ms)
				TypeCache.ScanAssembly (0ms)
			ScanForSourceGeneratedMonoScriptInfo (0ms)
			ResolveRequiredComponents (4ms)
	FinalizeReload (964ms)
		ReleaseScriptCaches (0ms)
		RebuildScriptCaches (0ms)
		SetupLoadedEditorAssemblies (427ms)
			LogAssemblyErrors (0ms)
			InitializePlatformSupportModulesInManaged (23ms)
			SetLoadedEditorAssemblies (4ms)
			RefreshPlugins (0ms)
			BeforeProcessingInitializeOnLoad (67ms)
			ProcessInitializeOnLoadAttributes (295ms)
			ProcessInitializeOnLoadMethodAttributes (33ms)
			AfterProcessingInitializeOnLoad (5ms)
			EditorAssembliesLoaded (0ms)
		ExecutionOrderSort2 (0ms)
		AwakeInstancesAfterBackupRestoration (13ms)
Refreshing native plugins compatible for Editor in 4.35 ms, found 7 plugins.
Preloading 0 native plugins for Editor in 0.00 ms.
Unloading 4244 Unused Serialized files (Serialized files now loaded: 0)
Unloading 55 unused Assets / (0.6 MB). Loaded Objects now: 4726.
Memory consumption went from 157.5 MB to 156.9 MB.
Total: 3.422400 ms (FindLiveObjects: 0.321900 ms CreateObjectMapping: 0.235900 ms MarkObjects: 2.321000 ms  DeleteObjects: 0.542500 ms)

Prepare: number of updated asset objects reloaded= 0
AssetImportParameters requested are different than current active one (requested -> active):
  custom:container-demuxer-ogg: 62fdf1f143b41e24485cea50d1cbac27 -> 
  custom:video-codec-MediaFoundation-h265: 746d11721c4dcdbdad8f713fa42b33f4 -> 
  custom:video-decoder-ogg-theora: a1e56fd34408186e4bbccfd4996cb3dc -> 
  custom:framework-win-MediaFoundation: 216162199b28c13a410421893ffa2e32 -> 
  custom:CustomObjectIndexerAttribute: 6d391050e5a25f67b0a2c618074f2cd9 -> 
  custom:container-demuxer-webm: 4f35f7cbe854078d1ac9338744f61a02 -> 
  custom:container-muxer-webm: aa71ff27fc2769a1b78a27578f13a17b -> 
  custom:video-decoder-webm-vp8: 9c59270c3fd7afecdb556c50c9e8de78 -> 
  custom:SearchIndexIgnoredProperties: e643bd26f0fe6173181afceb89e7c659 -> 
  custom:AudioImporter_EditorPlatform: d09bf68614088b80899f8185d706f6e7 -> 
  custom:video-encoder-webm-vp8: eb34c28f22e8b96e1ab97ce403110664 -> 
  custom:audio-decoder-ogg-vorbis: bf7c407c2cedff20999df2af8eb42d56 -> 
  custom:audio-encoder-webm-vorbis: bf7c407c2cedff20999df2af8eb42d56 -> 
========================================================================
Received Import Request.
  Time since last request: 1775.842223 seconds.
  path: Assets/GUI PRO Kit - Simple Casual/Sprite/Component/Slider/Slider_Custom/Slider16_White_Fill2.png
  artifactKey: Guid(67b228ebfb648433fb26a7a55f2aee49) Importer(815301076,1909f56bfc062723c751e8b465ee728b)
Start importing Assets/GUI PRO Kit - Simple Casual/Sprite/Component/Slider/Slider_Custom/Slider16_White_Fill2.png using Guid(67b228ebfb648433fb26a7a55f2aee49) Importer(815301076,1909f56bfc062723c751e8b465ee728b)  -> (artifact id: 'e477692e83af3de88ebf4abeaf31377e') in 0.077447 seconds
Number of updated asset objects reloaded before import = 0
Number of asset objects unloaded after import = 3
========================================================================
Received Import Request.
  Time since last request: 0.000026 seconds.
  path: Assets/GUI PRO Kit - Simple Casual/Sprite/Component/Slider/Slider_Custom/Slider16_White_Icon01_1.png
  artifactKey: Guid(e3e8ebde208f344118e5a073a275eb43) Importer(815301076,1909f56bfc062723c751e8b465ee728b)
Start importing Assets/GUI PRO Kit - Simple Casual/Sprite/Component/Slider/Slider_Custom/Slider16_White_Icon01_1.png using Guid(e3e8ebde208f344118e5a073a275eb43) Importer(815301076,1909f56bfc062723c751e8b465ee728b)  -> (artifact id: 'd3d26c004a3970e0581de51296777be5') in 0.024036 seconds
Number of updated asset objects reloaded before import = 0
Number of asset objects unloaded after import = 3
========================================================================
Received Import Request.
  Time since last request: 0.000021 seconds.
  path: Assets/GUI PRO Kit - Simple Casual/Sprite/Component/Slider/Slider_Custom/Slider16_White_Icon01_2.png
  artifactKey: Guid(66ae9ca1a9b5d4807a8cc7540e905767) Importer(815301076,1909f56bfc062723c751e8b465ee728b)
Start importing Assets/GUI PRO Kit - Simple Casual/Sprite/Component/Slider/Slider_Custom/Slider16_White_Icon01_2.png using Guid(66ae9ca1a9b5d4807a8cc7540e905767) Importer(815301076,1909f56bfc062723c751e8b465ee728b)  -> (artifact id: '82409141031d0564a147cb5a1026bab7') in 0.025004 seconds
Number of updated asset objects reloaded before import = 0
Number of asset objects unloaded after import = 3
========================================================================
Received Import Request.
  Time since last request: 0.000025 seconds.
  path: Assets/GUI PRO Kit - Simple Casual/Sprite/Component/Slider/Slider_Custom/Slider16_White_Icon03_1.png
  artifactKey: Guid(7cc8fa58c2ece4a23929fdf9f8235421) Importer(815301076,1909f56bfc062723c751e8b465ee728b)
Start importing Assets/GUI PRO Kit - Simple Casual/Sprite/Component/Slider/Slider_Custom/Slider16_White_Icon03_1.png using Guid(7cc8fa58c2ece4a23929fdf9f8235421) Importer(815301076,1909f56bfc062723c751e8b465ee728b)  -> (artifact id: 'be7a7260ac9ca92e6d6f9fd6213d9d6a') in 0.027968 seconds
Number of updated asset objects reloaded before import = 0
Number of asset objects unloaded after import = 3
========================================================================
Received Import Request.
  Time since last request: 0.059203 seconds.
  path: Assets/GUI PRO Kit - Simple Casual/Sprite/Component/Slider/Slider_Custom/Slider17_White_Fill1.png
  artifactKey: Guid(73dc3efa4532743caa79fcf5c50a84c7) Importer(815301076,1909f56bfc062723c751e8b465ee728b)
Start importing Assets/GUI PRO Kit - Simple Casual/Sprite/Component/Slider/Slider_Custom/Slider17_White_Fill1.png using Guid(73dc3efa4532743caa79fcf5c50a84c7) Importer(815301076,1909f56bfc062723c751e8b465ee728b)  -> (artifact id: '32f56bbcbf5e63e623cda2044e0540ea') in 0.018774 seconds
Number of updated asset objects reloaded before import = 0
Number of asset objects unloaded after import = 3
========================================================================
Received Import Request.
  Time since last request: 0.000019 seconds.
  path: Assets/GUI PRO Kit - Simple Casual/Sprite/Component/Slider/Slider_Custom/Slider17_White_FillArea.png
  artifactKey: Guid(cda0aaaa4ca6b4c8cbdd8e7c4eb85d28) Importer(815301076,1909f56bfc062723c751e8b465ee728b)
Start importing Assets/GUI PRO Kit - Simple Casual/Sprite/Component/Slider/Slider_Custom/Slider17_White_FillArea.png using Guid(cda0aaaa4ca6b4c8cbdd8e7c4eb85d28) Importer(815301076,1909f56bfc062723c751e8b465ee728b)  -> (artifact id: '6fd28838320efad925c407589d487ce7') in 0.020698 seconds
Number of updated asset objects reloaded before import = 0
Number of asset objects unloaded after import = 3
========================================================================
Received Import Request.
  Time since last request: 0.000021 seconds.
  path: Assets/GUI PRO Kit - Simple Casual/Sprite/Component/Slider/Slider_Custom/Slider17_White_TickMark.png
  artifactKey: Guid(7d5478914391f47d8bc57832a098a875) Importer(815301076,1909f56bfc062723c751e8b465ee728b)
Start importing Assets/GUI PRO Kit - Simple Casual/Sprite/Component/Slider/Slider_Custom/Slider17_White_TickMark.png using Guid(7d5478914391f47d8bc57832a098a875) Importer(815301076,1909f56bfc062723c751e8b465ee728b)  -> (artifact id: '41adfa1cdfb4cbb175ea93ecea870567') in 0.024494 seconds
Number of updated asset objects reloaded before import = 0
Number of asset objects unloaded after import = 3
========================================================================
Received Import Request.
  Time since last request: 0.000024 seconds.
  path: Assets/GUI PRO Kit - Simple Casual/Sprite/Component/Slider/Slider_Custom/Slider17_White_Frame.png
  artifactKey: Guid(1b158b06af7a949c58b227cf4f0bfec2) Importer(815301076,1909f56bfc062723c751e8b465ee728b)
Start importing Assets/GUI PRO Kit - Simple Casual/Sprite/Component/Slider/Slider_Custom/Slider17_White_Frame.png using Guid(1b158b06af7a949c58b227cf4f0bfec2) Importer(815301076,1909f56bfc062723c751e8b465ee728b)  -> (artifact id: 'e51eaad194342ffc9859a2116de79272') in 0.020644 seconds
Number of updated asset objects reloaded before import = 0
Number of asset objects unloaded after import = 3
========================================================================
Received Import Request.
  Time since last request: 0.000021 seconds.
  path: Assets/GUI PRO Kit - Simple Casual/Sprite/Component/Slider/Slider_Custom/Slider21_White.png
  artifactKey: Guid(86977be34e5ef419aa8137fb1c7a380c) Importer(815301076,1909f56bfc062723c751e8b465ee728b)
Start importing Assets/GUI PRO Kit - Simple Casual/Sprite/Component/Slider/Slider_Custom/Slider21_White.png using Guid(86977be34e5ef419aa8137fb1c7a380c) Importer(815301076,1909f56bfc062723c751e8b465ee728b)  -> (artifact id: '05b043a4d0c3255881d6c9e1517780d8') in 0.019954 seconds
Number of updated asset objects reloaded before import = 0
Number of asset objects unloaded after import = 3
========================================================================
Received Import Request.
  Time since last request: 0.000022 seconds.
  path: Assets/GUI PRO Kit - Simple Casual/Sprite/Component/Slider/Slider_Custom/Slider21_White_Icon3.png
  artifactKey: Guid(8bfae4490f83b4ff39badb4d7ec5f35f) Importer(815301076,1909f56bfc062723c751e8b465ee728b)
Start importing Assets/GUI PRO Kit - Simple Casual/Sprite/Component/Slider/Slider_Custom/Slider21_White_Icon3.png using Guid(8bfae4490f83b4ff39badb4d7ec5f35f) Importer(815301076,1909f56bfc062723c751e8b465ee728b)  -> (artifact id: 'ab2e1563cbf5b76a042b46bff03173bd') in 0.018059 seconds
Number of updated asset objects reloaded before import = 0
Number of asset objects unloaded after import = 3
========================================================================
Received Import Request.
  Time since last request: 0.000034 seconds.
  path: Assets/GUI PRO Kit - Simple Casual/Sprite/Component/Slider/Slider_Custom/Slider21_White_Icon1.png
  artifactKey: Guid(26a122897c4434a0f8f0a8a36ac99256) Importer(815301076,1909f56bfc062723c751e8b465ee728b)
Start importing Assets/GUI PRO Kit - Simple Casual/Sprite/Component/Slider/Slider_Custom/Slider21_White_Icon1.png using Guid(26a122897c4434a0f8f0a8a36ac99256) Importer(815301076,1909f56bfc062723c751e8b465ee728b)  -> (artifact id: '8264a6f10565278e8c48c95807d48e9b') in 0.018909 seconds
Number of updated asset objects reloaded before import = 0
Number of asset objects unloaded after import = 3
========================================================================
Received Import Request.
  Time since last request: 0.000030 seconds.
  path: Assets/GUI PRO Kit - Simple Casual/Sprite/Component/Slider/Slider_Custom/Slider21_White_Icon2.png
  artifactKey: Guid(806e329b1a4ed40eb8072f30c100950d) Importer(815301076,1909f56bfc062723c751e8b465ee728b)
Start importing Assets/GUI PRO Kit - Simple Casual/Sprite/Component/Slider/Slider_Custom/Slider21_White_Icon2.png using Guid(806e329b1a4ed40eb8072f30c100950d) Importer(815301076,1909f56bfc062723c751e8b465ee728b)  -> (artifact id: 'dc90ec30ec2ef8ab828922272d1c8718') in 0.024441 seconds
Number of updated asset objects reloaded before import = 0
Number of asset objects unloaded after import = 3
========================================================================
Received Import Request.
  Time since last request: 0.000025 seconds.
  path: Assets/GUI PRO Kit - Simple Casual/Sprite/Component/Slider/Slider_Custom/Slider22_White_Icon3.png
  artifactKey: Guid(f3e0129a36f2c4f24ad6d69982ed2b4c) Importer(815301076,1909f56bfc062723c751e8b465ee728b)
Start importing Assets/GUI PRO Kit - Simple Casual/Sprite/Component/Slider/Slider_Custom/Slider22_White_Icon3.png using Guid(f3e0129a36f2c4f24ad6d69982ed2b4c) Importer(815301076,1909f56bfc062723c751e8b465ee728b)  -> (artifact id: '1b88d5c4a3b72bd3fe550783edcb6b73') in 0.019323 seconds
Number of updated asset objects reloaded before import = 0
Number of asset objects unloaded after import = 3
========================================================================
Received Import Request.
  Time since last request: 0.000034 seconds.
  path: Assets/GUI PRO Kit - Simple Casual/Sprite/Component/Slider/Slider_Custom/SliderGroup_Pass_White_Fill.png
  artifactKey: Guid(c3aa8bc4fb716401ca32ee9904a18bb0) Importer(815301076,1909f56bfc062723c751e8b465ee728b)
Start importing Assets/GUI PRO Kit - Simple Casual/Sprite/Component/Slider/Slider_Custom/SliderGroup_Pass_White_Fill.png using Guid(c3aa8bc4fb716401ca32ee9904a18bb0) Importer(815301076,1909f56bfc062723c751e8b465ee728b)  -> (artifact id: '590908addae0fe58a4934924d3d0b4d7') in 0.017418 seconds
Number of updated asset objects reloaded before import = 0
Number of asset objects unloaded after import = 3
========================================================================
Received Import Request.
  Time since last request: 0.000018 seconds.
  path: Assets/GUI PRO Kit - Simple Casual/Sprite/Component/Slider/Slider_Custom/slider_pass_icon02.png
  artifactKey: Guid(be280773a1dc2419cbe5b3d734c5c4d5) Importer(815301076,1909f56bfc062723c751e8b465ee728b)
Start importing Assets/GUI PRO Kit - Simple Casual/Sprite/Component/Slider/Slider_Custom/slider_pass_icon02.png using Guid(be280773a1dc2419cbe5b3d734c5c4d5) Importer(815301076,1909f56bfc062723c751e8b465ee728b)  -> (artifact id: '51485775d33ec4af390213a52627eeb4') in 0.020853 seconds
Number of updated asset objects reloaded before import = 0
Number of asset objects unloaded after import = 3
========================================================================
Received Import Request.
  Time since last request: 0.000021 seconds.
  path: Assets/GUI PRO Kit - Simple Casual/Sprite/Component/Slider/Slider_Custom/Slider23_White_Fill.png
  artifactKey: Guid(cd1605a167b6f4538b94e7fe8fe96b02) Importer(815301076,1909f56bfc062723c751e8b465ee728b)
Start importing Assets/GUI PRO Kit - Simple Casual/Sprite/Component/Slider/Slider_Custom/Slider23_White_Fill.png using Guid(cd1605a167b6f4538b94e7fe8fe96b02) Importer(815301076,1909f56bfc062723c751e8b465ee728b)  -> (artifact id: '009e9ec9c25c86d66718321cf7a9b635') in 0.019989 seconds
Number of updated asset objects reloaded before import = 0
Number of asset objects unloaded after import = 3
========================================================================
Received Import Request.
  Time since last request: 0.000025 seconds.
  path: Assets/GUI PRO Kit - Simple Casual/Sprite/Component/Slider/Slider_Custom/Slider22_White_Icon2.png
  artifactKey: Guid(585301c8b46b14032bb0814cf4e161ea) Importer(815301076,1909f56bfc062723c751e8b465ee728b)
Start importing Assets/GUI PRO Kit - Simple Casual/Sprite/Component/Slider/Slider_Custom/Slider22_White_Icon2.png using Guid(585301c8b46b14032bb0814cf4e161ea) Importer(815301076,1909f56bfc062723c751e8b465ee728b)  -> (artifact id: 'fda556c13e5e94d3365a6170a28dbb65') in 0.020360 seconds
Number of updated asset objects reloaded before import = 0
Number of asset objects unloaded after import = 3
========================================================================
Received Import Request.
  Time since last request: 0.170926 seconds.
  path: Assets/GUI PRO Kit - Simple Casual/Sprite/Component/Slider/Slider_Custom/SliderGroup_Pass_White_Frame.png
  artifactKey: Guid(2fb65c88343e841d19f17869d195a2a6) Importer(815301076,1909f56bfc062723c751e8b465ee728b)
Start importing Assets/GUI PRO Kit - Simple Casual/Sprite/Component/Slider/Slider_Custom/SliderGroup_Pass_White_Frame.png using Guid(2fb65c88343e841d19f17869d195a2a6) Importer(815301076,1909f56bfc062723c751e8b465ee728b)  -> (artifact id: '932acb653127955fccea42fb9d914c6a') in 0.018985 seconds
Number of updated asset objects reloaded before import = 0
Number of asset objects unloaded after import = 3
========================================================================
Received Import Request.
  Time since last request: 0.000023 seconds.
  path: Assets/GUI PRO Kit - Simple Casual/Sprite/Component/Slider/Slider_Custom/SliderGroup_Player1_White_Frame.png
  artifactKey: Guid(94b3e662f43e64db9a29241ac3857ac9) Importer(815301076,1909f56bfc062723c751e8b465ee728b)
Start importing Assets/GUI PRO Kit - Simple Casual/Sprite/Component/Slider/Slider_Custom/SliderGroup_Player1_White_Frame.png using Guid(94b3e662f43e64db9a29241ac3857ac9) Importer(815301076,1909f56bfc062723c751e8b465ee728b)  -> (artifact id: 'cbd39603d5b6fccbd7eeb7b698a8a9d1') in 0.022386 seconds
Number of updated asset objects reloaded before import = 0
Number of asset objects unloaded after import = 3
========================================================================
Received Import Request.
  Time since last request: 0.000019 seconds.
  path: Assets/GUI PRO Kit - Simple Casual/Sprite/Component/Slider/Slider_Custom/SliderGroup_Player2_White_Fill.png
  artifactKey: Guid(a3b8d632c93034908804b23ee2921260) Importer(815301076,1909f56bfc062723c751e8b465ee728b)
Start importing Assets/GUI PRO Kit - Simple Casual/Sprite/Component/Slider/Slider_Custom/SliderGroup_Player2_White_Fill.png using Guid(a3b8d632c93034908804b23ee2921260) Importer(815301076,1909f56bfc062723c751e8b465ee728b)  -> (artifact id: '1e840e42ef338672cd8a128fdecc2de3') in 0.020798 seconds
Number of updated asset objects reloaded before import = 0
Number of asset objects unloaded after import = 3
========================================================================
Received Import Request.
  Time since last request: 0.000023 seconds.
  path: Assets/GUI PRO Kit - Simple Casual/Sprite/Component/Slider/Slider_Custom/SliderGroup_Player2_White_Icon1.png
  artifactKey: Guid(831f14a184dc545c393ebcec7a5dccbc) Importer(815301076,1909f56bfc062723c751e8b465ee728b)
Start importing Assets/GUI PRO Kit - Simple Casual/Sprite/Component/Slider/Slider_Custom/SliderGroup_Player2_White_Icon1.png using Guid(831f14a184dc545c393ebcec7a5dccbc) Importer(815301076,1909f56bfc062723c751e8b465ee728b)  -> (artifact id: 'e6e0056d9eaa94d75f5e506df6d4da76') in 0.015885 seconds
Number of updated asset objects reloaded before import = 0
Number of asset objects unloaded after import = 3
========================================================================
Received Import Request.
  Time since last request: 0.000020 seconds.
  path: Assets/GUI PRO Kit - Simple Casual/Sprite/Component/Slider/Slider_Custom/UserInfo_White_Fill01.png
  artifactKey: Guid(b64499316be18495098a628ae7c8754d) Importer(815301076,1909f56bfc062723c751e8b465ee728b)
Start importing Assets/GUI PRO Kit - Simple Casual/Sprite/Component/Slider/Slider_Custom/UserInfo_White_Fill01.png using Guid(b64499316be18495098a628ae7c8754d) Importer(815301076,1909f56bfc062723c751e8b465ee728b)  -> (artifact id: 'a672c01627b7d8b7f041d8b106eb9f98') in 0.018294 seconds
Number of updated asset objects reloaded before import = 0
Number of asset objects unloaded after import = 3
========================================================================
Received Import Request.
  Time since last request: 0.000031 seconds.
  path: Assets/GUI PRO Kit - Simple Casual/Sprite/Component/Slider/Slider_Custom/UserInfo_White_FillArea01.png
  artifactKey: Guid(f41870dbc2ca04c9e96eb16094f3a983) Importer(815301076,1909f56bfc062723c751e8b465ee728b)
Start importing Assets/GUI PRO Kit - Simple Casual/Sprite/Component/Slider/Slider_Custom/UserInfo_White_FillArea01.png using Guid(f41870dbc2ca04c9e96eb16094f3a983) Importer(815301076,1909f56bfc062723c751e8b465ee728b)  -> (artifact id: '048495f17b4da3e7e02c0cd9bb6504c1') in 0.022887 seconds
Number of updated asset objects reloaded before import = 0
Number of asset objects unloaded after import = 3
========================================================================
Received Import Request.
  Time since last request: 0.000021 seconds.
  path: Assets/GUI PRO Kit - Simple Casual/Sprite/Component/Slider/Slider_Custom/SliderGroup_Player2_White_FillArea.png
  artifactKey: Guid(928b4e942bd3745df8c38658655b3f3e) Importer(815301076,1909f56bfc062723c751e8b465ee728b)
Start importing Assets/GUI PRO Kit - Simple Casual/Sprite/Component/Slider/Slider_Custom/SliderGroup_Player2_White_FillArea.png using Guid(928b4e942bd3745df8c38658655b3f3e) Importer(815301076,1909f56bfc062723c751e8b465ee728b)  -> (artifact id: '49a3cffbb5622bc9a4dd93cb0f32de81') in 0.024133 seconds
Number of updated asset objects reloaded before import = 0
Number of asset objects unloaded after import = 3
========================================================================
Received Import Request.
  Time since last request: 0.000032 seconds.
  path: Assets/GUI PRO Kit - Simple Casual/Sprite/Component/Slider/Slider_Custom/UserInfo_White_FillArea02.png
  artifactKey: Guid(6a9d20d58849745d29517a68f9d5cfcf) Importer(815301076,1909f56bfc062723c751e8b465ee728b)
Start importing Assets/GUI PRO Kit - Simple Casual/Sprite/Component/Slider/Slider_Custom/UserInfo_White_FillArea02.png using Guid(6a9d20d58849745d29517a68f9d5cfcf) Importer(815301076,1909f56bfc062723c751e8b465ee728b)  -> (artifact id: 'e423553b27e012a70d3ee1a5509e1efd') in 0.025492 seconds
Number of updated asset objects reloaded before import = 0
Number of asset objects unloaded after import = 3
========================================================================
Received Import Request.
  Time since last request: 0.000031 seconds.
  path: Assets/GUI PRO Kit - Simple Casual/Sprite/Component/Slider/Slider_Custom/SliderGroup_Player1_White_FillArea.png
  artifactKey: Guid(7cfb47df078b748a1bcd014df1f055a2) Importer(815301076,1909f56bfc062723c751e8b465ee728b)
Start importing Assets/GUI PRO Kit - Simple Casual/Sprite/Component/Slider/Slider_Custom/SliderGroup_Player1_White_FillArea.png using Guid(7cfb47df078b748a1bcd014df1f055a2) Importer(815301076,1909f56bfc062723c751e8b465ee728b)  -> (artifact id: '59e5db6a36d299a23921f63ec391df29') in 0.020205 seconds
Number of updated asset objects reloaded before import = 0
Number of asset objects unloaded after import = 3
========================================================================
Received Import Request.
  Time since last request: 0.170524 seconds.
  path: Assets/GUI PRO Kit - Simple Casual/Sprite/Component/Slider/Slider_Custom/UserInfo_White_Icon01_2.png
  artifactKey: Guid(c112ce66e3cf64a9b809ed7adf9523d9) Importer(815301076,1909f56bfc062723c751e8b465ee728b)
Start importing Assets/GUI PRO Kit - Simple Casual/Sprite/Component/Slider/Slider_Custom/UserInfo_White_Icon01_2.png using Guid(c112ce66e3cf64a9b809ed7adf9523d9) Importer(815301076,1909f56bfc062723c751e8b465ee728b)  -> (artifact id: '9c91c7fd23746136de6ff8e7bbba0919') in 0.020846 seconds
Number of updated asset objects reloaded before import = 0
Number of asset objects unloaded after import = 3
Editor requested this worker to shutdown with reason: Scaling down because of idle timeout
TcpMessagingSession - receive error: operation aborted. errorcode: 995, details:  /   -       .
AssetImportWorker is now disconnected from the server
Process exiting
Exiting without the bug reporter. Application will terminate with return code 0