Using pre-set license
Built from '2022.3/release' branch; Version is '2022.3.20f1 (61c2feb0970d) revision 6406910'; Using compiler version '192829333'; Build Type 'Release'
OS: 'Windows 11  (10.0.22631) 64bit Core' Language: 'ru' Physical Memory: 32581 MB
BatchMode: 1, IsHumanControllingUs: 0, StartBugReporterOnCrash: 0, Is64bit: 1, IsPro: 1

COMMAND LINE ARGUMENTS:
C:\Program Files\Unity\Hub\Editor\2022.3.20f1\Editor\Unity.exe
-adb2
-batchMode
-noUpm
-name
AssetImportWorker0
-projectPath
C:/Users/deree/OneDrive/Вкладення/Документи/GitHub/Pin-Slots-UP
-logFile
Logs/AssetImportWorker0.log
-srvPort
62362
Successfully changed project path to: C:/Users/deree/OneDrive/Вкладення/Документи/GitHub/Pin-Slots-UP
C:/Users/deree/OneDrive/Вкладення/Документи/GitHub/Pin-Slots-UP
[UnityMemory] Configuration Parameters - Can be set up in boot.config
    "memorysetup-bucket-allocator-granularity=16"
    "memorysetup-bucket-allocator-bucket-count=8"
    "memorysetup-bucket-allocator-block-size=33554432"
    "memorysetup-bucket-allocator-block-count=8"
    "memorysetup-main-allocator-block-size=16777216"
    "memorysetup-thread-allocator-block-size=16777216"
    "memorysetup-gfx-main-allocator-block-size=16777216"
    "memorysetup-gfx-thread-allocator-block-size=16777216"
    "memorysetup-cache-allocator-block-size=4194304"
    "memorysetup-typetree-allocator-block-size=2097152"
    "memorysetup-profiler-bucket-allocator-granularity=16"
    "memorysetup-profiler-bucket-allocator-bucket-count=8"
    "memorysetup-profiler-bucket-allocator-block-size=33554432"
    "memorysetup-profiler-bucket-allocator-block-count=8"
    "memorysetup-profiler-allocator-block-size=16777216"
    "memorysetup-profiler-editor-allocator-block-size=1048576"
    "memorysetup-temp-allocator-size-main=16777216"
    "memorysetup-job-temp-allocator-block-size=2097152"
    "memorysetup-job-temp-allocator-block-size-background=1048576"
    "memorysetup-job-temp-allocator-reduction-small-platforms=262144"
    "memorysetup-allocator-temp-initial-block-size-main=262144"
    "memorysetup-allocator-temp-initial-block-size-worker=262144"
    "memorysetup-temp-allocator-size-background-worker=32768"
    "memorysetup-temp-allocator-size-job-worker=262144"
    "memorysetup-temp-allocator-size-preload-manager=33554432"
    "memorysetup-temp-allocator-size-nav-mesh-worker=65536"
    "memorysetup-temp-allocator-size-audio-worker=65536"
    "memorysetup-temp-allocator-size-cloud-worker=32768"
    "memorysetup-temp-allocator-size-gi-baking-worker=262144"
    "memorysetup-temp-allocator-size-gfx=262144"
Player connection [11120] Host "[IP] 192.168.3.144 [Port] 0 [Flags] 2 [Guid] 793532898 [EditorId] 793532898 [Version] 1048832 [Id] WindowsEditor(7,DESKTOP-B2Q3F8V) [Debug] 1 [PackageName] WindowsEditor [ProjectName] Editor" joined multi-casting on [225.0.0.222:54997]...

Player connection [11120] Host "[IP] 192.168.3.144 [Port] 0 [Flags] 2 [Guid] 793532898 [EditorId] 793532898 [Version] 1048832 [Id] WindowsEditor(7,DESKTOP-B2Q3F8V) [Debug] 1 [PackageName] WindowsEditor [ProjectName] Editor" joined alternative multi-casting on [225.0.0.222:34997]...

[Physics::Module] Initialized MultithreadedJobDispatcher with 11 workers.
Refreshing native plugins compatible for Editor in 14.50 ms, found 7 plugins.
Preloading 0 native plugins for Editor in 0.00 ms.
Initialize engine version: 2022.3.20f1 (61c2feb0970d)
[Subsystems] Discovering subsystems at path C:/Program Files/Unity/Hub/Editor/2022.3.20f1/Editor/Data/Resources/UnitySubsystems
[Subsystems] Discovering subsystems at path C:/Users/deree/OneDrive/Вкладення/Документи/GitHub/Pin-Slots-UP/Assets
GfxDevice: creating device client; threaded=0; jobified=0
Direct3D:
    Version:  Direct3D 11.0 [level 11.1]
    Renderer: NVIDIA GeForce RTX 4060 Ti (ID=0x2803)
    Vendor:   NVIDIA
    VRAM:     7963 MB
    Driver:   31.0.15.3203
Initialize mono
Mono path[0] = 'C:/Program Files/Unity/Hub/Editor/2022.3.20f1/Editor/Data/Managed'
Mono path[1] = 'C:/Program Files/Unity/Hub/Editor/2022.3.20f1/Editor/Data/MonoBleedingEdge/lib/mono/unityjit-win32'
Mono config path = 'C:/Program Files/Unity/Hub/Editor/2022.3.20f1/Editor/Data/MonoBleedingEdge/etc'
Using monoOptions --debugger-agent=transport=dt_socket,embedding=1,server=y,suspend=n,address=127.0.0.1:56916
Begin MonoManager ReloadAssembly
Registering precompiled unity dll's ...
Register platform support module: C:/Program Files/Unity/Hub/Editor/2022.3.20f1/Editor/Data/PlaybackEngines/AndroidPlayer/UnityEditor.Android.Extensions.dll
Register platform support module: C:/Program Files/Unity/Hub/Editor/2022.3.20f1/Editor/Data/PlaybackEngines/WindowsStandaloneSupport/UnityEditor.WindowsStandalone.Extensions.dll
Registered in 0.010153 seconds.
- Loaded All Assemblies, in  0.343 seconds
Native extension for WindowsStandalone target not found
Native extension for Android target not found
Android Extension - Scanning For ADB Devices 1792 ms
Mono: successfully reloaded assembly
- Finished resetting the current domain, in  2.127 seconds
Domain Reload Profiling: 2469ms
	BeginReloadAssembly (99ms)
		ExecutionOrderSort (0ms)
		DisableScriptedObjects (0ms)
		BackupInstance (0ms)
		ReleaseScriptingObjects (0ms)
		CreateAndSetChildDomain (1ms)
	RebuildCommonClasses (36ms)
	RebuildNativeTypeToScriptingClass (11ms)
	initialDomainReloadingComplete (60ms)
	LoadAllAssembliesAndSetupDomain (134ms)
		LoadAssemblies (98ms)
		RebuildTransferFunctionScriptingTraits (0ms)
		AnalyzeDomain (132ms)
			TypeCache.Refresh (130ms)
				TypeCache.ScanAssembly (118ms)
			ScanForSourceGeneratedMonoScriptInfo (0ms)
			ResolveRequiredComponents (0ms)
	FinalizeReload (2128ms)
		ReleaseScriptCaches (0ms)
		RebuildScriptCaches (0ms)
		SetupLoadedEditorAssemblies (2069ms)
			LogAssemblyErrors (0ms)
			InitializePlatformSupportModulesInManaged (1910ms)
			SetLoadedEditorAssemblies (4ms)
			RefreshPlugins (0ms)
			BeforeProcessingInitializeOnLoad (3ms)
			ProcessInitializeOnLoadAttributes (109ms)
			ProcessInitializeOnLoadMethodAttributes (43ms)
			AfterProcessingInitializeOnLoad (0ms)
			EditorAssembliesLoaded (0ms)
		ExecutionOrderSort2 (0ms)
		AwakeInstancesAfterBackupRestoration (0ms)
========================================================================
Worker process is ready to serve import requests
Begin MonoManager ReloadAssembly
- Loaded All Assemblies, in  0.728 seconds
Refreshing native plugins compatible for Editor in 6.39 ms, found 7 plugins.
Native extension for WindowsStandalone target not found
Native extension for Android target not found
Package Manager log level set to [2]
[Package Manager] Server::EnsureServerProcessIsRunning -- launch failed, reason: Unity was launched with the -noUpm command-line argument
[Package Manager] UpmClient::Send -- Unable to send message (not connected to UPM process).
[Package Manager] Cannot connect to Unity Package Manager local server
Mono: successfully reloaded assembly
- Finished resetting the current domain, in  0.783 seconds
Domain Reload Profiling: 1507ms
	BeginReloadAssembly (142ms)
		ExecutionOrderSort (0ms)
		DisableScriptedObjects (6ms)
		BackupInstance (0ms)
		ReleaseScriptingObjects (0ms)
		CreateAndSetChildDomain (19ms)
	RebuildCommonClasses (35ms)
	RebuildNativeTypeToScriptingClass (13ms)
	initialDomainReloadingComplete (46ms)
	LoadAllAssembliesAndSetupDomain (487ms)
		LoadAssemblies (371ms)
		RebuildTransferFunctionScriptingTraits (0ms)
		AnalyzeDomain (200ms)
			TypeCache.Refresh (171ms)
				TypeCache.ScanAssembly (153ms)
			ScanForSourceGeneratedMonoScriptInfo (23ms)
			ResolveRequiredComponents (5ms)
	FinalizeReload (784ms)
		ReleaseScriptCaches (0ms)
		RebuildScriptCaches (0ms)
		SetupLoadedEditorAssemblies (500ms)
			LogAssemblyErrors (0ms)
			InitializePlatformSupportModulesInManaged (34ms)
			SetLoadedEditorAssemblies (6ms)
			RefreshPlugins (0ms)
			BeforeProcessingInitializeOnLoad (78ms)
			ProcessInitializeOnLoadAttributes (334ms)
			ProcessInitializeOnLoadMethodAttributes (42ms)
			AfterProcessingInitializeOnLoad (6ms)
			EditorAssembliesLoaded (0ms)
		ExecutionOrderSort2 (0ms)
		AwakeInstancesAfterBackupRestoration (6ms)
Launched and connected shader compiler UnityShaderCompiler.exe after 0.04 seconds
Refreshing native plugins compatible for Editor in 6.27 ms, found 7 plugins.
Preloading 0 native plugins for Editor in 0.00 ms.
Unloading 4266 Unused Serialized files (Serialized files now loaded: 0)
Unloading 77 unused Assets / (412.5 KB). Loaded Objects now: 4722.
Memory consumption went from 161.8 MB to 161.4 MB.
Total: 3.909900 ms (FindLiveObjects: 0.311400 ms CreateObjectMapping: 0.242300 ms MarkObjects: 3.088600 ms  DeleteObjects: 0.266000 ms)

AssetImportParameters requested are different than current active one (requested -> active):
  custom:container-demuxer-ogg: 62fdf1f143b41e24485cea50d1cbac27 -> 
  custom:video-codec-MediaFoundation-h265: 746d11721c4dcdbdad8f713fa42b33f4 -> 
  custom:video-decoder-ogg-theora: a1e56fd34408186e4bbccfd4996cb3dc -> 
  custom:framework-win-MediaFoundation: 216162199b28c13a410421893ffa2e32 -> 
  custom:CustomObjectIndexerAttribute: 6d391050e5a25f67b0a2c618074f2cd9 -> 
  custom:container-demuxer-webm: 4f35f7cbe854078d1ac9338744f61a02 -> 
  custom:container-muxer-webm: aa71ff27fc2769a1b78a27578f13a17b -> 
  custom:video-decoder-webm-vp8: 9c59270c3fd7afecdb556c50c9e8de78 -> 
  custom:SearchIndexIgnoredProperties: e643bd26f0fe6173181afceb89e7c659 -> 
  custom:AudioImporter_EditorPlatform: d09bf68614088b80899f8185d706f6e7 -> 
  custom:video-encoder-webm-vp8: eb34c28f22e8b96e1ab97ce403110664 -> 
  custom:audio-decoder-ogg-vorbis: bf7c407c2cedff20999df2af8eb42d56 -> 
  custom:audio-encoder-webm-vorbis: bf7c407c2cedff20999df2af8eb42d56 -> 
========================================================================
Received Import Request.
  Time since last request: 468710.795312 seconds.
  path: Assets/GUI PRO Kit - Simple Casual/Sprite/Component/Icon_PictoIcons_(x2)/PictoIcons_512/Pictoicon_message_1.png
  artifactKey: Guid(0fa2e30c4c00c40e4a29903fe218ac73) Importer(815301076,1909f56bfc062723c751e8b465ee728b)
Start importing Assets/GUI PRO Kit - Simple Casual/Sprite/Component/Icon_PictoIcons_(x2)/PictoIcons_512/Pictoicon_message_1.png using Guid(0fa2e30c4c00c40e4a29903fe218ac73) Importer(815301076,1909f56bfc062723c751e8b465ee728b)  -> (artifact id: 'ad9eff65c0484bbc64a15a82c5d89f52') in 0.089253 seconds
Number of updated asset objects reloaded before import = 0
Number of asset objects unloaded after import = 3
========================================================================
Received Import Request.
  Time since last request: 0.000036 seconds.
  path: Assets/GUI PRO Kit - Simple Casual/Sprite/Component/Icon_PictoIcons_(x2)/PictoIcons_512/Pictoicon_potion.png
  artifactKey: Guid(66318460eddbc47ad93575a40d8e8b88) Importer(815301076,1909f56bfc062723c751e8b465ee728b)
Start importing Assets/GUI PRO Kit - Simple Casual/Sprite/Component/Icon_PictoIcons_(x2)/PictoIcons_512/Pictoicon_potion.png using Guid(66318460eddbc47ad93575a40d8e8b88) Importer(815301076,1909f56bfc062723c751e8b465ee728b)  -> (artifact id: '4d7bba80b1218560e8adadc369c490bb') in 0.023971 seconds
Number of updated asset objects reloaded before import = 0
Number of asset objects unloaded after import = 3
========================================================================
Received Import Request.
  Time since last request: 0.000019 seconds.
  path: Assets/GUI PRO Kit - Simple Casual/Sprite/Component/Icon_PictoIcons_(x2)/PictoIcons_512/Pictoicon_paper_1.png
  artifactKey: Guid(4eae26c674352466c93d1b65d5557f68) Importer(815301076,1909f56bfc062723c751e8b465ee728b)
Start importing Assets/GUI PRO Kit - Simple Casual/Sprite/Component/Icon_PictoIcons_(x2)/PictoIcons_512/Pictoicon_paper_1.png using Guid(4eae26c674352466c93d1b65d5557f68) Importer(815301076,1909f56bfc062723c751e8b465ee728b)  -> (artifact id: '1f4e279a24c3ed70dca1eba6793de0f6') in 0.022667 seconds
Number of updated asset objects reloaded before import = 0
Number of asset objects unloaded after import = 3
========================================================================
Received Import Request.
  Time since last request: 0.000037 seconds.
  path: Assets/GUI PRO Kit - Simple Casual/Sprite/Component/Icon_PictoIcons_(x2)/PictoIcons_512/Pictoicon_player_play.png
  artifactKey: Guid(b2c7ef5f49b0642909d62aa054201f30) Importer(815301076,1909f56bfc062723c751e8b465ee728b)
Start importing Assets/GUI PRO Kit - Simple Casual/Sprite/Component/Icon_PictoIcons_(x2)/PictoIcons_512/Pictoicon_player_play.png using Guid(b2c7ef5f49b0642909d62aa054201f30) Importer(815301076,1909f56bfc062723c751e8b465ee728b)  -> (artifact id: '20cd7c095924d12546e4b26dfdaddba7') in 0.023930 seconds
Number of updated asset objects reloaded before import = 0
Number of asset objects unloaded after import = 3
========================================================================
Received Import Request.
  Time since last request: 0.000019 seconds.
  path: Assets/GUI PRO Kit - Simple Casual/Sprite/Component/Icon_PictoIcons_(x2)/PictoIcons_512/Pictoicon_pet_cat.png
  artifactKey: Guid(47d2e0fb357e542308cfe0aebdaca952) Importer(815301076,1909f56bfc062723c751e8b465ee728b)
Start importing Assets/GUI PRO Kit - Simple Casual/Sprite/Component/Icon_PictoIcons_(x2)/PictoIcons_512/Pictoicon_pet_cat.png using Guid(47d2e0fb357e542308cfe0aebdaca952) Importer(815301076,1909f56bfc062723c751e8b465ee728b)  -> (artifact id: '5e8af3deb8f2903bfc21b71fc33fa349') in 0.021420 seconds
Number of updated asset objects reloaded before import = 0
Number of asset objects unloaded after import = 3
========================================================================
Received Import Request.
  Time since last request: 0.000019 seconds.
  path: Assets/GUI PRO Kit - Simple Casual/Sprite/Component/Icon_PictoIcons_(x2)/PictoIcons_512/Pictoicon_player_play_line.png
  artifactKey: Guid(5ad4b9545554f4f5babc53a1afd148e2) Importer(815301076,1909f56bfc062723c751e8b465ee728b)
Start importing Assets/GUI PRO Kit - Simple Casual/Sprite/Component/Icon_PictoIcons_(x2)/PictoIcons_512/Pictoicon_player_play_line.png using Guid(5ad4b9545554f4f5babc53a1afd148e2) Importer(815301076,1909f56bfc062723c751e8b465ee728b)  -> (artifact id: 'c7f45e9813cc72ef3aa8474f589e788a') in 0.025389 seconds
Number of updated asset objects reloaded before import = 0
Number of asset objects unloaded after import = 3
========================================================================
Received Import Request.
  Time since last request: 0.000017 seconds.
  path: Assets/GUI PRO Kit - Simple Casual/Sprite/Component/Icon_PictoIcons_(x2)/PictoIcons_512/Pictoicon_mic.png
  artifactKey: Guid(cbe4da29d68394474941f05fed2476ce) Importer(815301076,1909f56bfc062723c751e8b465ee728b)
Start importing Assets/GUI PRO Kit - Simple Casual/Sprite/Component/Icon_PictoIcons_(x2)/PictoIcons_512/Pictoicon_mic.png using Guid(cbe4da29d68394474941f05fed2476ce) Importer(815301076,1909f56bfc062723c751e8b465ee728b)  -> (artifact id: '762f2bc58973ec889d594ab98582d895') in 0.022931 seconds
Number of updated asset objects reloaded before import = 0
Number of asset objects unloaded after import = 3
========================================================================
Received Import Request.
  Time since last request: 0.000156 seconds.
  path: Assets/GUI PRO Kit - Simple Casual/Sprite/Component/Icon_PictoIcons_(x2)/PictoIcons_512/Pictoicon_paper_2.png
  artifactKey: Guid(b156f8a45a44a431db6f022cf5d62d11) Importer(815301076,1909f56bfc062723c751e8b465ee728b)
Start importing Assets/GUI PRO Kit - Simple Casual/Sprite/Component/Icon_PictoIcons_(x2)/PictoIcons_512/Pictoicon_paper_2.png using Guid(b156f8a45a44a431db6f022cf5d62d11) Importer(815301076,1909f56bfc062723c751e8b465ee728b)  -> (artifact id: 'fcec217aca3202979d88a4237077c793') in 0.023939 seconds
Number of updated asset objects reloaded before import = 0
Number of asset objects unloaded after import = 3
========================================================================
Received Import Request.
  Time since last request: 0.000021 seconds.
  path: Assets/GUI PRO Kit - Simple Casual/Sprite/Component/Icon_PictoIcons_(x2)/PictoIcons_512/Pictoicon_player_pause.png
  artifactKey: Guid(b68cda61812d441a3a4ab3d344d27ec8) Importer(815301076,1909f56bfc062723c751e8b465ee728b)
Start importing Assets/GUI PRO Kit - Simple Casual/Sprite/Component/Icon_PictoIcons_(x2)/PictoIcons_512/Pictoicon_player_pause.png using Guid(b68cda61812d441a3a4ab3d344d27ec8) Importer(815301076,1909f56bfc062723c751e8b465ee728b)  -> (artifact id: '92dca5499c25d990cd45527c127d5637') in 0.023212 seconds
Number of updated asset objects reloaded before import = 0
Number of asset objects unloaded after import = 3
========================================================================
Received Import Request.
  Time since last request: 0.000016 seconds.
  path: Assets/GUI PRO Kit - Simple Casual/Sprite/Component/Icon_PictoIcons_(x2)/PictoIcons_512/Pictoicon_pick.png
  artifactKey: Guid(d7e8d0fb0c65c49e5922f71ff24f46a4) Importer(815301076,1909f56bfc062723c751e8b465ee728b)
Start importing Assets/GUI PRO Kit - Simple Casual/Sprite/Component/Icon_PictoIcons_(x2)/PictoIcons_512/Pictoicon_pick.png using Guid(d7e8d0fb0c65c49e5922f71ff24f46a4) Importer(815301076,1909f56bfc062723c751e8b465ee728b)  -> (artifact id: '6d7c507014aff43570a4f6c2721be6b6') in 0.021632 seconds
Number of updated asset objects reloaded before import = 0
Number of asset objects unloaded after import = 3
========================================================================
Received Import Request.
  Time since last request: 0.000021 seconds.
  path: Assets/GUI PRO Kit - Simple Casual/Sprite/Component/Icon_PictoIcons_(x2)/PictoIcons_512/Pictoicon_pill.png
  artifactKey: Guid(640b5794a98a443f39d0427b9e7e567f) Importer(815301076,1909f56bfc062723c751e8b465ee728b)
Start importing Assets/GUI PRO Kit - Simple Casual/Sprite/Component/Icon_PictoIcons_(x2)/PictoIcons_512/Pictoicon_pill.png using Guid(640b5794a98a443f39d0427b9e7e567f) Importer(815301076,1909f56bfc062723c751e8b465ee728b)  -> (artifact id: 'f2a4808fc4051f9bc2a39c2a54b9978a') in 0.025082 seconds
Number of updated asset objects reloaded before import = 0
Number of asset objects unloaded after import = 3
========================================================================
Received Import Request.
  Time since last request: 0.000037 seconds.
  path: Assets/GUI PRO Kit - Simple Casual/Sprite/Component/Icon_PictoIcons_(x2)/PictoIcons_512/Pictoicon_menu_1.png
  artifactKey: Guid(bbf5b4130a0df4787abde2b438db5c26) Importer(815301076,1909f56bfc062723c751e8b465ee728b)
Start importing Assets/GUI PRO Kit - Simple Casual/Sprite/Component/Icon_PictoIcons_(x2)/PictoIcons_512/Pictoicon_menu_1.png using Guid(bbf5b4130a0df4787abde2b438db5c26) Importer(815301076,1909f56bfc062723c751e8b465ee728b)  -> (artifact id: 'b46653822bf68f9eeec93592ea1ddfa2') in 0.020417 seconds
Number of updated asset objects reloaded before import = 0
Number of asset objects unloaded after import = 3
========================================================================
Received Import Request.
  Time since last request: 0.000014 seconds.
  path: Assets/GUI PRO Kit - Simple Casual/Sprite/Component/Icon_PictoIcons_(x2)/PictoIcons_512/Pictoicon_parachute.png
  artifactKey: Guid(6e78402613f744678acc6e1615c0c2f2) Importer(815301076,1909f56bfc062723c751e8b465ee728b)
Start importing Assets/GUI PRO Kit - Simple Casual/Sprite/Component/Icon_PictoIcons_(x2)/PictoIcons_512/Pictoicon_parachute.png using Guid(6e78402613f744678acc6e1615c0c2f2) Importer(815301076,1909f56bfc062723c751e8b465ee728b)  -> (artifact id: 'ca6424d1cd0bd2f128959857b86200bb') in 0.021680 seconds
Number of updated asset objects reloaded before import = 0
Number of asset objects unloaded after import = 3
========================================================================
Received Import Request.
  Time since last request: 0.000022 seconds.
  path: Assets/GUI PRO Kit - Simple Casual/Sprite/Component/Icon_PictoIcons_(x2)/PictoIcons_512/Pictoicon_monitor.png
  artifactKey: Guid(3b3bed02b021245a78f343f83ba76f24) Importer(815301076,1909f56bfc062723c751e8b465ee728b)
Start importing Assets/GUI PRO Kit - Simple Casual/Sprite/Component/Icon_PictoIcons_(x2)/PictoIcons_512/Pictoicon_monitor.png using Guid(3b3bed02b021245a78f343f83ba76f24) Importer(815301076,1909f56bfc062723c751e8b465ee728b)  -> (artifact id: 'b8e983a952272c64674178d797666af8') in 0.019087 seconds
Number of updated asset objects reloaded before import = 0
Number of asset objects unloaded after import = 3
========================================================================
Received Import Request.
  Time since last request: 0.000020 seconds.
  path: Assets/GUI PRO Kit - Simple Casual/Sprite/Component/Icon_PictoIcons_(x2)/PictoIcons_512/Pictoicon_poo.png
  artifactKey: Guid(79d6d2108910c4f50b693edd6f761be7) Importer(815301076,1909f56bfc062723c751e8b465ee728b)
Start importing Assets/GUI PRO Kit - Simple Casual/Sprite/Component/Icon_PictoIcons_(x2)/PictoIcons_512/Pictoicon_poo.png using Guid(79d6d2108910c4f50b693edd6f761be7) Importer(815301076,1909f56bfc062723c751e8b465ee728b)  -> (artifact id: 'e53b926e8033bd85ce23fff5b3a0a200') in 0.020539 seconds
Number of updated asset objects reloaded before import = 0
Number of asset objects unloaded after import = 3
========================================================================
Received Import Request.
  Time since last request: 0.000020 seconds.
  path: Assets/GUI PRO Kit - Simple Casual/Sprite/Component/Icon_PictoIcons_(x2)/PictoIcons_512/Pictoicon_poison.png
  artifactKey: Guid(e319754b2c88d4681a1df515864c3700) Importer(815301076,1909f56bfc062723c751e8b465ee728b)
Start importing Assets/GUI PRO Kit - Simple Casual/Sprite/Component/Icon_PictoIcons_(x2)/PictoIcons_512/Pictoicon_poison.png using Guid(e319754b2c88d4681a1df515864c3700) Importer(815301076,1909f56bfc062723c751e8b465ee728b)  -> (artifact id: '33ef5813d2a46e4d86cdc22296c7d52a') in 0.022843 seconds
Number of updated asset objects reloaded before import = 0
Number of asset objects unloaded after import = 3
========================================================================
Received Import Request.
  Time since last request: 0.000022 seconds.
  path: Assets/GUI PRO Kit - Simple Casual/Sprite/Component/Icon_PictoIcons_(x2)/PictoIcons_512/Pictoicon_move.png
  artifactKey: Guid(60b101968af3d42bcb07dccc42caa5b9) Importer(815301076,1909f56bfc062723c751e8b465ee728b)
Start importing Assets/GUI PRO Kit - Simple Casual/Sprite/Component/Icon_PictoIcons_(x2)/PictoIcons_512/Pictoicon_move.png using Guid(60b101968af3d42bcb07dccc42caa5b9) Importer(815301076,1909f56bfc062723c751e8b465ee728b)  -> (artifact id: '56a6184ab78d4dd08282984b36c5b95f') in 0.021048 seconds
Number of updated asset objects reloaded before import = 0
Number of asset objects unloaded after import = 3
========================================================================
Received Import Request.
  Time since last request: 0.000049 seconds.
  path: Assets/GUI PRO Kit - Simple Casual/Sprite/Component/Icon_PictoIcons_(x2)/PictoIcons_512/Pictoicon_news_2.png
  artifactKey: Guid(f0447df00e5ac48459481377c10891f9) Importer(815301076,1909f56bfc062723c751e8b465ee728b)
Start importing Assets/GUI PRO Kit - Simple Casual/Sprite/Component/Icon_PictoIcons_(x2)/PictoIcons_512/Pictoicon_news_2.png using Guid(f0447df00e5ac48459481377c10891f9) Importer(815301076,1909f56bfc062723c751e8b465ee728b)  -> (artifact id: '1efb22a86dec58ac80f3b81debf87267') in 0.023148 seconds
Number of updated asset objects reloaded before import = 0
Number of asset objects unloaded after import = 3
========================================================================
Received Import Request.
  Time since last request: 0.000028 seconds.
  path: Assets/GUI PRO Kit - Simple Casual/Sprite/Component/Icon_PictoIcons_(x2)/PictoIcons_512/Pictoicon_notice.png
  artifactKey: Guid(ad011c67007184f7f9b686fa965a5e9c) Importer(815301076,1909f56bfc062723c751e8b465ee728b)
Start importing Assets/GUI PRO Kit - Simple Casual/Sprite/Component/Icon_PictoIcons_(x2)/PictoIcons_512/Pictoicon_notice.png using Guid(ad011c67007184f7f9b686fa965a5e9c) Importer(815301076,1909f56bfc062723c751e8b465ee728b)  -> (artifact id: 'd9a74cf0c55cfc8e189863787d562e6d') in 0.022716 seconds
Number of updated asset objects reloaded before import = 0
Number of asset objects unloaded after import = 3
========================================================================
Received Import Request.
  Time since last request: 0.000021 seconds.
  path: Assets/GUI PRO Kit - Simple Casual/Sprite/Component/Icon_PictoIcons_(x2)/PictoIcons_512/Pictoicon_news_1.png
  artifactKey: Guid(7e50305dfac54453db932f8236cc146b) Importer(815301076,1909f56bfc062723c751e8b465ee728b)
Start importing Assets/GUI PRO Kit - Simple Casual/Sprite/Component/Icon_PictoIcons_(x2)/PictoIcons_512/Pictoicon_news_1.png using Guid(7e50305dfac54453db932f8236cc146b) Importer(815301076,1909f56bfc062723c751e8b465ee728b)  -> (artifact id: '4676d634247e4663ac5f9502f9f17865') in 0.022277 seconds
Number of updated asset objects reloaded before import = 0
Number of asset objects unloaded after import = 3
========================================================================
Received Import Request.
  Time since last request: 0.000022 seconds.
  path: Assets/GUI PRO Kit - Simple Casual/Sprite/Component/Icon_PictoIcons_(x2)/PictoIcons_512/Pictoicon_quest.png
  artifactKey: Guid(0028bd1a456b540dc8723efd4e6f2a8a) Importer(815301076,1909f56bfc062723c751e8b465ee728b)
Start importing Assets/GUI PRO Kit - Simple Casual/Sprite/Component/Icon_PictoIcons_(x2)/PictoIcons_512/Pictoicon_quest.png using Guid(0028bd1a456b540dc8723efd4e6f2a8a) Importer(815301076,1909f56bfc062723c751e8b465ee728b)  -> (artifact id: '2ea577c363d1a0bbd374aa740fd90e43') in 0.019704 seconds
Number of updated asset objects reloaded before import = 0
Number of asset objects unloaded after import = 3
========================================================================
Received Prepare
Begin MonoManager ReloadAssembly
- Loaded All Assemblies, in  0.434 seconds
Refreshing native plugins compatible for Editor in 4.69 ms, found 7 plugins.
Native extension for WindowsStandalone target not found
Native extension for Android target not found
[Package Manager] Server::EnsureServerProcessIsRunning -- launch failed, reason: Unity was launched with the -noUpm command-line argument
[Package Manager] UpmClient::Send -- Unable to send message (not connected to UPM process).
[Package Manager] Cannot connect to Unity Package Manager local server
Mono: successfully reloaded assembly
- Finished resetting the current domain, in  0.934 seconds
Domain Reload Profiling: 1364ms
	BeginReloadAssembly (145ms)
		ExecutionOrderSort (0ms)
		DisableScriptedObjects (8ms)
		BackupInstance (0ms)
		ReleaseScriptingObjects (0ms)
		CreateAndSetChildDomain (34ms)
	RebuildCommonClasses (24ms)
	RebuildNativeTypeToScriptingClass (8ms)
	initialDomainReloadingComplete (26ms)
	LoadAllAssembliesAndSetupDomain (228ms)
		LoadAssemblies (292ms)
		RebuildTransferFunctionScriptingTraits (0ms)
		AnalyzeDomain (11ms)
			TypeCache.Refresh (6ms)
				TypeCache.ScanAssembly (0ms)
			ScanForSourceGeneratedMonoScriptInfo (0ms)
			ResolveRequiredComponents (4ms)
	FinalizeReload (934ms)
		ReleaseScriptCaches (0ms)
		RebuildScriptCaches (0ms)
		SetupLoadedEditorAssemblies (409ms)
			LogAssemblyErrors (0ms)
			InitializePlatformSupportModulesInManaged (20ms)
			SetLoadedEditorAssemblies (3ms)
			RefreshPlugins (0ms)
			BeforeProcessingInitializeOnLoad (67ms)
			ProcessInitializeOnLoadAttributes (281ms)
			ProcessInitializeOnLoadMethodAttributes (31ms)
			AfterProcessingInitializeOnLoad (7ms)
			EditorAssembliesLoaded (0ms)
		ExecutionOrderSort2 (0ms)
		AwakeInstancesAfterBackupRestoration (14ms)
Refreshing native plugins compatible for Editor in 6.47 ms, found 7 plugins.
Preloading 0 native plugins for Editor in 0.00 ms.
Unloading 4238 Unused Serialized files (Serialized files now loaded: 0)
Unloading 49 unused Assets / (393.0 KB). Loaded Objects now: 4732.
Memory consumption went from 156.1 MB to 155.7 MB.
Total: 3.297700 ms (FindLiveObjects: 0.238500 ms CreateObjectMapping: 0.127000 ms MarkObjects: 2.556900 ms  DeleteObjects: 0.373900 ms)

Prepare: number of updated asset objects reloaded= 0
AssetImportParameters requested are different than current active one (requested -> active):
  custom:container-demuxer-ogg: 62fdf1f143b41e24485cea50d1cbac27 -> 
  custom:video-codec-MediaFoundation-h265: 746d11721c4dcdbdad8f713fa42b33f4 -> 
  custom:video-decoder-ogg-theora: a1e56fd34408186e4bbccfd4996cb3dc -> 
  custom:framework-win-MediaFoundation: 216162199b28c13a410421893ffa2e32 -> 
  custom:CustomObjectIndexerAttribute: 6d391050e5a25f67b0a2c618074f2cd9 -> 
  custom:container-demuxer-webm: 4f35f7cbe854078d1ac9338744f61a02 -> 
  custom:container-muxer-webm: aa71ff27fc2769a1b78a27578f13a17b -> 
  custom:video-decoder-webm-vp8: 9c59270c3fd7afecdb556c50c9e8de78 -> 
  custom:SearchIndexIgnoredProperties: e643bd26f0fe6173181afceb89e7c659 -> 
  custom:AudioImporter_EditorPlatform: d09bf68614088b80899f8185d706f6e7 -> 
  custom:video-encoder-webm-vp8: eb34c28f22e8b96e1ab97ce403110664 -> 
  custom:audio-decoder-ogg-vorbis: bf7c407c2cedff20999df2af8eb42d56 -> 
  custom:audio-encoder-webm-vorbis: bf7c407c2cedff20999df2af8eb42d56 -> 
