Using pre-set license
Built from '2022.3/release' branch; Version is '2022.3.20f1 (61c2feb0970d) revision 6406910'; Using compiler version '192829333'; Build Type 'Release'
OS: 'Windows 11  (10.0.22631) 64bit Core' Language: 'ru' Physical Memory: 32581 MB
BatchMode: 1, IsHumanControllingUs: 0, StartBugReporterOnCrash: 0, Is64bit: 1, IsPro: 1

COMMAND LINE ARGUMENTS:
C:\Program Files\Unity\Hub\Editor\2022.3.20f1\Editor\Unity.exe
-adb2
-batchMode
-noUpm
-name
AssetImportWorker2
-projectPath
C:/Users/deree/OneDrive/Вкладення/Документи/GitHub/Pin-Slots-UP
-logFile
Logs/AssetImportWorker2.log
-srvPort
62362
Successfully changed project path to: C:/Users/deree/OneDrive/Вкладення/Документи/GitHub/Pin-Slots-UP
C:/Users/deree/OneDrive/Вкладення/Документи/GitHub/Pin-Slots-UP
[UnityMemory] Configuration Parameters - Can be set up in boot.config
    "memorysetup-bucket-allocator-granularity=16"
    "memorysetup-bucket-allocator-bucket-count=8"
    "memorysetup-bucket-allocator-block-size=33554432"
    "memorysetup-bucket-allocator-block-count=8"
    "memorysetup-main-allocator-block-size=16777216"
    "memorysetup-thread-allocator-block-size=16777216"
    "memorysetup-gfx-main-allocator-block-size=16777216"
    "memorysetup-gfx-thread-allocator-block-size=16777216"
    "memorysetup-cache-allocator-block-size=4194304"
    "memorysetup-typetree-allocator-block-size=2097152"
    "memorysetup-profiler-bucket-allocator-granularity=16"
    "memorysetup-profiler-bucket-allocator-bucket-count=8"
    "memorysetup-profiler-bucket-allocator-block-size=33554432"
    "memorysetup-profiler-bucket-allocator-block-count=8"
    "memorysetup-profiler-allocator-block-size=16777216"
    "memorysetup-profiler-editor-allocator-block-size=1048576"
    "memorysetup-temp-allocator-size-main=16777216"
    "memorysetup-job-temp-allocator-block-size=2097152"
    "memorysetup-job-temp-allocator-block-size-background=1048576"
    "memorysetup-job-temp-allocator-reduction-small-platforms=262144"
    "memorysetup-allocator-temp-initial-block-size-main=262144"
    "memorysetup-allocator-temp-initial-block-size-worker=262144"
    "memorysetup-temp-allocator-size-background-worker=32768"
    "memorysetup-temp-allocator-size-job-worker=262144"
    "memorysetup-temp-allocator-size-preload-manager=33554432"
    "memorysetup-temp-allocator-size-nav-mesh-worker=65536"
    "memorysetup-temp-allocator-size-audio-worker=65536"
    "memorysetup-temp-allocator-size-cloud-worker=32768"
    "memorysetup-temp-allocator-size-gi-baking-worker=262144"
    "memorysetup-temp-allocator-size-gfx=262144"
Player connection [25928] Host "[IP] 192.168.3.144 [Port] 0 [Flags] 2 [Guid] 1723705506 [EditorId] 1723705506 [Version] 1048832 [Id] WindowsEditor(7,DESKTOP-B2Q3F8V) [Debug] 1 [PackageName] WindowsEditor [ProjectName] Editor" joined multi-casting on [225.0.0.222:54997]...

Player connection [25928] Host "[IP] 192.168.3.144 [Port] 0 [Flags] 2 [Guid] 1723705506 [EditorId] 1723705506 [Version] 1048832 [Id] WindowsEditor(7,DESKTOP-B2Q3F8V) [Debug] 1 [PackageName] WindowsEditor [ProjectName] Editor" joined alternative multi-casting on [225.0.0.222:34997]...

[Physics::Module] Initialized MultithreadedJobDispatcher with 11 workers.
Refreshing native plugins compatible for Editor in 13.17 ms, found 7 plugins.
Preloading 0 native plugins for Editor in 0.00 ms.
Initialize engine version: 2022.3.20f1 (61c2feb0970d)
[Subsystems] Discovering subsystems at path C:/Program Files/Unity/Hub/Editor/2022.3.20f1/Editor/Data/Resources/UnitySubsystems
[Subsystems] Discovering subsystems at path C:/Users/deree/OneDrive/Вкладення/Документи/GitHub/Pin-Slots-UP/Assets
GfxDevice: creating device client; threaded=0; jobified=0
Direct3D:
    Version:  Direct3D 11.0 [level 11.1]
    Renderer: NVIDIA GeForce RTX 4060 Ti (ID=0x2803)
    Vendor:   NVIDIA
    VRAM:     7963 MB
    Driver:   31.0.15.3203
Initialize mono
Mono path[0] = 'C:/Program Files/Unity/Hub/Editor/2022.3.20f1/Editor/Data/Managed'
Mono path[1] = 'C:/Program Files/Unity/Hub/Editor/2022.3.20f1/Editor/Data/MonoBleedingEdge/lib/mono/unityjit-win32'
Mono config path = 'C:/Program Files/Unity/Hub/Editor/2022.3.20f1/Editor/Data/MonoBleedingEdge/etc'
Using monoOptions --debugger-agent=transport=dt_socket,embedding=1,server=y,suspend=n,address=127.0.0.1:56476
Begin MonoManager ReloadAssembly
Registering precompiled unity dll's ...
Register platform support module: C:/Program Files/Unity/Hub/Editor/2022.3.20f1/Editor/Data/PlaybackEngines/AndroidPlayer/UnityEditor.Android.Extensions.dll
Register platform support module: C:/Program Files/Unity/Hub/Editor/2022.3.20f1/Editor/Data/PlaybackEngines/WindowsStandaloneSupport/UnityEditor.WindowsStandalone.Extensions.dll
Registered in 0.007193 seconds.
- Loaded All Assemblies, in  0.359 seconds
Native extension for WindowsStandalone target not found
Native extension for Android target not found
Android Extension - Scanning For ADB Devices 1744 ms
Mono: successfully reloaded assembly
- Finished resetting the current domain, in  2.083 seconds
Domain Reload Profiling: 2441ms
	BeginReloadAssembly (105ms)
		ExecutionOrderSort (0ms)
		DisableScriptedObjects (0ms)
		BackupInstance (0ms)
		ReleaseScriptingObjects (0ms)
		CreateAndSetChildDomain (1ms)
	RebuildCommonClasses (36ms)
	RebuildNativeTypeToScriptingClass (10ms)
	initialDomainReloadingComplete (62ms)
	LoadAllAssembliesAndSetupDomain (144ms)
		LoadAssemblies (103ms)
		RebuildTransferFunctionScriptingTraits (0ms)
		AnalyzeDomain (141ms)
			TypeCache.Refresh (140ms)
				TypeCache.ScanAssembly (126ms)
			ScanForSourceGeneratedMonoScriptInfo (0ms)
			ResolveRequiredComponents (0ms)
	FinalizeReload (2083ms)
		ReleaseScriptCaches (0ms)
		RebuildScriptCaches (0ms)
		SetupLoadedEditorAssemblies (2022ms)
			LogAssemblyErrors (0ms)
			InitializePlatformSupportModulesInManaged (1868ms)
			SetLoadedEditorAssemblies (4ms)
			RefreshPlugins (0ms)
			BeforeProcessingInitializeOnLoad (2ms)
			ProcessInitializeOnLoadAttributes (109ms)
			ProcessInitializeOnLoadMethodAttributes (40ms)
			AfterProcessingInitializeOnLoad (0ms)
			EditorAssembliesLoaded (0ms)
		ExecutionOrderSort2 (0ms)
		AwakeInstancesAfterBackupRestoration (0ms)
========================================================================
Worker process is ready to serve import requests
Begin MonoManager ReloadAssembly
- Loaded All Assemblies, in  0.723 seconds
Refreshing native plugins compatible for Editor in 6.26 ms, found 7 plugins.
Native extension for WindowsStandalone target not found
Native extension for Android target not found
Package Manager log level set to [2]
[Package Manager] Server::EnsureServerProcessIsRunning -- launch failed, reason: Unity was launched with the -noUpm command-line argument
[Package Manager] UpmClient::Send -- Unable to send message (not connected to UPM process).
[Package Manager] Cannot connect to Unity Package Manager local server
Mono: successfully reloaded assembly
- Finished resetting the current domain, in  0.766 seconds
Domain Reload Profiling: 1483ms
	BeginReloadAssembly (144ms)
		ExecutionOrderSort (0ms)
		DisableScriptedObjects (5ms)
		BackupInstance (0ms)
		ReleaseScriptingObjects (0ms)
		CreateAndSetChildDomain (23ms)
	RebuildCommonClasses (30ms)
	RebuildNativeTypeToScriptingClass (12ms)
	initialDomainReloadingComplete (43ms)
	LoadAllAssembliesAndSetupDomain (489ms)
		LoadAssemblies (377ms)
		RebuildTransferFunctionScriptingTraits (0ms)
		AnalyzeDomain (194ms)
			TypeCache.Refresh (164ms)
				TypeCache.ScanAssembly (148ms)
			ScanForSourceGeneratedMonoScriptInfo (23ms)
			ResolveRequiredComponents (6ms)
	FinalizeReload (766ms)
		ReleaseScriptCaches (0ms)
		RebuildScriptCaches (0ms)
		SetupLoadedEditorAssemblies (544ms)
			LogAssemblyErrors (0ms)
			InitializePlatformSupportModulesInManaged (38ms)
			SetLoadedEditorAssemblies (4ms)
			RefreshPlugins (0ms)
			BeforeProcessingInitializeOnLoad (113ms)
			ProcessInitializeOnLoadAttributes (342ms)
			ProcessInitializeOnLoadMethodAttributes (39ms)
			AfterProcessingInitializeOnLoad (7ms)
			EditorAssembliesLoaded (0ms)
		ExecutionOrderSort2 (0ms)
		AwakeInstancesAfterBackupRestoration (7ms)
Launched and connected shader compiler UnityShaderCompiler.exe after 0.04 seconds
Refreshing native plugins compatible for Editor in 6.78 ms, found 7 plugins.
Preloading 0 native plugins for Editor in 0.00 ms.
Unloading 4266 Unused Serialized files (Serialized files now loaded: 0)
Unloading 77 unused Assets / (413.1 KB). Loaded Objects now: 4722.
Memory consumption went from 161.7 MB to 161.3 MB.
Total: 3.881500 ms (FindLiveObjects: 0.263700 ms CreateObjectMapping: 0.158700 ms MarkObjects: 3.202000 ms  DeleteObjects: 0.255900 ms)

AssetImportParameters requested are different than current active one (requested -> active):
  custom:container-demuxer-ogg: 62fdf1f143b41e24485cea50d1cbac27 -> 
  custom:video-codec-MediaFoundation-h265: 746d11721c4dcdbdad8f713fa42b33f4 -> 
  custom:video-decoder-ogg-theora: a1e56fd34408186e4bbccfd4996cb3dc -> 
  custom:framework-win-MediaFoundation: 216162199b28c13a410421893ffa2e32 -> 
  custom:CustomObjectIndexerAttribute: 6d391050e5a25f67b0a2c618074f2cd9 -> 
  custom:container-demuxer-webm: 4f35f7cbe854078d1ac9338744f61a02 -> 
  custom:container-muxer-webm: aa71ff27fc2769a1b78a27578f13a17b -> 
  custom:video-decoder-webm-vp8: 9c59270c3fd7afecdb556c50c9e8de78 -> 
  custom:SearchIndexIgnoredProperties: e643bd26f0fe6173181afceb89e7c659 -> 
  custom:AudioImporter_EditorPlatform: d09bf68614088b80899f8185d706f6e7 -> 
  custom:video-encoder-webm-vp8: eb34c28f22e8b96e1ab97ce403110664 -> 
  custom:audio-decoder-ogg-vorbis: bf7c407c2cedff20999df2af8eb42d56 -> 
  custom:audio-encoder-webm-vorbis: bf7c407c2cedff20999df2af8eb42d56 -> 
========================================================================
Received Import Request.
  Time since last request: 468710.775136 seconds.
  path: Assets/GUI PRO Kit - Simple Casual/Sprite/Component/Icon_PictoIcons_(x2)/PictoIcons_512/Pictoicon_megaphone.png
  artifactKey: Guid(ed6bc4536946b4557944c74297186c45) Importer(815301076,1909f56bfc062723c751e8b465ee728b)
Start importing Assets/GUI PRO Kit - Simple Casual/Sprite/Component/Icon_PictoIcons_(x2)/PictoIcons_512/Pictoicon_megaphone.png using Guid(ed6bc4536946b4557944c74297186c45) Importer(815301076,1909f56bfc062723c751e8b465ee728b)  -> (artifact id: 'a48249cf0a9c85fb95d7b02ed87cf08f') in 0.086125 seconds
Number of updated asset objects reloaded before import = 0
Number of asset objects unloaded after import = 3
========================================================================
Received Import Request.
  Time since last request: 0.000043 seconds.
  path: Assets/GUI PRO Kit - Simple Casual/Sprite/Component/Icon_PictoIcons_(x2)/PictoIcons_512/Pictoicon_ranking_2.png
  artifactKey: Guid(0444c8a73542e4dc9a56afcbf169bc27) Importer(815301076,1909f56bfc062723c751e8b465ee728b)
Start importing Assets/GUI PRO Kit - Simple Casual/Sprite/Component/Icon_PictoIcons_(x2)/PictoIcons_512/Pictoicon_ranking_2.png using Guid(0444c8a73542e4dc9a56afcbf169bc27) Importer(815301076,1909f56bfc062723c751e8b465ee728b)  -> (artifact id: '5bc68a97f5041782fb1932a0c9a95382') in 0.025322 seconds
Number of updated asset objects reloaded before import = 0
Number of asset objects unloaded after import = 3
========================================================================
Received Import Request.
  Time since last request: 0.000031 seconds.
  path: Assets/GUI PRO Kit - Simple Casual/Sprite/Component/Icon_PictoIcons_(x2)/PictoIcons_512/Pictoicon_revival_2.png
  artifactKey: Guid(af778ce78c3764f9da91af9b0749f5d8) Importer(815301076,1909f56bfc062723c751e8b465ee728b)
Start importing Assets/GUI PRO Kit - Simple Casual/Sprite/Component/Icon_PictoIcons_(x2)/PictoIcons_512/Pictoicon_revival_2.png using Guid(af778ce78c3764f9da91af9b0749f5d8) Importer(815301076,1909f56bfc062723c751e8b465ee728b)  -> (artifact id: '4f81f13a9f9a5aa5de3bb62a5bf03695') in 0.021771 seconds
Number of updated asset objects reloaded before import = 0
Number of asset objects unloaded after import = 3
========================================================================
Received Import Request.
  Time since last request: 0.000017 seconds.
  path: Assets/GUI PRO Kit - Simple Casual/Sprite/Component/Icon_PictoIcons_(x2)/PictoIcons_512/Pictoicon_mushroom.png
  artifactKey: Guid(d20b09a10e36a4c759fbfd5ec138b74b) Importer(815301076,1909f56bfc062723c751e8b465ee728b)
Start importing Assets/GUI PRO Kit - Simple Casual/Sprite/Component/Icon_PictoIcons_(x2)/PictoIcons_512/Pictoicon_mushroom.png using Guid(d20b09a10e36a4c759fbfd5ec138b74b) Importer(815301076,1909f56bfc062723c751e8b465ee728b)  -> (artifact id: '0df787eab2d4416f167e082648a338ba') in 0.019617 seconds
Number of updated asset objects reloaded before import = 0
Number of asset objects unloaded after import = 3
========================================================================
Received Import Request.
  Time since last request: 0.000023 seconds.
  path: Assets/GUI PRO Kit - Simple Casual/Sprite/Component/Icon_PictoIcons_(x2)/PictoIcons_512/Pictoicon_medal_3.png
  artifactKey: Guid(1950dc709471741bea411e3cf323e8d8) Importer(815301076,1909f56bfc062723c751e8b465ee728b)
Start importing Assets/GUI PRO Kit - Simple Casual/Sprite/Component/Icon_PictoIcons_(x2)/PictoIcons_512/Pictoicon_medal_3.png using Guid(1950dc709471741bea411e3cf323e8d8) Importer(815301076,1909f56bfc062723c751e8b465ee728b)  -> (artifact id: '9a34d9ae95b875280b697011038a091f') in 0.021172 seconds
Number of updated asset objects reloaded before import = 0
Number of asset objects unloaded after import = 3
========================================================================
Received Import Request.
  Time since last request: 0.000035 seconds.
  path: Assets/GUI PRO Kit - Simple Casual/Sprite/Component/Icon_PictoIcons_(x2)/PictoIcons_512/Pictoicon_ranking_3.png
  artifactKey: Guid(6fa1a228d5fb34bbaae8d780d6d3b0ce) Importer(815301076,1909f56bfc062723c751e8b465ee728b)
Start importing Assets/GUI PRO Kit - Simple Casual/Sprite/Component/Icon_PictoIcons_(x2)/PictoIcons_512/Pictoicon_ranking_3.png using Guid(6fa1a228d5fb34bbaae8d780d6d3b0ce) Importer(815301076,1909f56bfc062723c751e8b465ee728b)  -> (artifact id: '03de93e0075a5c1b7f9ae94a9498e580') in 0.026066 seconds
Number of updated asset objects reloaded before import = 0
Number of asset objects unloaded after import = 3
========================================================================
Received Import Request.
  Time since last request: 0.000020 seconds.
  path: Assets/GUI PRO Kit - Simple Casual/Sprite/Component/Icon_PictoIcons_(x2)/PictoIcons_512/Pictoicon_menu_2.png
  artifactKey: Guid(a56e8a50163264ce790ab3c807b8c173) Importer(815301076,1909f56bfc062723c751e8b465ee728b)
Start importing Assets/GUI PRO Kit - Simple Casual/Sprite/Component/Icon_PictoIcons_(x2)/PictoIcons_512/Pictoicon_menu_2.png using Guid(a56e8a50163264ce790ab3c807b8c173) Importer(815301076,1909f56bfc062723c751e8b465ee728b)  -> (artifact id: '3a691682ae71d836628a5151b23430e6') in 0.022215 seconds
Number of updated asset objects reloaded before import = 0
Number of asset objects unloaded after import = 3
========================================================================
Received Import Request.
  Time since last request: 0.000022 seconds.
  path: Assets/GUI PRO Kit - Simple Casual/Sprite/Component/Icon_PictoIcons_(x2)/PictoIcons_512/Pictoicon_pet_bear.png
  artifactKey: Guid(316f061d7915a4058838b7491ee4ad12) Importer(815301076,1909f56bfc062723c751e8b465ee728b)
Start importing Assets/GUI PRO Kit - Simple Casual/Sprite/Component/Icon_PictoIcons_(x2)/PictoIcons_512/Pictoicon_pet_bear.png using Guid(316f061d7915a4058838b7491ee4ad12) Importer(815301076,1909f56bfc062723c751e8b465ee728b)  -> (artifact id: '746f9e58c14702d0f0855ed3bb1d79d7') in 0.023690 seconds
Number of updated asset objects reloaded before import = 0
Number of asset objects unloaded after import = 3
========================================================================
Received Import Request.
  Time since last request: 0.000023 seconds.
  path: Assets/GUI PRO Kit - Simple Casual/Sprite/Component/Icon_PictoIcons_(x2)/PictoIcons_512/Pictoicon_road_sign.png
  artifactKey: Guid(d16e051bcebd0464e8fb2b8a51187db0) Importer(815301076,1909f56bfc062723c751e8b465ee728b)
Start importing Assets/GUI PRO Kit - Simple Casual/Sprite/Component/Icon_PictoIcons_(x2)/PictoIcons_512/Pictoicon_road_sign.png using Guid(d16e051bcebd0464e8fb2b8a51187db0) Importer(815301076,1909f56bfc062723c751e8b465ee728b)  -> (artifact id: '9e1da0b018fcfa79a5f6606325e2eabd') in 0.026377 seconds
Number of updated asset objects reloaded before import = 0
Number of asset objects unloaded after import = 3
========================================================================
Received Import Request.
  Time since last request: 0.000018 seconds.
  path: Assets/GUI PRO Kit - Simple Casual/Sprite/Component/Icon_PictoIcons_(x2)/PictoIcons_512/Pictoicon_money_bag.png
  artifactKey: Guid(6a6ebac68cac244d3a195770f1e25f1c) Importer(815301076,1909f56bfc062723c751e8b465ee728b)
Start importing Assets/GUI PRO Kit - Simple Casual/Sprite/Component/Icon_PictoIcons_(x2)/PictoIcons_512/Pictoicon_money_bag.png using Guid(6a6ebac68cac244d3a195770f1e25f1c) Importer(815301076,1909f56bfc062723c751e8b465ee728b)  -> (artifact id: 'a25800fc3fdf16c898bf7bbdd6d2fdc3') in 0.023228 seconds
Number of updated asset objects reloaded before import = 0
Number of asset objects unloaded after import = 3
========================================================================
Received Import Request.
  Time since last request: 0.000025 seconds.
  path: Assets/GUI PRO Kit - Simple Casual/Sprite/Component/Icon_PictoIcons_(x2)/PictoIcons_512/Pictoicon_paper_3.png
  artifactKey: Guid(087fa7199d8fc4dbd99b5067a87d0cb9) Importer(815301076,1909f56bfc062723c751e8b465ee728b)
Start importing Assets/GUI PRO Kit - Simple Casual/Sprite/Component/Icon_PictoIcons_(x2)/PictoIcons_512/Pictoicon_paper_3.png using Guid(087fa7199d8fc4dbd99b5067a87d0cb9) Importer(815301076,1909f56bfc062723c751e8b465ee728b)  -> (artifact id: 'fe531ffa7f1d4c699f49f9b8b0a6e0cf') in 0.021786 seconds
Number of updated asset objects reloaded before import = 0
Number of asset objects unloaded after import = 3
========================================================================
Received Import Request.
  Time since last request: 0.000027 seconds.
  path: Assets/GUI PRO Kit - Simple Casual/Sprite/Component/Icon_PictoIcons_(x2)/PictoIcons_512/Pictoicon_ring.png
  artifactKey: Guid(b5d6b19948b4f4989b073c36cd342082) Importer(815301076,1909f56bfc062723c751e8b465ee728b)
Start importing Assets/GUI PRO Kit - Simple Casual/Sprite/Component/Icon_PictoIcons_(x2)/PictoIcons_512/Pictoicon_ring.png using Guid(b5d6b19948b4f4989b073c36cd342082) Importer(815301076,1909f56bfc062723c751e8b465ee728b)  -> (artifact id: 'c1143ebc7fffe06bb2a8ccc4d77b9198') in 0.024965 seconds
Number of updated asset objects reloaded before import = 0
Number of asset objects unloaded after import = 3
========================================================================
Received Import Request.
  Time since last request: 0.000019 seconds.
  path: Assets/GUI PRO Kit - Simple Casual/Sprite/Component/Icon_PictoIcons_(x2)/PictoIcons_512/Pictoicon_mix.png
  artifactKey: Guid(05e789f9506274f97847a790c9e8cc88) Importer(815301076,1909f56bfc062723c751e8b465ee728b)
Start importing Assets/GUI PRO Kit - Simple Casual/Sprite/Component/Icon_PictoIcons_(x2)/PictoIcons_512/Pictoicon_mix.png using Guid(05e789f9506274f97847a790c9e8cc88) Importer(815301076,1909f56bfc062723c751e8b465ee728b)  -> (artifact id: '728548fc7c864942df56d99c3fb70368') in 0.020065 seconds
Number of updated asset objects reloaded before import = 0
Number of asset objects unloaded after import = 3
========================================================================
Received Import Request.
  Time since last request: 0.000021 seconds.
  path: Assets/GUI PRO Kit - Simple Casual/Sprite/Component/Icon_PictoIcons_(x2)/PictoIcons_512/Pictoicon_rate.png
  artifactKey: Guid(f6d1a60b92020458b9c10d55b3d31780) Importer(815301076,1909f56bfc062723c751e8b465ee728b)
Start importing Assets/GUI PRO Kit - Simple Casual/Sprite/Component/Icon_PictoIcons_(x2)/PictoIcons_512/Pictoicon_rate.png using Guid(f6d1a60b92020458b9c10d55b3d31780) Importer(815301076,1909f56bfc062723c751e8b465ee728b)  -> (artifact id: '6f70f5710e0412337883856d4b03da0a') in 0.021721 seconds
Number of updated asset objects reloaded before import = 0
Number of asset objects unloaded after import = 3
========================================================================
Received Import Request.
  Time since last request: 0.000028 seconds.
  path: Assets/GUI PRO Kit - Simple Casual/Sprite/Component/Icon_PictoIcons_(x2)/PictoIcons_512/Pictoicon_necklace_1.png
  artifactKey: Guid(9f2092d96dcad49adba96aa1cfba27b9) Importer(815301076,1909f56bfc062723c751e8b465ee728b)
Start importing Assets/GUI PRO Kit - Simple Casual/Sprite/Component/Icon_PictoIcons_(x2)/PictoIcons_512/Pictoicon_necklace_1.png using Guid(9f2092d96dcad49adba96aa1cfba27b9) Importer(815301076,1909f56bfc062723c751e8b465ee728b)  -> (artifact id: '3008ba175007e250f8eb4515bb0b9562') in 0.019602 seconds
Number of updated asset objects reloaded before import = 0
Number of asset objects unloaded after import = 3
========================================================================
Received Import Request.
  Time since last request: 0.000016 seconds.
  path: Assets/GUI PRO Kit - Simple Casual/Sprite/Component/Icon_PictoIcons_(x2)/PictoIcons_512/Pictoicon_refresh.png
  artifactKey: Guid(ef5a74fb425d447cf9a17a563e33a5c0) Importer(815301076,1909f56bfc062723c751e8b465ee728b)
Start importing Assets/GUI PRO Kit - Simple Casual/Sprite/Component/Icon_PictoIcons_(x2)/PictoIcons_512/Pictoicon_refresh.png using Guid(ef5a74fb425d447cf9a17a563e33a5c0) Importer(815301076,1909f56bfc062723c751e8b465ee728b)  -> (artifact id: 'e0020daddbd171ddacf59df27b1528ee') in 0.020424 seconds
Number of updated asset objects reloaded before import = 0
Number of asset objects unloaded after import = 3
========================================================================
Received Import Request.
  Time since last request: 0.000016 seconds.
  path: Assets/GUI PRO Kit - Simple Casual/Sprite/Component/Icon_PictoIcons_(x2)/PictoIcons_512/Pictoicon_pouch.png
  artifactKey: Guid(e37c5cb0e38754e91a831f253463ff90) Importer(815301076,1909f56bfc062723c751e8b465ee728b)
Start importing Assets/GUI PRO Kit - Simple Casual/Sprite/Component/Icon_PictoIcons_(x2)/PictoIcons_512/Pictoicon_pouch.png using Guid(e37c5cb0e38754e91a831f253463ff90) Importer(815301076,1909f56bfc062723c751e8b465ee728b)  -> (artifact id: 'b7369e50545ae0a3b6192342ca65714c') in 0.016679 seconds
Number of updated asset objects reloaded before import = 0
Number of asset objects unloaded after import = 3
========================================================================
Received Import Request.
  Time since last request: 0.000021 seconds.
  path: Assets/GUI PRO Kit - Simple Casual/Sprite/Component/Icon_PictoIcons_(x2)/PictoIcons_512/Pictoicon_practice.png
  artifactKey: Guid(62a6e941d02cf4e268107e61e8218dd6) Importer(815301076,1909f56bfc062723c751e8b465ee728b)
Start importing Assets/GUI PRO Kit - Simple Casual/Sprite/Component/Icon_PictoIcons_(x2)/PictoIcons_512/Pictoicon_practice.png using Guid(62a6e941d02cf4e268107e61e8218dd6) Importer(815301076,1909f56bfc062723c751e8b465ee728b)  -> (artifact id: '1d146736cab8f5606e99ec47f768bd0b') in 0.022762 seconds
Number of updated asset objects reloaded before import = 0
Number of asset objects unloaded after import = 3
========================================================================
Received Import Request.
  Time since last request: 0.000018 seconds.
  path: Assets/GUI PRO Kit - Simple Casual/Sprite/Component/Icon_PictoIcons_(x2)/PictoIcons_512/Pictoicon_music_off.png
  artifactKey: Guid(706e987c3132d4c8aa37fc76bb974e60) Importer(815301076,1909f56bfc062723c751e8b465ee728b)
Start importing Assets/GUI PRO Kit - Simple Casual/Sprite/Component/Icon_PictoIcons_(x2)/PictoIcons_512/Pictoicon_music_off.png using Guid(706e987c3132d4c8aa37fc76bb974e60) Importer(815301076,1909f56bfc062723c751e8b465ee728b)  -> (artifact id: 'b08288f1e54888f6d2f68d4fccadbb61') in 0.020930 seconds
Number of updated asset objects reloaded before import = 0
Number of asset objects unloaded after import = 3
========================================================================
Received Import Request.
  Time since last request: 0.000020 seconds.
  path: Assets/GUI PRO Kit - Simple Casual/Sprite/Component/Icon_PictoIcons_(x2)/PictoIcons_512/Pictoicon_ranking_1.png
  artifactKey: Guid(6d2eb59c07fad47c69709fd10230d049) Importer(815301076,1909f56bfc062723c751e8b465ee728b)
Start importing Assets/GUI PRO Kit - Simple Casual/Sprite/Component/Icon_PictoIcons_(x2)/PictoIcons_512/Pictoicon_ranking_1.png using Guid(6d2eb59c07fad47c69709fd10230d049) Importer(815301076,1909f56bfc062723c751e8b465ee728b)  -> (artifact id: '23c29ff6b64f63ff80841326f40b79e8') in 0.024114 seconds
Number of updated asset objects reloaded before import = 0
Number of asset objects unloaded after import = 3
========================================================================
Received Import Request.
  Time since last request: 0.000020 seconds.
  path: Assets/GUI PRO Kit - Simple Casual/Sprite/Component/Icon_PictoIcons_(x2)/PictoIcons_512/Pictoicon_meat.png
  artifactKey: Guid(b891684dbec064d6ca60b7adf45d880f) Importer(815301076,1909f56bfc062723c751e8b465ee728b)
Start importing Assets/GUI PRO Kit - Simple Casual/Sprite/Component/Icon_PictoIcons_(x2)/PictoIcons_512/Pictoicon_meat.png using Guid(b891684dbec064d6ca60b7adf45d880f) Importer(815301076,1909f56bfc062723c751e8b465ee728b)  -> (artifact id: '8291cc00f01065dd8d117de4e78cd9b7') in 0.021335 seconds
Number of updated asset objects reloaded before import = 0
Number of asset objects unloaded after import = 3
========================================================================
Received Import Request.
  Time since last request: 0.000023 seconds.
  path: Assets/GUI PRO Kit - Simple Casual/Sprite/Component/Icon_PictoIcons_(x2)/PictoIcons_512/Pictoicon_player_skip_fw.png
  artifactKey: Guid(ff4ba92ff738d4f6e8732aee4a1a6ec0) Importer(815301076,1909f56bfc062723c751e8b465ee728b)
Start importing Assets/GUI PRO Kit - Simple Casual/Sprite/Component/Icon_PictoIcons_(x2)/PictoIcons_512/Pictoicon_player_skip_fw.png using Guid(ff4ba92ff738d4f6e8732aee4a1a6ec0) Importer(815301076,1909f56bfc062723c751e8b465ee728b)  -> (artifact id: 'a1e39ef9f590bff4cc2d4c32f0e9d827') in 0.021881 seconds
Number of updated asset objects reloaded before import = 0
Number of asset objects unloaded after import = 3
========================================================================
Received Prepare
Begin MonoManager ReloadAssembly
- Loaded All Assemblies, in  0.443 seconds
Refreshing native plugins compatible for Editor in 5.66 ms, found 7 plugins.
Native extension for WindowsStandalone target not found
Native extension for Android target not found
[Package Manager] Server::EnsureServerProcessIsRunning -- launch failed, reason: Unity was launched with the -noUpm command-line argument
[Package Manager] UpmClient::Send -- Unable to send message (not connected to UPM process).
[Package Manager] Cannot connect to Unity Package Manager local server
Mono: successfully reloaded assembly
- Finished resetting the current domain, in  0.943 seconds
Domain Reload Profiling: 1383ms
	BeginReloadAssembly (146ms)
		ExecutionOrderSort (0ms)
		DisableScriptedObjects (11ms)
		BackupInstance (0ms)
		ReleaseScriptingObjects (0ms)
		CreateAndSetChildDomain (39ms)
	RebuildCommonClasses (29ms)
	RebuildNativeTypeToScriptingClass (15ms)
	initialDomainReloadingComplete (29ms)
	LoadAllAssembliesAndSetupDomain (220ms)
		LoadAssemblies (279ms)
		RebuildTransferFunctionScriptingTraits (0ms)
		AnalyzeDomain (10ms)
			TypeCache.Refresh (5ms)
				TypeCache.ScanAssembly (0ms)
			ScanForSourceGeneratedMonoScriptInfo (0ms)
			ResolveRequiredComponents (4ms)
	FinalizeReload (944ms)
		ReleaseScriptCaches (0ms)
		RebuildScriptCaches (0ms)
		SetupLoadedEditorAssemblies (412ms)
			LogAssemblyErrors (0ms)
			InitializePlatformSupportModulesInManaged (19ms)
			SetLoadedEditorAssemblies (3ms)
			RefreshPlugins (0ms)
			BeforeProcessingInitializeOnLoad (73ms)
			ProcessInitializeOnLoadAttributes (278ms)
			ProcessInitializeOnLoadMethodAttributes (32ms)
			AfterProcessingInitializeOnLoad (7ms)
			EditorAssembliesLoaded (0ms)
		ExecutionOrderSort2 (0ms)
		AwakeInstancesAfterBackupRestoration (13ms)
Refreshing native plugins compatible for Editor in 6.64 ms, found 7 plugins.
Preloading 0 native plugins for Editor in 0.00 ms.
Unloading 4238 Unused Serialized files (Serialized files now loaded: 0)
Unloading 49 unused Assets / (386.2 KB). Loaded Objects now: 4732.
Memory consumption went from 156.0 MB to 155.7 MB.
Total: 3.254100 ms (FindLiveObjects: 0.233600 ms CreateObjectMapping: 0.113300 ms MarkObjects: 2.600400 ms  DeleteObjects: 0.305600 ms)

Prepare: number of updated asset objects reloaded= 0
AssetImportParameters requested are different than current active one (requested -> active):
  custom:container-demuxer-ogg: 62fdf1f143b41e24485cea50d1cbac27 -> 
  custom:video-codec-MediaFoundation-h265: 746d11721c4dcdbdad8f713fa42b33f4 -> 
  custom:video-decoder-ogg-theora: a1e56fd34408186e4bbccfd4996cb3dc -> 
  custom:framework-win-MediaFoundation: 216162199b28c13a410421893ffa2e32 -> 
  custom:CustomObjectIndexerAttribute: 6d391050e5a25f67b0a2c618074f2cd9 -> 
  custom:container-demuxer-webm: 4f35f7cbe854078d1ac9338744f61a02 -> 
  custom:container-muxer-webm: aa71ff27fc2769a1b78a27578f13a17b -> 
  custom:video-decoder-webm-vp8: 9c59270c3fd7afecdb556c50c9e8de78 -> 
  custom:SearchIndexIgnoredProperties: e643bd26f0fe6173181afceb89e7c659 -> 
  custom:AudioImporter_EditorPlatform: d09bf68614088b80899f8185d706f6e7 -> 
  custom:video-encoder-webm-vp8: eb34c28f22e8b96e1ab97ce403110664 -> 
  custom:audio-decoder-ogg-vorbis: bf7c407c2cedff20999df2af8eb42d56 -> 
  custom:audio-encoder-webm-vorbis: bf7c407c2cedff20999df2af8eb42d56 -> 
