Using pre-set license
Built from '2022.3/release' branch; Version is '2022.3.20f1 (61c2feb0970d) revision 6406910'; Using compiler version '192829333'; Build Type 'Release'
OS: 'Windows 11  (10.0.22621) 64bit Core' Language: 'ru' Physical Memory: 32581 MB
BatchMode: 1, IsHumanControllingUs: 0, StartBugReporterOnCrash: 0, Is64bit: 1, IsPro: 1

COMMAND LINE ARGUMENTS:
C:\Program Files\Unity\Hub\Editor\2022.3.20f1\Editor\Unity.exe
-adb2
-batchMode
-noUpm
-name
AssetImportWorker4
-projectPath
D:/hub(not porn)/FileProject/KnightSlotGit/KnighteSlot/Hacker slots
-logFile
Logs/AssetImportWorker4.log
-srvPort
53650
Successfully changed project path to: D:/hub(not porn)/FileProject/KnightSlotGit/KnighteSlot/Hacker slots
D:/hub(not porn)/FileProject/KnightSlotGit/KnighteSlot/Hacker slots
[UnityMemory] Configuration Parameters - Can be set up in boot.config
    "memorysetup-bucket-allocator-granularity=16"
    "memorysetup-bucket-allocator-bucket-count=8"
    "memorysetup-bucket-allocator-block-size=33554432"
    "memorysetup-bucket-allocator-block-count=8"
    "memorysetup-main-allocator-block-size=16777216"
    "memorysetup-thread-allocator-block-size=16777216"
    "memorysetup-gfx-main-allocator-block-size=16777216"
    "memorysetup-gfx-thread-allocator-block-size=16777216"
    "memorysetup-cache-allocator-block-size=4194304"
    "memorysetup-typetree-allocator-block-size=2097152"
    "memorysetup-profiler-bucket-allocator-granularity=16"
    "memorysetup-profiler-bucket-allocator-bucket-count=8"
    "memorysetup-profiler-bucket-allocator-block-size=33554432"
    "memorysetup-profiler-bucket-allocator-block-count=8"
    "memorysetup-profiler-allocator-block-size=16777216"
    "memorysetup-profiler-editor-allocator-block-size=1048576"
    "memorysetup-temp-allocator-size-main=16777216"
    "memorysetup-job-temp-allocator-block-size=2097152"
    "memorysetup-job-temp-allocator-block-size-background=1048576"
    "memorysetup-job-temp-allocator-reduction-small-platforms=262144"
    "memorysetup-allocator-temp-initial-block-size-main=262144"
    "memorysetup-allocator-temp-initial-block-size-worker=262144"
    "memorysetup-temp-allocator-size-background-worker=32768"
    "memorysetup-temp-allocator-size-job-worker=262144"
    "memorysetup-temp-allocator-size-preload-manager=33554432"
    "memorysetup-temp-allocator-size-nav-mesh-worker=65536"
    "memorysetup-temp-allocator-size-audio-worker=65536"
    "memorysetup-temp-allocator-size-cloud-worker=32768"
    "memorysetup-temp-allocator-size-gi-baking-worker=262144"
    "memorysetup-temp-allocator-size-gfx=262144"
Player connection [19796] Host "[IP] 192.168.3.144 [Port] 0 [Flags] 2 [Guid] 2788801801 [EditorId] 2788801801 [Version] 1048832 [Id] WindowsEditor(7,Kael) [Debug] 1 [PackageName] WindowsEditor [ProjectName] Editor" joined multi-casting on [225.0.0.222:54997]...

Player connection [19796] Host "[IP] 192.168.3.144 [Port] 0 [Flags] 2 [Guid] 2788801801 [EditorId] 2788801801 [Version] 1048832 [Id] WindowsEditor(7,Kael) [Debug] 1 [PackageName] WindowsEditor [ProjectName] Editor" joined alternative multi-casting on [225.0.0.222:34997]...

[Physics::Module] Initialized MultithreadedJobDispatcher with 11 workers.
Refreshing native plugins compatible for Editor in 49.37 ms, found 7 plugins.
Preloading 0 native plugins for Editor in 0.00 ms.
Initialize engine version: 2022.3.20f1 (61c2feb0970d)
[Subsystems] Discovering subsystems at path C:/Program Files/Unity/Hub/Editor/2022.3.20f1/Editor/Data/Resources/UnitySubsystems
[Subsystems] Discovering subsystems at path D:/hub(not porn)/FileProject/KnightSlotGit/KnighteSlot/Hacker slots/Assets
GfxDevice: creating device client; threaded=0; jobified=0
Direct3D:
    Version:  Direct3D 11.0 [level 11.1]
    Renderer: NVIDIA GeForce RTX 4060 Ti (ID=0x2803)
    Vendor:   NVIDIA
    VRAM:     7963 MB
    Driver:   31.0.15.3203
Initialize mono
Mono path[0] = 'C:/Program Files/Unity/Hub/Editor/2022.3.20f1/Editor/Data/Managed'
Mono path[1] = 'C:/Program Files/Unity/Hub/Editor/2022.3.20f1/Editor/Data/MonoBleedingEdge/lib/mono/unityjit-win32'
Mono config path = 'C:/Program Files/Unity/Hub/Editor/2022.3.20f1/Editor/Data/MonoBleedingEdge/etc'
Using monoOptions --debugger-agent=transport=dt_socket,embedding=1,server=y,suspend=n,address=127.0.0.1:56708
Begin MonoManager ReloadAssembly
Registering precompiled unity dll's ...
Register platform support module: C:/Program Files/Unity/Hub/Editor/2022.3.20f1/Editor/Data/PlaybackEngines/AndroidPlayer/UnityEditor.Android.Extensions.dll
Register platform support module: C:/Program Files/Unity/Hub/Editor/2022.3.20f1/Editor/Data/PlaybackEngines/WindowsStandaloneSupport/UnityEditor.WindowsStandalone.Extensions.dll
Registered in 0.011227 seconds.
- Loaded All Assemblies, in  0.648 seconds
Native extension for WindowsStandalone target not found
Native extension for Android target not found
Android Extension - Scanning For ADB Devices 423 ms
Mono: successfully reloaded assembly
- Finished resetting the current domain, in  1.015 seconds
Domain Reload Profiling: 1662ms
	BeginReloadAssembly (224ms)
		ExecutionOrderSort (0ms)
		DisableScriptedObjects (0ms)
		BackupInstance (0ms)
		ReleaseScriptingObjects (0ms)
		CreateAndSetChildDomain (1ms)
	RebuildCommonClasses (61ms)
	RebuildNativeTypeToScriptingClass (18ms)
	initialDomainReloadingComplete (92ms)
	LoadAllAssembliesAndSetupDomain (252ms)
		LoadAssemblies (222ms)
		RebuildTransferFunctionScriptingTraits (0ms)
		AnalyzeDomain (247ms)
			TypeCache.Refresh (244ms)
				TypeCache.ScanAssembly (222ms)
			ScanForSourceGeneratedMonoScriptInfo (1ms)
			ResolveRequiredComponents (1ms)
	FinalizeReload (1016ms)
		ReleaseScriptCaches (0ms)
		RebuildScriptCaches (0ms)
		SetupLoadedEditorAssemblies (913ms)
			LogAssemblyErrors (0ms)
			InitializePlatformSupportModulesInManaged (626ms)
			SetLoadedEditorAssemblies (5ms)
			RefreshPlugins (0ms)
			BeforeProcessingInitializeOnLoad (3ms)
			ProcessInitializeOnLoadAttributes (195ms)
			ProcessInitializeOnLoadMethodAttributes (83ms)
			AfterProcessingInitializeOnLoad (0ms)
			EditorAssembliesLoaded (0ms)
		ExecutionOrderSort2 (0ms)
		AwakeInstancesAfterBackupRestoration (0ms)
========================================================================
Worker process is ready to serve import requests
Begin MonoManager ReloadAssembly
- Loaded All Assemblies, in  1.489 seconds
Refreshing native plugins compatible for Editor in 21.08 ms, found 7 plugins.
Native extension for WindowsStandalone target not found
Native extension for Android target not found
Package Manager log level set to [2]
[Package Manager] Server::EnsureServerProcessIsRunning -- launch failed, reason: Unity was launched with the -noUpm command-line argument
[Package Manager] UpmClient::Send -- Unable to send message (not connected to UPM process).
[Package Manager] Cannot connect to Unity Package Manager local server
Mono: successfully reloaded assembly
- Finished resetting the current domain, in  1.426 seconds
Domain Reload Profiling: 2913ms
	BeginReloadAssembly (254ms)
		ExecutionOrderSort (0ms)
		DisableScriptedObjects (7ms)
		BackupInstance (0ms)
		ReleaseScriptingObjects (0ms)
		CreateAndSetChildDomain (42ms)
	RebuildCommonClasses (66ms)
	RebuildNativeTypeToScriptingClass (21ms)
	initialDomainReloadingComplete (77ms)
	LoadAllAssembliesAndSetupDomain (1068ms)
		LoadAssemblies (612ms)
		RebuildTransferFunctionScriptingTraits (0ms)
		AnalyzeDomain (597ms)
			TypeCache.Refresh (496ms)
				TypeCache.ScanAssembly (434ms)
			ScanForSourceGeneratedMonoScriptInfo (84ms)
			ResolveRequiredComponents (15ms)
	FinalizeReload (1427ms)
		ReleaseScriptCaches (0ms)
		RebuildScriptCaches (0ms)
		SetupLoadedEditorAssemblies (904ms)
			LogAssemblyErrors (0ms)
			InitializePlatformSupportModulesInManaged (99ms)
			SetLoadedEditorAssemblies (10ms)
			RefreshPlugins (0ms)
			BeforeProcessingInitializeOnLoad (140ms)
			ProcessInitializeOnLoadAttributes (569ms)
			ProcessInitializeOnLoadMethodAttributes (79ms)
			AfterProcessingInitializeOnLoad (7ms)
			EditorAssembliesLoaded (1ms)
		ExecutionOrderSort2 (0ms)
		AwakeInstancesAfterBackupRestoration (9ms)
Launched and connected shader compiler UnityShaderCompiler.exe after 0.01 seconds
Refreshing native plugins compatible for Editor in 6.62 ms, found 7 plugins.
Preloading 0 native plugins for Editor in 0.00 ms.
Unloading 4266 Unused Serialized files (Serialized files now loaded: 0)
Unloading 83 unused Assets / (0.6 MB). Loaded Objects now: 4716.
Memory consumption went from 162.4 MB to 161.8 MB.
Total: 7.167100 ms (FindLiveObjects: 0.456300 ms CreateObjectMapping: 0.364400 ms MarkObjects: 5.715300 ms  DeleteObjects: 0.628300 ms)

AssetImportParameters requested are different than current active one (requested -> active):
  custom:container-demuxer-ogg: 62fdf1f143b41e24485cea50d1cbac27 -> 
  custom:video-codec-MediaFoundation-h265: 746d11721c4dcdbdad8f713fa42b33f4 -> 
  custom:video-decoder-ogg-theora: a1e56fd34408186e4bbccfd4996cb3dc -> 
  custom:framework-win-MediaFoundation: 216162199b28c13a410421893ffa2e32 -> 
  custom:CustomObjectIndexerAttribute: 6d391050e5a25f67b0a2c618074f2cd9 -> 
  custom:container-demuxer-webm: 4f35f7cbe854078d1ac9338744f61a02 -> 
  custom:container-muxer-webm: aa71ff27fc2769a1b78a27578f13a17b -> 
  custom:video-decoder-webm-vp8: 9c59270c3fd7afecdb556c50c9e8de78 -> 
  custom:SearchIndexIgnoredProperties: e643bd26f0fe6173181afceb89e7c659 -> 
  custom:AudioImporter_EditorPlatform: d09bf68614088b80899f8185d706f6e7 -> 
  custom:video-encoder-webm-vp8: eb34c28f22e8b96e1ab97ce403110664 -> 
  custom:audio-decoder-ogg-vorbis: bf7c407c2cedff20999df2af8eb42d56 -> 
  custom:audio-encoder-webm-vorbis: bf7c407c2cedff20999df2af8eb42d56 -> 
========================================================================
Received Import Request.
  Time since last request: 351097.615372 seconds.
  path: Assets/GUI PRO Kit - Simple Casual/Sprite/Component/Slider/Slider_Demo_Dark/Slider17_FillArea.png
  artifactKey: Guid(aea01abb21945456485dcb7e710233f6) Importer(815301076,1909f56bfc062723c751e8b465ee728b)
Start importing Assets/GUI PRO Kit - Simple Casual/Sprite/Component/Slider/Slider_Demo_Dark/Slider17_FillArea.png using Guid(aea01abb21945456485dcb7e710233f6) Importer(815301076,1909f56bfc062723c751e8b465ee728b)  -> (artifact id: 'fc3603dabbe2daad2e11d41e2849d66d') in 0.285489 seconds
Number of updated asset objects reloaded before import = 0
Number of asset objects unloaded after import = 3
========================================================================
Received Import Request.
  Time since last request: 0.000042 seconds.
  path: Assets/GUI PRO Kit - Simple Casual/Sprite/Component/Slider/Slider_Demo_Dark/Slider17_TickMark.png
  artifactKey: Guid(7f91ad2dad64046ff8e3c8edbe471631) Importer(815301076,1909f56bfc062723c751e8b465ee728b)
Start importing Assets/GUI PRO Kit - Simple Casual/Sprite/Component/Slider/Slider_Demo_Dark/Slider17_TickMark.png using Guid(7f91ad2dad64046ff8e3c8edbe471631) Importer(815301076,1909f56bfc062723c751e8b465ee728b)  -> (artifact id: 'ef19a674f1361f19ebd244d99005760c') in 0.057695 seconds
Number of updated asset objects reloaded before import = 0
Number of asset objects unloaded after import = 3
========================================================================
Received Import Request.
  Time since last request: 4.087954 seconds.
  path: Assets/GUI PRO Kit - Simple Casual/Sprite/Component/Slider/Slider_Demo_Dark/SliderGroup_UserInfo_Fill01.png
  artifactKey: Guid(05e054294bcd54e638a2cf1762646317) Importer(815301076,1909f56bfc062723c751e8b465ee728b)
Start importing Assets/GUI PRO Kit - Simple Casual/Sprite/Component/Slider/Slider_Demo_Dark/SliderGroup_UserInfo_Fill01.png using Guid(05e054294bcd54e638a2cf1762646317) Importer(815301076,1909f56bfc062723c751e8b465ee728b)  -> (artifact id: '62fd3245d71f1582d656e237f68c7403') in 0.058009 seconds
Number of updated asset objects reloaded before import = 0
Number of asset objects unloaded after import = 3
========================================================================
Received Import Request.
  Time since last request: 0.007454 seconds.
  path: Assets/GUI PRO Kit - Simple Casual/Sprite/Component/Slider/Slider_Demo_Dark/SliderGroup_UserInfo_FillArea01.png
  artifactKey: Guid(8d8583b7b8fa94e26a81fff22830e07b) Importer(815301076,1909f56bfc062723c751e8b465ee728b)
Start importing Assets/GUI PRO Kit - Simple Casual/Sprite/Component/Slider/Slider_Demo_Dark/SliderGroup_UserInfo_FillArea01.png using Guid(8d8583b7b8fa94e26a81fff22830e07b) Importer(815301076,1909f56bfc062723c751e8b465ee728b)  -> (artifact id: 'dbec61e30e33a9a3c6a36f3d112a4c99') in 0.066446 seconds
Number of updated asset objects reloaded before import = 0
Number of asset objects unloaded after import = 3
========================================================================
Received Import Request.
  Time since last request: 0.000028 seconds.
  path: Assets/GUI PRO Kit - Simple Casual/Sprite/Component/Slider/Slider_Demo_Dark/SliderGroup_UserInfo_Icon01_1.png
  artifactKey: Guid(915322d424cc343f08b7565ad6bba3a7) Importer(815301076,1909f56bfc062723c751e8b465ee728b)
Start importing Assets/GUI PRO Kit - Simple Casual/Sprite/Component/Slider/Slider_Demo_Dark/SliderGroup_UserInfo_Icon01_1.png using Guid(915322d424cc343f08b7565ad6bba3a7) Importer(815301076,1909f56bfc062723c751e8b465ee728b)  -> (artifact id: 'b57d1f91c7dcb5c651937c5b16adb820') in 0.105384 seconds
Number of updated asset objects reloaded before import = 0
Number of asset objects unloaded after import = 3
========================================================================
Received Import Request.
  Time since last request: 0.000030 seconds.
  path: Assets/GUI PRO Kit - Simple Casual/Sprite/Component/Slider/Slider_Demo_Dark/SliderGroup_UserInfo_FillArea02.png
  artifactKey: Guid(40be8afb841ee40a3a5b2886da107ce5) Importer(815301076,1909f56bfc062723c751e8b465ee728b)
Start importing Assets/GUI PRO Kit - Simple Casual/Sprite/Component/Slider/Slider_Demo_Dark/SliderGroup_UserInfo_FillArea02.png using Guid(40be8afb841ee40a3a5b2886da107ce5) Importer(815301076,1909f56bfc062723c751e8b465ee728b)  -> (artifact id: '5c7ebab3d82c517f9efe44ed49e439b1') in 0.068791 seconds
Number of updated asset objects reloaded before import = 0
Number of asset objects unloaded after import = 3
========================================================================
Received Import Request.
  Time since last request: 0.016192 seconds.
  path: Assets/GUI PRO Kit - Simple Casual/Sprite/Component/Slider/Slider_Demo_Dark/SliderGroup_Player2_FillArea.png
  artifactKey: Guid(077996cfb0e7d4a2eb8e4198fefb7843) Importer(815301076,1909f56bfc062723c751e8b465ee728b)
Start importing Assets/GUI PRO Kit - Simple Casual/Sprite/Component/Slider/Slider_Demo_Dark/SliderGroup_Player2_FillArea.png using Guid(077996cfb0e7d4a2eb8e4198fefb7843) Importer(815301076,1909f56bfc062723c751e8b465ee728b)  -> (artifact id: '2ba1562f651bc05979dd4446ed841707') in 0.120709 seconds
Number of updated asset objects reloaded before import = 0
Number of asset objects unloaded after import = 3
========================================================================
Received Import Request.
  Time since last request: 0.015146 seconds.
  path: Assets/GUI PRO Kit - Simple Casual/Sprite/Component/Slider/Slider_Demo_Dark/SliderGroup_Player2_Icon1.png
  artifactKey: Guid(76b8ad019d7eb4350b71ecd6aa796122) Importer(815301076,1909f56bfc062723c751e8b465ee728b)
Start importing Assets/GUI PRO Kit - Simple Casual/Sprite/Component/Slider/Slider_Demo_Dark/SliderGroup_Player2_Icon1.png using Guid(76b8ad019d7eb4350b71ecd6aa796122) Importer(815301076,1909f56bfc062723c751e8b465ee728b)  -> (artifact id: 'ee84d0d73a92d4367521acb2a251242d') in 0.084515 seconds
Number of updated asset objects reloaded before import = 0
Number of asset objects unloaded after import = 3
========================================================================
Received Import Request.
  Time since last request: 0.555221 seconds.
  path: Assets/GUI PRO Kit - Simple Casual/Sprite/Component/Slider/Slider_Demo_Dark/SliderGroup_Player1_FillArea.png
  artifactKey: Guid(8ef1ae52cd4e44aa4bb5b971144985fd) Importer(815301076,1909f56bfc062723c751e8b465ee728b)
Start importing Assets/GUI PRO Kit - Simple Casual/Sprite/Component/Slider/Slider_Demo_Dark/SliderGroup_Player1_FillArea.png using Guid(8ef1ae52cd4e44aa4bb5b971144985fd) Importer(815301076,1909f56bfc062723c751e8b465ee728b)  -> (artifact id: 'f94df3f448b0f8b72c2772ba82ed0c33') in 0.063970 seconds
Number of updated asset objects reloaded before import = 0
Number of asset objects unloaded after import = 3
========================================================================
Received Import Request.
  Time since last request: 0.001652 seconds.
  path: Assets/GUI PRO Kit - Simple Casual/Sprite/Component/Slider/Slider_Demo_Dark/SliderGroup_Player2_Fill.png
  artifactKey: Guid(b093cbd3ae117429b8fbdf7462fd3363) Importer(815301076,1909f56bfc062723c751e8b465ee728b)
Start importing Assets/GUI PRO Kit - Simple Casual/Sprite/Component/Slider/Slider_Demo_Dark/SliderGroup_Player2_Fill.png using Guid(b093cbd3ae117429b8fbdf7462fd3363) Importer(815301076,1909f56bfc062723c751e8b465ee728b)  -> (artifact id: '05feca0d3c333b38bfee728230196429') in 0.128034 seconds
Number of updated asset objects reloaded before import = 0
Number of asset objects unloaded after import = 3
========================================================================
Received Import Request.
  Time since last request: 0.003083 seconds.
  path: Assets/GUI PRO Kit - Simple Casual/Sprite/Component/Slider/Slider_Demo_Dark/SliderGroup_Pass_Icon02.png
  artifactKey: Guid(00d8c906eafb248458159f71b28230ae) Importer(815301076,1909f56bfc062723c751e8b465ee728b)
Start importing Assets/GUI PRO Kit - Simple Casual/Sprite/Component/Slider/Slider_Demo_Dark/SliderGroup_Pass_Icon02.png using Guid(00d8c906eafb248458159f71b28230ae) Importer(815301076,1909f56bfc062723c751e8b465ee728b)  -> (artifact id: 'c8c17e51e201aab520573a22f086de98') in 0.090040 seconds
Number of updated asset objects reloaded before import = 0
Number of asset objects unloaded after import = 3
========================================================================
Received Import Request.
  Time since last request: 0.002069 seconds.
  path: Assets/GUI PRO Kit - Simple Casual/Sprite/Component/Slider/Slider_Demo_Dark/SliderGroup_Pass_FillArea.png
  artifactKey: Guid(5e92bbdca0f474ef9b23498c7a06e640) Importer(815301076,1909f56bfc062723c751e8b465ee728b)
Start importing Assets/GUI PRO Kit - Simple Casual/Sprite/Component/Slider/Slider_Demo_Dark/SliderGroup_Pass_FillArea.png using Guid(5e92bbdca0f474ef9b23498c7a06e640) Importer(815301076,1909f56bfc062723c751e8b465ee728b)  -> (artifact id: 'bd1c3c905f05f1145348347864c3f646') in 0.112202 seconds
Number of updated asset objects reloaded before import = 0
Number of asset objects unloaded after import = 3
========================================================================
Received Import Request.
  Time since last request: 0.000318 seconds.
  path: Assets/GUI PRO Kit - Simple Casual/Sprite/Component/Slider/Slider_Demo_Dark/SliderGroup_Pass_Icon01.png
  artifactKey: Guid(3768112c1da5b4f5eaaf3dca9f0bc2a8) Importer(815301076,1909f56bfc062723c751e8b465ee728b)
Start importing Assets/GUI PRO Kit - Simple Casual/Sprite/Component/Slider/Slider_Demo_Dark/SliderGroup_Pass_Icon01.png using Guid(3768112c1da5b4f5eaaf3dca9f0bc2a8) Importer(815301076,1909f56bfc062723c751e8b465ee728b)  -> (artifact id: '7c6dba43e3c832aa9a57c05028c666f4') in 0.084165 seconds
Number of updated asset objects reloaded before import = 0
Number of asset objects unloaded after import = 3
========================================================================
Received Import Request.
  Time since last request: 0.413656 seconds.
  path: Assets/GUI PRO Kit - Simple Casual/Sprite/Component/Slider/Slider_Demo_Dark/Slider23_Fill_Blue.png
  artifactKey: Guid(7dbe7310a17f74bf5999cb9ec220c9c8) Importer(815301076,1909f56bfc062723c751e8b465ee728b)
Start importing Assets/GUI PRO Kit - Simple Casual/Sprite/Component/Slider/Slider_Demo_Dark/Slider23_Fill_Blue.png using Guid(7dbe7310a17f74bf5999cb9ec220c9c8) Importer(815301076,1909f56bfc062723c751e8b465ee728b)  -> (artifact id: '191070c50bbacd8804ee32cb87aa88a4') in 0.109757 seconds
Number of updated asset objects reloaded before import = 0
Number of asset objects unloaded after import = 3
========================================================================
Received Import Request.
  Time since last request: 0.000030 seconds.
  path: Assets/GUI PRO Kit - Simple Casual/Sprite/Component/Slider/Slider_Demo_Dark/Slider23_Fill_Orange.png
  artifactKey: Guid(b33a2152f52724829938eadf20892ad2) Importer(815301076,1909f56bfc062723c751e8b465ee728b)
Start importing Assets/GUI PRO Kit - Simple Casual/Sprite/Component/Slider/Slider_Demo_Dark/Slider23_Fill_Orange.png using Guid(b33a2152f52724829938eadf20892ad2) Importer(815301076,1909f56bfc062723c751e8b465ee728b)  -> (artifact id: 'bf690369d17f1035cac3757c5dfb3947') in 0.029923 seconds
Number of updated asset objects reloaded before import = 0
Number of asset objects unloaded after import = 3
========================================================================
Received Import Request.
  Time since last request: 0.000031 seconds.
  path: Assets/GUI PRO Kit - Simple Casual/Sprite/Component/Slider/Slider_Demo_Dark/Slider23_Fill_Navy.png
  artifactKey: Guid(169c31730d90e4d928f030818e024386) Importer(815301076,1909f56bfc062723c751e8b465ee728b)
Start importing Assets/GUI PRO Kit - Simple Casual/Sprite/Component/Slider/Slider_Demo_Dark/Slider23_Fill_Navy.png using Guid(169c31730d90e4d928f030818e024386) Importer(815301076,1909f56bfc062723c751e8b465ee728b)  -> (artifact id: '86c5b94e992173642eba43dc72209b7a') in 0.105808 seconds
Number of updated asset objects reloaded before import = 0
Number of asset objects unloaded after import = 3
========================================================================
Received Import Request.
  Time since last request: 0.939071 seconds.
  path: Assets/GUI PRO Kit - Simple Casual/Sprite/Component/Slider/Slider_Demo_Dark/Slider23_Fill_Red.png
  artifactKey: Guid(dacbfda7d0d964f8e8a4654dcc8c86ff) Importer(815301076,1909f56bfc062723c751e8b465ee728b)
Start importing Assets/GUI PRO Kit - Simple Casual/Sprite/Component/Slider/Slider_Demo_Dark/Slider23_Fill_Red.png using Guid(dacbfda7d0d964f8e8a4654dcc8c86ff) Importer(815301076,1909f56bfc062723c751e8b465ee728b)  -> (artifact id: 'a1febbe528f55ae81078b6f3dc31c9ce') in 0.092227 seconds
Number of updated asset objects reloaded before import = 0
Number of asset objects unloaded after import = 3
========================================================================
Received Import Request.
  Time since last request: 0.001843 seconds.
  path: Assets/GUI PRO Kit - Simple Casual/Sprite/Component/Slider/Slider_Demo_Dark/SliderGroup_Pass_Fill1.png
  artifactKey: Guid(8ab9f1e96c6744e478ee249477804d8b) Importer(815301076,1909f56bfc062723c751e8b465ee728b)
Start importing Assets/GUI PRO Kit - Simple Casual/Sprite/Component/Slider/Slider_Demo_Dark/SliderGroup_Pass_Fill1.png using Guid(8ab9f1e96c6744e478ee249477804d8b) Importer(815301076,1909f56bfc062723c751e8b465ee728b)  -> (artifact id: 'cf6c015ae847edea47ea355aaf8a44f7') in 0.077202 seconds
Number of updated asset objects reloaded before import = 0
Number of asset objects unloaded after import = 3
========================================================================
Received Import Request.
  Time since last request: 0.000034 seconds.
  path: Assets/GUI PRO Kit - Simple Casual/Sprite/Component/Slider/Slider_Demo_Dark/Slider23_TickMark.png
  artifactKey: Guid(841772179fd5d484c8718c2facd6996c) Importer(815301076,1909f56bfc062723c751e8b465ee728b)
Start importing Assets/GUI PRO Kit - Simple Casual/Sprite/Component/Slider/Slider_Demo_Dark/Slider23_TickMark.png using Guid(841772179fd5d484c8718c2facd6996c) Importer(815301076,1909f56bfc062723c751e8b465ee728b)  -> (artifact id: 'bff08e696c16eb647f8dde1b57cade93') in 0.042505 seconds
Number of updated asset objects reloaded before import = 0
Number of asset objects unloaded after import = 3
========================================================================
Received Import Request.
  Time since last request: 4.394476 seconds.
  path: Assets/GUI PRO Kit - Simple Casual/Sprite/Component/Slider/Slider_Demo_Dark/Slider18_Frame.png
  artifactKey: Guid(26ccf1dab5d9a458ea8a7d068492aaca) Importer(815301076,1909f56bfc062723c751e8b465ee728b)
Start importing Assets/GUI PRO Kit - Simple Casual/Sprite/Component/Slider/Slider_Demo_Dark/Slider18_Frame.png using Guid(26ccf1dab5d9a458ea8a7d068492aaca) Importer(815301076,1909f56bfc062723c751e8b465ee728b)  -> (artifact id: '62f9bc013a8abdb48eb83eddfbacd4f8') in 0.035867 seconds
Number of updated asset objects reloaded before import = 0
Number of asset objects unloaded after import = 3
========================================================================
Received Import Request.
  Time since last request: 0.088615 seconds.
  path: Assets/GUI PRO Kit - Simple Casual/Sprite/Component/Slider/Slider_Demo_Dark/Slider16_Icon02_1.png
  artifactKey: Guid(95540b53f1347454dbda3abf9c2d0f78) Importer(815301076,1909f56bfc062723c751e8b465ee728b)
Start importing Assets/GUI PRO Kit - Simple Casual/Sprite/Component/Slider/Slider_Demo_Dark/Slider16_Icon02_1.png using Guid(95540b53f1347454dbda3abf9c2d0f78) Importer(815301076,1909f56bfc062723c751e8b465ee728b)  -> (artifact id: '19b25feb25d0551d6c1f2a7239cd9dc5') in 0.099581 seconds
Number of updated asset objects reloaded before import = 0
Number of asset objects unloaded after import = 3
========================================================================
Received Import Request.
  Time since last request: 0.000032 seconds.
  path: Assets/GUI PRO Kit - Simple Casual/Sprite/Component/Slider/Slider_Demo_Dark/Slider17_Fill.png
  artifactKey: Guid(575781386ecf944f995354e83ab29340) Importer(815301076,1909f56bfc062723c751e8b465ee728b)
Start importing Assets/GUI PRO Kit - Simple Casual/Sprite/Component/Slider/Slider_Demo_Dark/Slider17_Fill.png using Guid(575781386ecf944f995354e83ab29340) Importer(815301076,1909f56bfc062723c751e8b465ee728b)  -> (artifact id: 'ac2e4725d4ddbe27ded4f0d6fb9ec16b') in 0.104273 seconds
Number of updated asset objects reloaded before import = 0
Number of asset objects unloaded after import = 3
========================================================================
Received Import Request.
  Time since last request: 0.000602 seconds.
  path: Assets/GUI PRO Kit - Simple Casual/Sprite/Component/Slider/Slider_Demo_Dark/Slider15_Handle_On.png
  artifactKey: Guid(5aad735b81f6a47aebcd2a7768ba4e4c) Importer(815301076,1909f56bfc062723c751e8b465ee728b)
Start importing Assets/GUI PRO Kit - Simple Casual/Sprite/Component/Slider/Slider_Demo_Dark/Slider15_Handle_On.png using Guid(5aad735b81f6a47aebcd2a7768ba4e4c) Importer(815301076,1909f56bfc062723c751e8b465ee728b)  -> (artifact id: 'cd69bc544e06b2af02a8e45bc8d583d7') in 0.042850 seconds
Number of updated asset objects reloaded before import = 0
Number of asset objects unloaded after import = 3
========================================================================
Received Import Request.
  Time since last request: 0.000400 seconds.
  path: Assets/GUI PRO Kit - Simple Casual/Sprite/Component/Slider/Slider_Demo_Dark/Slider15_Frame.png
  artifactKey: Guid(d24dbb5452ac74a0ca9cab1c3020d320) Importer(815301076,1909f56bfc062723c751e8b465ee728b)
Start importing Assets/GUI PRO Kit - Simple Casual/Sprite/Component/Slider/Slider_Demo_Dark/Slider15_Frame.png using Guid(d24dbb5452ac74a0ca9cab1c3020d320) Importer(815301076,1909f56bfc062723c751e8b465ee728b)  -> (artifact id: '4d27e4c1cdcbefb9b586e34d3954bb44') in 0.120374 seconds
Number of updated asset objects reloaded before import = 0
Number of asset objects unloaded after import = 3
========================================================================
Received Import Request.
  Time since last request: 0.013541 seconds.
  path: Assets/GUI PRO Kit - Simple Casual/Sprite/Component/Slider/Slider_Demo_Dark/Slider16_Fill.png
  artifactKey: Guid(9792b79de923d4963910c5a32219ac1a) Importer(815301076,1909f56bfc062723c751e8b465ee728b)
Start importing Assets/GUI PRO Kit - Simple Casual/Sprite/Component/Slider/Slider_Demo_Dark/Slider16_Fill.png using Guid(9792b79de923d4963910c5a32219ac1a) Importer(815301076,1909f56bfc062723c751e8b465ee728b)  -> (artifact id: '723a52e4675cdab446bf0234a5d4f187') in 0.079594 seconds
Number of updated asset objects reloaded before import = 0
Number of asset objects unloaded after import = 3
========================================================================
Received Import Request.
  Time since last request: 0.010905 seconds.
  path: Assets/GUI PRO Kit - Simple Casual/Sprite/Component/Slider/Slider_Demo_Dark/Slider13_FillArea.png
  artifactKey: Guid(5708335c7bb1747cb89a7adf7dd14215) Importer(815301076,1909f56bfc062723c751e8b465ee728b)
Start importing Assets/GUI PRO Kit - Simple Casual/Sprite/Component/Slider/Slider_Demo_Dark/Slider13_FillArea.png using Guid(5708335c7bb1747cb89a7adf7dd14215) Importer(815301076,1909f56bfc062723c751e8b465ee728b)  -> (artifact id: '20ced76315acbdbc8acfa63690fad55b') in 0.088464 seconds
Number of updated asset objects reloaded before import = 0
Number of asset objects unloaded after import = 3
========================================================================
Received Import Request.
  Time since last request: 0.000025 seconds.
  path: Assets/GUI PRO Kit - Simple Casual/Sprite/Component/Slider/Slider_Demo_Dark/Slider12_Frame.png
  artifactKey: Guid(5844f874e0e124bd7ae4c2a223f85eee) Importer(815301076,1909f56bfc062723c751e8b465ee728b)
Start importing Assets/GUI PRO Kit - Simple Casual/Sprite/Component/Slider/Slider_Demo_Dark/Slider12_Frame.png using Guid(5844f874e0e124bd7ae4c2a223f85eee) Importer(815301076,1909f56bfc062723c751e8b465ee728b)  -> (artifact id: '4b35a17357bc5d1e5f6fed63e2c65692') in 0.066725 seconds
Number of updated asset objects reloaded before import = 0
Number of asset objects unloaded after import = 3
========================================================================
Received Import Request.
  Time since last request: 0.000029 seconds.
  path: Assets/GUI PRO Kit - Simple Casual/Sprite/Component/Slider/Slider_Demo_Dark/Slider14_Frame.png
  artifactKey: Guid(cdf1488a47caa4f5799395e20aef638e) Importer(815301076,1909f56bfc062723c751e8b465ee728b)
Start importing Assets/GUI PRO Kit - Simple Casual/Sprite/Component/Slider/Slider_Demo_Dark/Slider14_Frame.png using Guid(cdf1488a47caa4f5799395e20aef638e) Importer(815301076,1909f56bfc062723c751e8b465ee728b)  -> (artifact id: 'b27e54205a896a3bb397c38ef6720931') in 0.104918 seconds
Number of updated asset objects reloaded before import = 0
Number of asset objects unloaded after import = 3
========================================================================
Received Import Request.
  Time since last request: 9.966845 seconds.
  path: Assets/GUI PRO Kit - Simple Casual/Sprite/Component/Icon_PictoIcons_(x2)/PictoIcons_256/Pictoicon_wing.png
  artifactKey: Guid(16709836dc4c744708f73398ed77a070) Importer(815301076,1909f56bfc062723c751e8b465ee728b)
Start importing Assets/GUI PRO Kit - Simple Casual/Sprite/Component/Icon_PictoIcons_(x2)/PictoIcons_256/Pictoicon_wing.png using Guid(16709836dc4c744708f73398ed77a070) Importer(815301076,1909f56bfc062723c751e8b465ee728b)  -> (artifact id: '87fa64b4432f8b3339034776c9afc051') in 0.180148 seconds
Number of updated asset objects reloaded before import = 0
Number of asset objects unloaded after import = 3
========================================================================
Received Import Request.
  Time since last request: 0.000026 seconds.
  path: Assets/GUI PRO Kit - Simple Casual/Sprite/Component/Icon_PictoIcons_(x2)/PictoIcons_128/Pictoicon_trophy_2.png
  artifactKey: Guid(09e70c20ba0e04959b99dc518f233d01) Importer(815301076,1909f56bfc062723c751e8b465ee728b)
Start importing Assets/GUI PRO Kit - Simple Casual/Sprite/Component/Icon_PictoIcons_(x2)/PictoIcons_128/Pictoicon_trophy_2.png using Guid(09e70c20ba0e04959b99dc518f233d01) Importer(815301076,1909f56bfc062723c751e8b465ee728b)  -> (artifact id: 'c769294a4be13d12b3c1964b56845871') in 0.100813 seconds
Number of updated asset objects reloaded before import = 0
Number of asset objects unloaded after import = 3
========================================================================
Received Import Request.
  Time since last request: 0.000229 seconds.
  path: Assets/GUI PRO Kit - Simple Casual/Sprite/Component/Icon_PictoIcons_(x2)/PictoIcons_256/Pictoicon_trophy_1.png
  artifactKey: Guid(1dd0d1a5d3e914e01a6d03e687b35ff6) Importer(815301076,1909f56bfc062723c751e8b465ee728b)
Start importing Assets/GUI PRO Kit - Simple Casual/Sprite/Component/Icon_PictoIcons_(x2)/PictoIcons_256/Pictoicon_trophy_1.png using Guid(1dd0d1a5d3e914e01a6d03e687b35ff6) Importer(815301076,1909f56bfc062723c751e8b465ee728b)  -> (artifact id: 'a1c5a0cddc694cfdea69d325b13907a9') in 0.083265 seconds
Number of updated asset objects reloaded before import = 0
Number of asset objects unloaded after import = 3
========================================================================
Received Import Request.
  Time since last request: 0.000533 seconds.
  path: Assets/GUI PRO Kit - Simple Casual/Sprite/Component/Icon_PictoIcons_(x2)/PictoIcons_256/Pictoicon_trophy_3.png
  artifactKey: Guid(8359cb45966e94a90bb76bd4fe756ba5) Importer(815301076,1909f56bfc062723c751e8b465ee728b)
Start importing Assets/GUI PRO Kit - Simple Casual/Sprite/Component/Icon_PictoIcons_(x2)/PictoIcons_256/Pictoicon_trophy_3.png using Guid(8359cb45966e94a90bb76bd4fe756ba5) Importer(815301076,1909f56bfc062723c751e8b465ee728b)  -> (artifact id: 'aac285f90bca4ea857dcce8bf1ae3dd7') in 0.051910 seconds
Number of updated asset objects reloaded before import = 0
Number of asset objects unloaded after import = 3
========================================================================
Received Import Request.
  Time since last request: 0.124079 seconds.
  path: Assets/GUI PRO Kit - Simple Casual/Sprite/Component/Icon_PictoIcons_(x2)/PictoIcons_128/Pictoicon_tip_2.png
  artifactKey: Guid(81d998b8ec58d42248d3799848286bb4) Importer(815301076,1909f56bfc062723c751e8b465ee728b)
Start importing Assets/GUI PRO Kit - Simple Casual/Sprite/Component/Icon_PictoIcons_(x2)/PictoIcons_128/Pictoicon_tip_2.png using Guid(81d998b8ec58d42248d3799848286bb4) Importer(815301076,1909f56bfc062723c751e8b465ee728b)  -> (artifact id: 'e6773bc4095ac89faa7c16064e31e8c2') in 0.076973 seconds
Number of updated asset objects reloaded before import = 0
Number of asset objects unloaded after import = 3
========================================================================
Received Import Request.
  Time since last request: 0.009338 seconds.
  path: Assets/GUI PRO Kit - Simple Casual/Sprite/Component/Icon_PictoIcons_(x2)/PictoIcons_512/Pictoicon_tree.png
  artifactKey: Guid(3d1470df524044751ad46c63f7a32a20) Importer(815301076,1909f56bfc062723c751e8b465ee728b)
Start importing Assets/GUI PRO Kit - Simple Casual/Sprite/Component/Icon_PictoIcons_(x2)/PictoIcons_512/Pictoicon_tree.png using Guid(3d1470df524044751ad46c63f7a32a20) Importer(815301076,1909f56bfc062723c751e8b465ee728b)  -> (artifact id: 'fcf2d00b98f9a3837e276a35328998d4') in 0.215930 seconds
Number of updated asset objects reloaded before import = 0
Number of asset objects unloaded after import = 3
========================================================================
Received Import Request.
  Time since last request: 0.003610 seconds.
  path: Assets/GUI PRO Kit - Simple Casual/Sprite/Component/Icon_PictoIcons_(x2)/PictoIcons_256/Pictoicon_thumbnail_1.png
  artifactKey: Guid(a39f60d57339e4b0f967da86a1336c88) Importer(815301076,1909f56bfc062723c751e8b465ee728b)
Start importing Assets/GUI PRO Kit - Simple Casual/Sprite/Component/Icon_PictoIcons_(x2)/PictoIcons_256/Pictoicon_thumbnail_1.png using Guid(a39f60d57339e4b0f967da86a1336c88) Importer(815301076,1909f56bfc062723c751e8b465ee728b)  -> (artifact id: '4cc20b2bd2cfa8d9622b0ca0b55f27c7') in 0.038229 seconds
Number of updated asset objects reloaded before import = 0
Number of asset objects unloaded after import = 3
========================================================================
Received Import Request.
  Time since last request: 0.000048 seconds.
  path: Assets/GUI PRO Kit - Simple Casual/Sprite/Component/Icon_PictoIcons_(x2)/PictoIcons_256/Pictoicon_thumbnail_2.png
  artifactKey: Guid(95bf7cd15c9cf4516af2f1ebf04d97fd) Importer(815301076,1909f56bfc062723c751e8b465ee728b)
Start importing Assets/GUI PRO Kit - Simple Casual/Sprite/Component/Icon_PictoIcons_(x2)/PictoIcons_256/Pictoicon_thumbnail_2.png using Guid(95bf7cd15c9cf4516af2f1ebf04d97fd) Importer(815301076,1909f56bfc062723c751e8b465ee728b)  -> (artifact id: 'b93b01730b4583077fa46a734bd51e19') in 0.059946 seconds
Number of updated asset objects reloaded before import = 0
Number of asset objects unloaded after import = 3
========================================================================
Received Import Request.
  Time since last request: 0.002261 seconds.
  path: Assets/GUI PRO Kit - Simple Casual/Sprite/Component/Icon_PictoIcons_(x2)/PictoIcons_512/Pictoicon_talk.png
  artifactKey: Guid(bbe88b3e72ab74e74ac1d8194be76209) Importer(815301076,1909f56bfc062723c751e8b465ee728b)
Start importing Assets/GUI PRO Kit - Simple Casual/Sprite/Component/Icon_PictoIcons_(x2)/PictoIcons_512/Pictoicon_talk.png using Guid(bbe88b3e72ab74e74ac1d8194be76209) Importer(815301076,1909f56bfc062723c751e8b465ee728b)  -> (artifact id: '7381ac7aa76f3c524770ef01e1a36f4e') in 0.099573 seconds
Number of updated asset objects reloaded before import = 0
Number of asset objects unloaded after import = 3
========================================================================
Received Import Request.
  Time since last request: 0.002369 seconds.
  path: Assets/GUI PRO Kit - Simple Casual/Sprite/Component/Icon_PictoIcons_(x2)/PictoIcons_256/Pictoicon_time_1.png
  artifactKey: Guid(479a5ec92b2b647f0ac7997020866e11) Importer(815301076,1909f56bfc062723c751e8b465ee728b)
Start importing Assets/GUI PRO Kit - Simple Casual/Sprite/Component/Icon_PictoIcons_(x2)/PictoIcons_256/Pictoicon_time_1.png using Guid(479a5ec92b2b647f0ac7997020866e11) Importer(815301076,1909f56bfc062723c751e8b465ee728b)  -> (artifact id: 'c8c5b548ea1729ff630b6e477fb14912') in 0.059670 seconds
Number of updated asset objects reloaded before import = 0
Number of asset objects unloaded after import = 3
========================================================================
Received Import Request.
  Time since last request: 0.000050 seconds.
  path: Assets/GUI PRO Kit - Simple Casual/Sprite/Component/Icon_PictoIcons_(x2)/PictoIcons_256/Pictoicon_thunder.png
  artifactKey: Guid(540a0d69de7084b6687710a303ac8bbb) Importer(815301076,1909f56bfc062723c751e8b465ee728b)
Start importing Assets/GUI PRO Kit - Simple Casual/Sprite/Component/Icon_PictoIcons_(x2)/PictoIcons_256/Pictoicon_thunder.png using Guid(540a0d69de7084b6687710a303ac8bbb) Importer(815301076,1909f56bfc062723c751e8b465ee728b)  -> (artifact id: '526a0295550a1318452c334c940cc4a8') in 0.082470 seconds
Number of updated asset objects reloaded before import = 0
Number of asset objects unloaded after import = 3
========================================================================
Received Import Request.
  Time since last request: 0.002640 seconds.
  path: Assets/GUI PRO Kit - Simple Casual/Sprite/Component/Icon_PictoIcons_(x2)/PictoIcons_256/Pictoicon_talk.png
  artifactKey: Guid(f0092858ea0734b98b44dec4b47c6f12) Importer(815301076,1909f56bfc062723c751e8b465ee728b)
Start importing Assets/GUI PRO Kit - Simple Casual/Sprite/Component/Icon_PictoIcons_(x2)/PictoIcons_256/Pictoicon_talk.png using Guid(f0092858ea0734b98b44dec4b47c6f12) Importer(815301076,1909f56bfc062723c751e8b465ee728b)  -> (artifact id: 'fe0daa49421cc913970a9d7285a24819') in 0.149459 seconds
Number of updated asset objects reloaded before import = 0
Number of asset objects unloaded after import = 3
========================================================================
Received Import Request.
  Time since last request: 3.737748 seconds.
  path: Assets/GUI PRO Kit - Simple Casual/Sprite/Component/Icon_PictoIcons_(x2)/PictoIcons_512/Pictoicon_symbol_sea.png
  artifactKey: Guid(3fdceac9cc5424efa9c8c5d6f8d83688) Importer(815301076,1909f56bfc062723c751e8b465ee728b)
Start importing Assets/GUI PRO Kit - Simple Casual/Sprite/Component/Icon_PictoIcons_(x2)/PictoIcons_512/Pictoicon_symbol_sea.png using Guid(3fdceac9cc5424efa9c8c5d6f8d83688) Importer(815301076,1909f56bfc062723c751e8b465ee728b)  -> (artifact id: 'fedf6f7ac93fd4c8c2325c43a0732d10') in 0.078503 seconds
Number of updated asset objects reloaded before import = 0
Number of asset objects unloaded after import = 3
========================================================================
Received Import Request.
  Time since last request: 0.001091 seconds.
  path: Assets/GUI PRO Kit - Simple Casual/Sprite/Component/Icon_PictoIcons_(x2)/PictoIcons_256/Pictoicon_tag.png
  artifactKey: Guid(90420f9022e324d7ebb7ea05bc6da242) Importer(815301076,1909f56bfc062723c751e8b465ee728b)
Start importing Assets/GUI PRO Kit - Simple Casual/Sprite/Component/Icon_PictoIcons_(x2)/PictoIcons_256/Pictoicon_tag.png using Guid(90420f9022e324d7ebb7ea05bc6da242) Importer(815301076,1909f56bfc062723c751e8b465ee728b)  -> (artifact id: 'c687bab48e22a51e132eb6d7b7dcd2dd') in 0.098913 seconds
Number of updated asset objects reloaded before import = 0
Number of asset objects unloaded after import = 3
========================================================================
Received Import Request.
  Time since last request: 0.001113 seconds.
  path: Assets/GUI PRO Kit - Simple Casual/Sprite/Component/Icon_PictoIcons_(x2)/PictoIcons_256/Pictoicon_symbol_x.png
  artifactKey: Guid(f524124dbb07b46faae8684c650447b1) Importer(815301076,1909f56bfc062723c751e8b465ee728b)
Start importing Assets/GUI PRO Kit - Simple Casual/Sprite/Component/Icon_PictoIcons_(x2)/PictoIcons_256/Pictoicon_symbol_x.png using Guid(f524124dbb07b46faae8684c650447b1) Importer(815301076,1909f56bfc062723c751e8b465ee728b)  -> (artifact id: 'd47a15a637493bbbaa56416069de1d30') in 0.068016 seconds
Number of updated asset objects reloaded before import = 0
Number of asset objects unloaded after import = 3
========================================================================
Received Import Request.
  Time since last request: 0.000028 seconds.
  path: Assets/GUI PRO Kit - Simple Casual/Sprite/Component/Icon_PictoIcons_(x2)/PictoIcons_512/Pictoicon_speed.png
  artifactKey: Guid(7ae92991b473b423b84ce9f880d0f5dc) Importer(815301076,1909f56bfc062723c751e8b465ee728b)
Start importing Assets/GUI PRO Kit - Simple Casual/Sprite/Component/Icon_PictoIcons_(x2)/PictoIcons_512/Pictoicon_speed.png using Guid(7ae92991b473b423b84ce9f880d0f5dc) Importer(815301076,1909f56bfc062723c751e8b465ee728b)  -> (artifact id: 'fa22c4596b7ebec0b1242107171290fe') in 0.070580 seconds
Number of updated asset objects reloaded before import = 0
Number of asset objects unloaded after import = 3
========================================================================
Received Import Request.
  Time since last request: 0.000356 seconds.
  path: Assets/GUI PRO Kit - Simple Casual/Sprite/Component/Icon_PictoIcons_(x2)/PictoIcons_512/Pictoicon_star.png
  artifactKey: Guid(502ff7a2474354e4baebe5e9ae3dedb2) Importer(815301076,1909f56bfc062723c751e8b465ee728b)
Start importing Assets/GUI PRO Kit - Simple Casual/Sprite/Component/Icon_PictoIcons_(x2)/PictoIcons_512/Pictoicon_star.png using Guid(502ff7a2474354e4baebe5e9ae3dedb2) Importer(815301076,1909f56bfc062723c751e8b465ee728b)  -> (artifact id: '8fa5105f2b6525801d5ecb6456a1234c') in 0.097193 seconds
Number of updated asset objects reloaded before import = 0
Number of asset objects unloaded after import = 3
========================================================================
Received Import Request.
  Time since last request: 0.017631 seconds.
  path: Assets/GUI PRO Kit - Simple Casual/Sprite/Component/Icon_PictoIcons_(x2)/PictoIcons_256/Pictoicon_skull_1.png
  artifactKey: Guid(f2e3b36e7e44645ad998225da0f0ed99) Importer(815301076,1909f56bfc062723c751e8b465ee728b)
Start importing Assets/GUI PRO Kit - Simple Casual/Sprite/Component/Icon_PictoIcons_(x2)/PictoIcons_256/Pictoicon_skull_1.png using Guid(f2e3b36e7e44645ad998225da0f0ed99) Importer(815301076,1909f56bfc062723c751e8b465ee728b)  -> (artifact id: '80420eac03ebc38104b9a09ea11b2498') in 0.068670 seconds
Number of updated asset objects reloaded before import = 0
Number of asset objects unloaded after import = 3
========================================================================
Received Import Request.
  Time since last request: 0.000024 seconds.
  path: Assets/GUI PRO Kit - Simple Casual/Sprite/Component/Icon_PictoIcons_(x2)/PictoIcons_512/Pictoicon_skull_1.png
  artifactKey: Guid(98cb5782a513e4012974de778e86eb30) Importer(815301076,1909f56bfc062723c751e8b465ee728b)
Start importing Assets/GUI PRO Kit - Simple Casual/Sprite/Component/Icon_PictoIcons_(x2)/PictoIcons_512/Pictoicon_skull_1.png using Guid(98cb5782a513e4012974de778e86eb30) Importer(815301076,1909f56bfc062723c751e8b465ee728b)  -> (artifact id: '79e7b79500f355d858704ab5d92a8a23') in 0.067773 seconds
Number of updated asset objects reloaded before import = 0
Number of asset objects unloaded after import = 3
========================================================================
Received Import Request.
  Time since last request: 0.319376 seconds.
  path: Assets/GUI PRO Kit - Simple Casual/Sprite/Component/Icon_PictoIcons_(x2)/PictoIcons_256/Pictoicon_shopping_1.png
  artifactKey: Guid(86b00f7c53dad44739f386be31651d84) Importer(815301076,1909f56bfc062723c751e8b465ee728b)
Start importing Assets/GUI PRO Kit - Simple Casual/Sprite/Component/Icon_PictoIcons_(x2)/PictoIcons_256/Pictoicon_shopping_1.png using Guid(86b00f7c53dad44739f386be31651d84) Importer(815301076,1909f56bfc062723c751e8b465ee728b)  -> (artifact id: 'fe90ded30effaccf9bdede141acc6da2') in 0.047769 seconds
Number of updated asset objects reloaded before import = 0
Number of asset objects unloaded after import = 3
========================================================================
Received Import Request.
  Time since last request: 0.034591 seconds.
  path: Assets/GUI PRO Kit - Simple Casual/Sprite/Component/Icon_PictoIcons_(x2)/PictoIcons_256/Pictoicon_shopping_3.png
  artifactKey: Guid(4168cc48e82ef43aa9de37ad6529e1d6) Importer(815301076,1909f56bfc062723c751e8b465ee728b)
Start importing Assets/GUI PRO Kit - Simple Casual/Sprite/Component/Icon_PictoIcons_(x2)/PictoIcons_256/Pictoicon_shopping_3.png using Guid(4168cc48e82ef43aa9de37ad6529e1d6) Importer(815301076,1909f56bfc062723c751e8b465ee728b)  -> (artifact id: '0ef4747c9428c022eca6a7310f6e4263') in 0.036752 seconds
Number of updated asset objects reloaded before import = 0
Number of asset objects unloaded after import = 3
========================================================================
Received Import Request.
  Time since last request: 0.044698 seconds.
  path: Assets/GUI PRO Kit - Simple Casual/Sprite/Component/Icon_PictoIcons_(x2)/PictoIcons_256/Pictoicon_shield.png
  artifactKey: Guid(08624e5aa3fb84ad9bd8f3fa99128471) Importer(815301076,1909f56bfc062723c751e8b465ee728b)
Start importing Assets/GUI PRO Kit - Simple Casual/Sprite/Component/Icon_PictoIcons_(x2)/PictoIcons_256/Pictoicon_shield.png using Guid(08624e5aa3fb84ad9bd8f3fa99128471) Importer(815301076,1909f56bfc062723c751e8b465ee728b)  -> (artifact id: 'e44fb624a4a831e5ab5604696f7e952e') in 0.042649 seconds
Number of updated asset objects reloaded before import = 0
Number of asset objects unloaded after import = 3
========================================================================
Received Import Request.
  Time since last request: 0.042936 seconds.
  path: Assets/GUI PRO Kit - Simple Casual/Sprite/Component/Icon_PictoIcons_(x2)/PictoIcons_256/Pictoicon_shoes.png
  artifactKey: Guid(0d0f4c147479147cb9e3b6b617e74d78) Importer(815301076,1909f56bfc062723c751e8b465ee728b)
Start importing Assets/GUI PRO Kit - Simple Casual/Sprite/Component/Icon_PictoIcons_(x2)/PictoIcons_256/Pictoicon_shoes.png using Guid(0d0f4c147479147cb9e3b6b617e74d78) Importer(815301076,1909f56bfc062723c751e8b465ee728b)  -> (artifact id: 'f1756742411572b4a25e14c8cf860bdb') in 0.058833 seconds
Number of updated asset objects reloaded before import = 0
Number of asset objects unloaded after import = 3
========================================================================
Received Import Request.
  Time since last request: 0.133512 seconds.
  path: Assets/GUI PRO Kit - Simple Casual/Sprite/Component/Icon_PictoIcons_(x2)/PictoIcons_256/Pictoicon_sfx_off.png
  artifactKey: Guid(92089cdcc92d244dc8c07ddbe087b3c5) Importer(815301076,1909f56bfc062723c751e8b465ee728b)
Start importing Assets/GUI PRO Kit - Simple Casual/Sprite/Component/Icon_PictoIcons_(x2)/PictoIcons_256/Pictoicon_sfx_off.png using Guid(92089cdcc92d244dc8c07ddbe087b3c5) Importer(815301076,1909f56bfc062723c751e8b465ee728b)  -> (artifact id: '682e24577642a6cc4faa851ff2e3d7bb') in 0.047458 seconds
Number of updated asset objects reloaded before import = 0
Number of asset objects unloaded after import = 3
========================================================================
Received Import Request.
  Time since last request: 0.043478 seconds.
  path: Assets/GUI PRO Kit - Simple Casual/Sprite/Component/Icon_PictoIcons_(x2)/PictoIcons_256/Pictoicon_share.png
  artifactKey: Guid(174daeac77d904510bf5204d36b15323) Importer(815301076,1909f56bfc062723c751e8b465ee728b)
Start importing Assets/GUI PRO Kit - Simple Casual/Sprite/Component/Icon_PictoIcons_(x2)/PictoIcons_256/Pictoicon_share.png using Guid(174daeac77d904510bf5204d36b15323) Importer(815301076,1909f56bfc062723c751e8b465ee728b)  -> (artifact id: 'f935b168f2ebb21e3307233907f09c5b') in 0.041237 seconds
Number of updated asset objects reloaded before import = 0
Number of asset objects unloaded after import = 3
========================================================================
Received Import Request.
  Time since last request: 0.351318 seconds.
  path: Assets/GUI PRO Kit - Simple Casual/Sprite/Component/Icon_PictoIcons_(x2)/PictoIcons_256/Pictoicon_send.png
  artifactKey: Guid(881c1d24bae864af29d7004e345c19cc) Importer(815301076,1909f56bfc062723c751e8b465ee728b)
Start importing Assets/GUI PRO Kit - Simple Casual/Sprite/Component/Icon_PictoIcons_(x2)/PictoIcons_256/Pictoicon_send.png using Guid(881c1d24bae864af29d7004e345c19cc) Importer(815301076,1909f56bfc062723c751e8b465ee728b)  -> (artifact id: '63ca3deb988de4cf62d45d0d4189c659') in 0.038026 seconds
Number of updated asset objects reloaded before import = 0
Number of asset objects unloaded after import = 3
========================================================================
Received Import Request.
  Time since last request: 0.005819 seconds.
  path: Assets/GUI PRO Kit - Simple Casual/Sprite/Component/Icon_PictoIcons_(x2)/PictoIcons_256/Pictoicon_setting_1.png
  artifactKey: Guid(0ebe99a531e13416a9a5de4d7f46c749) Importer(815301076,1909f56bfc062723c751e8b465ee728b)
Start importing Assets/GUI PRO Kit - Simple Casual/Sprite/Component/Icon_PictoIcons_(x2)/PictoIcons_256/Pictoicon_setting_1.png using Guid(0ebe99a531e13416a9a5de4d7f46c749) Importer(815301076,1909f56bfc062723c751e8b465ee728b)  -> (artifact id: 'ffd583422d07a35d3c166da64eb5cb8d') in 0.062962 seconds
Number of updated asset objects reloaded before import = 0
Number of asset objects unloaded after import = 3
========================================================================
Received Import Request.
  Time since last request: 0.152466 seconds.
  path: Assets/GUI PRO Kit - Simple Casual/Sprite/Component/Icon_PictoIcons_(x2)/PictoIcons_256/Pictoicon_screw.png
  artifactKey: Guid(f4faa8b921145493389d9b6f3419246d) Importer(815301076,1909f56bfc062723c751e8b465ee728b)
Start importing Assets/GUI PRO Kit - Simple Casual/Sprite/Component/Icon_PictoIcons_(x2)/PictoIcons_256/Pictoicon_screw.png using Guid(f4faa8b921145493389d9b6f3419246d) Importer(815301076,1909f56bfc062723c751e8b465ee728b)  -> (artifact id: 'a5b4cc6fe4dd50c890eba669255dc6e8') in 0.049609 seconds
Number of updated asset objects reloaded before import = 0
Number of asset objects unloaded after import = 3
========================================================================
Received Import Request.
  Time since last request: 0.006596 seconds.
  path: Assets/GUI PRO Kit - Simple Casual/Sprite/Component/Icon_PictoIcons_(x2)/PictoIcons_256/Pictoicon_search.png
  artifactKey: Guid(aa740f19009814ca5986c9ebb777ee74) Importer(815301076,1909f56bfc062723c751e8b465ee728b)
Start importing Assets/GUI PRO Kit - Simple Casual/Sprite/Component/Icon_PictoIcons_(x2)/PictoIcons_256/Pictoicon_search.png using Guid(aa740f19009814ca5986c9ebb777ee74) Importer(815301076,1909f56bfc062723c751e8b465ee728b)  -> (artifact id: '4ae03fc72d7cdae6c3338a8fc7c51552') in 0.062175 seconds
Number of updated asset objects reloaded before import = 0
Number of asset objects unloaded after import = 3
========================================================================
Received Import Request.
  Time since last request: 0.024616 seconds.
  path: Assets/GUI PRO Kit - Simple Casual/Sprite/Component/Icon_PictoIcons_(x2)/PictoIcons_256/Pictoicon_run.png
  artifactKey: Guid(f06dae5069b6f414fa885bbb824d9598) Importer(815301076,1909f56bfc062723c751e8b465ee728b)
Start importing Assets/GUI PRO Kit - Simple Casual/Sprite/Component/Icon_PictoIcons_(x2)/PictoIcons_256/Pictoicon_run.png using Guid(f06dae5069b6f414fa885bbb824d9598) Importer(815301076,1909f56bfc062723c751e8b465ee728b)  -> (artifact id: 'f43edf85eabe381a8cdfaac8d8aeb038') in 0.046338 seconds
Number of updated asset objects reloaded before import = 0
Number of asset objects unloaded after import = 3
========================================================================
Received Import Request.
  Time since last request: 0.007684 seconds.
  path: Assets/GUI PRO Kit - Simple Casual/Sprite/Component/Icon_PictoIcons_(x2)/PictoIcons_256/Pictoicon_scale.png
  artifactKey: Guid(926aac7424b83420e9b55e6d81fbac8e) Importer(815301076,1909f56bfc062723c751e8b465ee728b)
Start importing Assets/GUI PRO Kit - Simple Casual/Sprite/Component/Icon_PictoIcons_(x2)/PictoIcons_256/Pictoicon_scale.png using Guid(926aac7424b83420e9b55e6d81fbac8e) Importer(815301076,1909f56bfc062723c751e8b465ee728b)  -> (artifact id: '10ab8c944e3eea44734ea5cf547e1490') in 0.073419 seconds
Number of updated asset objects reloaded before import = 0
Number of asset objects unloaded after import = 3
========================================================================
Received Import Request.
  Time since last request: 0.093188 seconds.
  path: Assets/GUI PRO Kit - Simple Casual/Sprite/Component/Icon_PictoIcons_(x2)/PictoIcons_256/Pictoicon_ring.png
  artifactKey: Guid(f4ec3d6d374664b8d934485eda9303d3) Importer(815301076,1909f56bfc062723c751e8b465ee728b)
Start importing Assets/GUI PRO Kit - Simple Casual/Sprite/Component/Icon_PictoIcons_(x2)/PictoIcons_256/Pictoicon_ring.png using Guid(f4ec3d6d374664b8d934485eda9303d3) Importer(815301076,1909f56bfc062723c751e8b465ee728b)  -> (artifact id: '0aa6f1beb0f2aa382297e565f8f2182b') in 0.040707 seconds
Number of updated asset objects reloaded before import = 0
Number of asset objects unloaded after import = 3
========================================================================
Received Import Request.
  Time since last request: 0.024967 seconds.
  path: Assets/GUI PRO Kit - Simple Casual/Sprite/Component/Icon_PictoIcons_(x2)/PictoIcons_256/Pictoicon_rocket.png
  artifactKey: Guid(a5b8b16033cbc497e8e9565037000288) Importer(815301076,1909f56bfc062723c751e8b465ee728b)
Start importing Assets/GUI PRO Kit - Simple Casual/Sprite/Component/Icon_PictoIcons_(x2)/PictoIcons_256/Pictoicon_rocket.png using Guid(a5b8b16033cbc497e8e9565037000288) Importer(815301076,1909f56bfc062723c751e8b465ee728b)  -> (artifact id: '66c898166a0d81e6a7d671714f47bdf5') in 0.071770 seconds
Number of updated asset objects reloaded before import = 0
Number of asset objects unloaded after import = 3
========================================================================
Received Import Request.
  Time since last request: 0.065218 seconds.
  path: Assets/GUI PRO Kit - Simple Casual/Sprite/Component/Icon_PictoIcons_(x2)/PictoIcons_256/Pictoicon_revival_2.png
  artifactKey: Guid(ccb1d6354cbcc4b2aa2b5f2b8c17e4a5) Importer(815301076,1909f56bfc062723c751e8b465ee728b)
Start importing Assets/GUI PRO Kit - Simple Casual/Sprite/Component/Icon_PictoIcons_(x2)/PictoIcons_256/Pictoicon_revival_2.png using Guid(ccb1d6354cbcc4b2aa2b5f2b8c17e4a5) Importer(815301076,1909f56bfc062723c751e8b465ee728b)  -> (artifact id: 'ecb89dc9d6200051f8f491460a5a27ed') in 0.060251 seconds
Number of updated asset objects reloaded before import = 0
Number of asset objects unloaded after import = 3
========================================================================
Received Import Request.
  Time since last request: 3.319434 seconds.
  path: Assets/GUI PRO Kit - Simple Casual/Sprite/Component/Icon_PictoIcons_(x2)/PictoIcons_128/Pictoicon_necklace_2.png
  artifactKey: Guid(e97f1cdc57de04e9fb37c95efdeb356d) Importer(815301076,1909f56bfc062723c751e8b465ee728b)
Start importing Assets/GUI PRO Kit - Simple Casual/Sprite/Component/Icon_PictoIcons_(x2)/PictoIcons_128/Pictoicon_necklace_2.png using Guid(e97f1cdc57de04e9fb37c95efdeb356d) Importer(815301076,1909f56bfc062723c751e8b465ee728b)  -> (artifact id: '106a7000563188cb8571870bbc9c8263') in 0.053890 seconds
Number of updated asset objects reloaded before import = 0
Number of asset objects unloaded after import = 3
========================================================================
Received Import Request.
  Time since last request: 0.064875 seconds.
  path: Assets/GUI PRO Kit - Simple Casual/Sprite/Component/Icon_PictoIcons_(x2)/PictoIcons_128/Pictoicon_mushroom.png
  artifactKey: Guid(0d2c334d0c52f41238cbf210b090cece) Importer(815301076,1909f56bfc062723c751e8b465ee728b)
Start importing Assets/GUI PRO Kit - Simple Casual/Sprite/Component/Icon_PictoIcons_(x2)/PictoIcons_128/Pictoicon_mushroom.png using Guid(0d2c334d0c52f41238cbf210b090cece) Importer(815301076,1909f56bfc062723c751e8b465ee728b)  -> (artifact id: '5f0db1da4a991017e19a39808b43991a') in 0.081253 seconds
Number of updated asset objects reloaded before import = 0
Number of asset objects unloaded after import = 3
========================================================================
Received Import Request.
  Time since last request: 0.000081 seconds.
  path: Assets/GUI PRO Kit - Simple Casual/Sprite/Component/Icon_PictoIcons_(x2)/PictoIcons_128/Pictoicon_necklace_1.png
  artifactKey: Guid(1c166a70a46eb4a4bb7f766dc0f431a0) Importer(815301076,1909f56bfc062723c751e8b465ee728b)
Start importing Assets/GUI PRO Kit - Simple Casual/Sprite/Component/Icon_PictoIcons_(x2)/PictoIcons_128/Pictoicon_necklace_1.png using Guid(1c166a70a46eb4a4bb7f766dc0f431a0) Importer(815301076,1909f56bfc062723c751e8b465ee728b)  -> (artifact id: 'f0c6b29a55892056d306005293ccc45a') in 0.062223 seconds
Number of updated asset objects reloaded before import = 0
Number of asset objects unloaded after import = 3
========================================================================
Received Import Request.
  Time since last request: 0.035242 seconds.
  path: Assets/GUI PRO Kit - Simple Casual/Sprite/Component/Icon_PictoIcons_(x2)/PictoIcons_128/Pictoicon_move.png
  artifactKey: Guid(e488465335b9f43a5a61b4529e40091e) Importer(815301076,1909f56bfc062723c751e8b465ee728b)
Start importing Assets/GUI PRO Kit - Simple Casual/Sprite/Component/Icon_PictoIcons_(x2)/PictoIcons_128/Pictoicon_move.png using Guid(e488465335b9f43a5a61b4529e40091e) Importer(815301076,1909f56bfc062723c751e8b465ee728b)  -> (artifact id: '93c7b3bc41cfcf70a3d1a4e92b4894fc') in 0.213338 seconds
Number of updated asset objects reloaded before import = 0
Number of asset objects unloaded after import = 3
========================================================================
Received Import Request.
  Time since last request: 290.069011 seconds.
  path: Assets/GUI PRO Kit - Simple Casual/Sprite/Component/Icon_PictoIcons_(x2)/PictoIcons_512/Pictoicon_sun.png
  artifactKey: Guid(782b88e285ad84f97af6dfdfe3047f90) Importer(815301076,1909f56bfc062723c751e8b465ee728b)
Start importing Assets/GUI PRO Kit - Simple Casual/Sprite/Component/Icon_PictoIcons_(x2)/PictoIcons_512/Pictoicon_sun.png using Guid(782b88e285ad84f97af6dfdfe3047f90) Importer(815301076,1909f56bfc062723c751e8b465ee728b)  -> (artifact id: '0814bffb2d36d49dfb584425692ddf67') in 0.083152 seconds
Number of updated asset objects reloaded before import = 0
Number of asset objects unloaded after import = 3
========================================================================
Received Import Request.
  Time since last request: 87.656002 seconds.
  path: Assets/SLOTI/Layer Lab/GUI Pro-FantasyRPG/ResourcesData/Particles/Textures/fx_glow3.png
  artifactKey: Guid(01a509805ee1e4dbd956bc2c1960403c) Importer(815301076,1909f56bfc062723c751e8b465ee728b)
Start importing Assets/SLOTI/Layer Lab/GUI Pro-FantasyRPG/ResourcesData/Particles/Textures/fx_glow3.png using Guid(01a509805ee1e4dbd956bc2c1960403c) Importer(815301076,1909f56bfc062723c751e8b465ee728b)  -> (artifact id: 'c393e375cccdc8e6d37bcb78a80cd018') in 0.086148 seconds
Number of updated asset objects reloaded before import = 0
Number of asset objects unloaded after import = 3
========================================================================
Received Import Request.
  Time since last request: 0.000066 seconds.
  path: Assets/SLOTI/Layer Lab/GUI Pro-FantasyRPG/ResourcesData/Particles/Textures/fx_star2.png
  artifactKey: Guid(31cea93cb8c1f44f0aed5ca96ed9b764) Importer(815301076,1909f56bfc062723c751e8b465ee728b)
Start importing Assets/SLOTI/Layer Lab/GUI Pro-FantasyRPG/ResourcesData/Particles/Textures/fx_star2.png using Guid(31cea93cb8c1f44f0aed5ca96ed9b764) Importer(815301076,1909f56bfc062723c751e8b465ee728b)  -> (artifact id: '90364416ce80b9ef1057edfc7e0060ba') in 0.046676 seconds
Number of updated asset objects reloaded before import = 0
Number of asset objects unloaded after import = 3
========================================================================
Received Import Request.
  Time since last request: 0.159886 seconds.
  path: Assets/SLOTI/Layer Lab/GUI Pro-FantasyRPG/ResourcesData/Particles/Textures/fx_dust1.png
  artifactKey: Guid(8aca5e8ea241b42858f3d9644e848b1e) Importer(815301076,1909f56bfc062723c751e8b465ee728b)
Start importing Assets/SLOTI/Layer Lab/GUI Pro-FantasyRPG/ResourcesData/Particles/Textures/fx_dust1.png using Guid(8aca5e8ea241b42858f3d9644e848b1e) Importer(815301076,1909f56bfc062723c751e8b465ee728b)  -> (artifact id: 'fee8723444a3bc9d702803a8e9b5ac79') in 0.063739 seconds
Number of updated asset objects reloaded before import = 0
Number of asset objects unloaded after import = 3
========================================================================
Received Import Request.
  Time since last request: 0.000034 seconds.
  path: Assets/SLOTI/Layer Lab/GUI Pro-FantasyRPG/ResourcesData/Particles/Textures/fx_glow2.png
  artifactKey: Guid(4c6392db171184bb98d834e1fbd3769e) Importer(815301076,1909f56bfc062723c751e8b465ee728b)
Start importing Assets/SLOTI/Layer Lab/GUI Pro-FantasyRPG/ResourcesData/Particles/Textures/fx_glow2.png using Guid(4c6392db171184bb98d834e1fbd3769e) Importer(815301076,1909f56bfc062723c751e8b465ee728b)  -> (artifact id: '61e1fb420b362f93419ab6d328aea05e') in 0.048608 seconds
Number of updated asset objects reloaded before import = 0
Number of asset objects unloaded after import = 3
========================================================================
Received Import Request.
  Time since last request: 101.239230 seconds.
  path: Assets/GUI PRO Kit - Simple Casual/Sprite/Component/Icon_PictoIcons_(x2)/PictoIcons_256/Pictoicon_shoot_focus_2.png
  artifactKey: Guid(4d0a93f0f5a604919926a19063f630dd) Importer(815301076,1909f56bfc062723c751e8b465ee728b)
Start importing Assets/GUI PRO Kit - Simple Casual/Sprite/Component/Icon_PictoIcons_(x2)/PictoIcons_256/Pictoicon_shoot_focus_2.png using Guid(4d0a93f0f5a604919926a19063f630dd) Importer(815301076,1909f56bfc062723c751e8b465ee728b)  -> (artifact id: 'e6e05ef7ff7585c0af6c97ba792ed323') in 0.043373 seconds
Number of updated asset objects reloaded before import = 0
Number of asset objects unloaded after import = 3
========================================================================
Received Import Request.
  Time since last request: 0.004702 seconds.
  path: Assets/GUI PRO Kit - Simple Casual/Sprite/Component/Icon_PictoIcons_(x2)/PictoIcons_256/Pictoicon_symbol_check.png
  artifactKey: Guid(73f63c7d5674c4b77872e10d5d4e44b2) Importer(815301076,1909f56bfc062723c751e8b465ee728b)
Start importing Assets/GUI PRO Kit - Simple Casual/Sprite/Component/Icon_PictoIcons_(x2)/PictoIcons_256/Pictoicon_symbol_check.png using Guid(73f63c7d5674c4b77872e10d5d4e44b2) Importer(815301076,1909f56bfc062723c751e8b465ee728b)  -> (artifact id: '227f2acc102603d38baba2fb6d955a0c') in 0.050384 seconds
Number of updated asset objects reloaded before import = 0
Number of asset objects unloaded after import = 3
========================================================================
Received Import Request.
  Time since last request: 0.055846 seconds.
  path: Assets/GUI PRO Kit - Simple Casual/Sprite/Component/Icon_PictoIcons_(x2)/PictoIcons_512/Pictoicon_symbol_info.png
  artifactKey: Guid(49bdf14aa15b34927a9d0ece85ec9ce0) Importer(815301076,1909f56bfc062723c751e8b465ee728b)
Start importing Assets/GUI PRO Kit - Simple Casual/Sprite/Component/Icon_PictoIcons_(x2)/PictoIcons_512/Pictoicon_symbol_info.png using Guid(49bdf14aa15b34927a9d0ece85ec9ce0) Importer(815301076,1909f56bfc062723c751e8b465ee728b)  -> (artifact id: '3f46b2e2a954a8fd48ef6f79f2ec6f8a') in 0.061826 seconds
Number of updated asset objects reloaded before import = 0
Number of asset objects unloaded after import = 3
========================================================================
Received Import Request.
  Time since last request: 0.000036 seconds.
  path: Assets/GUI PRO Kit - Simple Casual/Sprite/Component/Icon_PictoIcons_(x2)/PictoIcons_512/Pictoicon_symbol_minus.png
  artifactKey: Guid(817115947802b410094f2d0bfd55e6de) Importer(815301076,1909f56bfc062723c751e8b465ee728b)
Start importing Assets/GUI PRO Kit - Simple Casual/Sprite/Component/Icon_PictoIcons_(x2)/PictoIcons_512/Pictoicon_symbol_minus.png using Guid(817115947802b410094f2d0bfd55e6de) Importer(815301076,1909f56bfc062723c751e8b465ee728b)  -> (artifact id: '40f2f71cde2a75bb8201edc8bf44367b') in 0.081028 seconds
Number of updated asset objects reloaded before import = 0
Number of asset objects unloaded after import = 3
========================================================================
Received Import Request.
  Time since last request: 0.000027 seconds.
  path: Assets/GUI PRO Kit - Simple Casual/Sprite/Component/Icon_PictoIcons_(x2)/PictoIcons_256/Pictoicon_window_min.png
  artifactKey: Guid(b71f685f105a24cd5aee58a31f67083b) Importer(815301076,1909f56bfc062723c751e8b465ee728b)
Start importing Assets/GUI PRO Kit - Simple Casual/Sprite/Component/Icon_PictoIcons_(x2)/PictoIcons_256/Pictoicon_window_min.png using Guid(b71f685f105a24cd5aee58a31f67083b) Importer(815301076,1909f56bfc062723c751e8b465ee728b)  -> (artifact id: 'a426175ea10b473ff32c492d55daa0d9') in 0.049966 seconds
Number of updated asset objects reloaded before import = 0
Number of asset objects unloaded after import = 3
========================================================================
Received Import Request.
  Time since last request: 0.000041 seconds.
  path: Assets/GUI PRO Kit - Simple Casual/Sprite/Component/Icon_PictoIcons_(x2)/PictoIcons_512/Pictoicon_wing.png
  artifactKey: Guid(054b0633ffc754fda9981f19b53a11ca) Importer(815301076,1909f56bfc062723c751e8b465ee728b)
Start importing Assets/GUI PRO Kit - Simple Casual/Sprite/Component/Icon_PictoIcons_(x2)/PictoIcons_512/Pictoicon_wing.png using Guid(054b0633ffc754fda9981f19b53a11ca) Importer(815301076,1909f56bfc062723c751e8b465ee728b)  -> (artifact id: '13ceac4002256a99b5e65fff358ccd70') in 0.092780 seconds
Number of updated asset objects reloaded before import = 0
Number of asset objects unloaded after import = 3
========================================================================
Received Import Request.
  Time since last request: 0.000052 seconds.
  path: Assets/GUI PRO Kit - Simple Casual/Sprite/Component/Icon_PictoIcons_(x2)/PictoIcons_512/Pictoicon_window_min.png
  artifactKey: Guid(bd08b53e352c7494aac6d88bf7df64d8) Importer(815301076,1909f56bfc062723c751e8b465ee728b)
Start importing Assets/GUI PRO Kit - Simple Casual/Sprite/Component/Icon_PictoIcons_(x2)/PictoIcons_512/Pictoicon_window_min.png using Guid(bd08b53e352c7494aac6d88bf7df64d8) Importer(815301076,1909f56bfc062723c751e8b465ee728b)  -> (artifact id: '0cd130d21e82f6d763e53fe2910e7e02') in 0.159332 seconds
Number of updated asset objects reloaded before import = 0
Number of asset objects unloaded after import = 3
========================================================================
Received Import Request.
  Time since last request: 0.005431 seconds.
  path: Assets/GUI PRO Kit - Simple Casual/Sprite/Component/Icon_PictoIcons_(x2)/PictoIcons_128/Pictoicon_window_max.png
  artifactKey: Guid(6b1d1daec0b834f3ab7b95a9df014db5) Importer(815301076,1909f56bfc062723c751e8b465ee728b)
Start importing Assets/GUI PRO Kit - Simple Casual/Sprite/Component/Icon_PictoIcons_(x2)/PictoIcons_128/Pictoicon_window_max.png using Guid(6b1d1daec0b834f3ab7b95a9df014db5) Importer(815301076,1909f56bfc062723c751e8b465ee728b)  -> (artifact id: '6b9b2cdf51e5ef47f94b5887221286ca') in 0.083346 seconds
Number of updated asset objects reloaded before import = 0
Number of asset objects unloaded after import = 3
========================================================================
Received Import Request.
  Time since last request: 0.004001 seconds.
  path: Assets/GUI PRO Kit - Simple Casual/Sprite/Component/Icon_PictoIcons_(x2)/PictoIcons_128/Pictoicon_wing.png
  artifactKey: Guid(4556b7a387da34636bb8c9a493c137b8) Importer(815301076,1909f56bfc062723c751e8b465ee728b)
Start importing Assets/GUI PRO Kit - Simple Casual/Sprite/Component/Icon_PictoIcons_(x2)/PictoIcons_128/Pictoicon_wing.png using Guid(4556b7a387da34636bb8c9a493c137b8) Importer(815301076,1909f56bfc062723c751e8b465ee728b)  -> (artifact id: '6e3c041e4023ad6abce8548b1d2c6153') in 0.066388 seconds
Number of updated asset objects reloaded before import = 0
Number of asset objects unloaded after import = 3
========================================================================
Received Import Request.
  Time since last request: 8.193886 seconds.
  path: Assets/GUI PRO Kit - Simple Casual/Sprite/Component/Icon_PictoIcons_(x2)/PictoIcons_512/Pictoicon_time_1.png
  artifactKey: Guid(75c0104546c014ad1b2325fec5b89f37) Importer(815301076,1909f56bfc062723c751e8b465ee728b)
Start importing Assets/GUI PRO Kit - Simple Casual/Sprite/Component/Icon_PictoIcons_(x2)/PictoIcons_512/Pictoicon_time_1.png using Guid(75c0104546c014ad1b2325fec5b89f37) Importer(815301076,1909f56bfc062723c751e8b465ee728b)  -> (artifact id: '26730bfc9bf03fb39ca679319c4f44a7') in 0.183112 seconds
Number of updated asset objects reloaded before import = 0
Number of asset objects unloaded after import = 3
========================================================================
Received Import Request.
  Time since last request: 0.422498 seconds.
  path: Assets/GUI PRO Kit - Simple Casual/Sprite/Component/Icon_PictoIcons_(x2)/PictoIcons_512/Pictoicon_symbol_question.png
  artifactKey: Guid(01f396fbe6a77446c80427fa02002c6f) Importer(815301076,1909f56bfc062723c751e8b465ee728b)
Start importing Assets/GUI PRO Kit - Simple Casual/Sprite/Component/Icon_PictoIcons_(x2)/PictoIcons_512/Pictoicon_symbol_question.png using Guid(01f396fbe6a77446c80427fa02002c6f) Importer(815301076,1909f56bfc062723c751e8b465ee728b)  -> (artifact id: '8ad8fc134ef17fec868ae1e333058a7a') in 0.169477 seconds
Number of updated asset objects reloaded before import = 0
Number of asset objects unloaded after import = 3
========================================================================
Received Import Request.
  Time since last request: 0.032012 seconds.
  path: Assets/GUI PRO Kit - Simple Casual/Sprite/Component/Icon_PictoIcons_(x2)/PictoIcons_256/Pictoicon_shop.png
  artifactKey: Guid(b0a426dd560f64833aa8fae73a17d417) Importer(815301076,1909f56bfc062723c751e8b465ee728b)
Start importing Assets/GUI PRO Kit - Simple Casual/Sprite/Component/Icon_PictoIcons_(x2)/PictoIcons_256/Pictoicon_shop.png using Guid(b0a426dd560f64833aa8fae73a17d417) Importer(815301076,1909f56bfc062723c751e8b465ee728b)  -> (artifact id: 'c0752f9b863b76fa00e62259c79f6ac1') in 0.068980 seconds
Number of updated asset objects reloaded before import = 0
Number of asset objects unloaded after import = 3
========================================================================
Received Prepare
Begin MonoManager ReloadAssembly
- Loaded All Assemblies, in  0.441 seconds
Refreshing native plugins compatible for Editor in 5.45 ms, found 7 plugins.
Native extension for WindowsStandalone target not found
Native extension for Android target not found
[Package Manager] Server::EnsureServerProcessIsRunning -- launch failed, reason: Unity was launched with the -noUpm command-line argument
[Package Manager] UpmClient::Send -- Unable to send message (not connected to UPM process).
[Package Manager] Cannot connect to Unity Package Manager local server
Mono: successfully reloaded assembly
- Finished resetting the current domain, in  0.984 seconds
Domain Reload Profiling: 1423ms
	BeginReloadAssembly (155ms)
		ExecutionOrderSort (0ms)
		DisableScriptedObjects (12ms)
		BackupInstance (0ms)
		ReleaseScriptingObjects (0ms)
		CreateAndSetChildDomain (41ms)
	RebuildCommonClasses (33ms)
	RebuildNativeTypeToScriptingClass (10ms)
	initialDomainReloadingComplete (31ms)
	LoadAllAssembliesAndSetupDomain (210ms)
		LoadAssemblies (267ms)
		RebuildTransferFunctionScriptingTraits (0ms)
		AnalyzeDomain (18ms)
			TypeCache.Refresh (8ms)
				TypeCache.ScanAssembly (0ms)
			ScanForSourceGeneratedMonoScriptInfo (0ms)
			ResolveRequiredComponents (7ms)
	FinalizeReload (984ms)
		ReleaseScriptCaches (0ms)
		RebuildScriptCaches (0ms)
		SetupLoadedEditorAssemblies (399ms)
			LogAssemblyErrors (0ms)
			InitializePlatformSupportModulesInManaged (21ms)
			SetLoadedEditorAssemblies (3ms)
			RefreshPlugins (0ms)
			BeforeProcessingInitializeOnLoad (61ms)
			ProcessInitializeOnLoadAttributes (268ms)
			ProcessInitializeOnLoadMethodAttributes (39ms)
			AfterProcessingInitializeOnLoad (6ms)
			EditorAssembliesLoaded (0ms)
		ExecutionOrderSort2 (0ms)
		AwakeInstancesAfterBackupRestoration (11ms)
Refreshing native plugins compatible for Editor in 4.44 ms, found 7 plugins.
Preloading 0 native plugins for Editor in 0.00 ms.
Unloading 4244 Unused Serialized files (Serialized files now loaded: 0)
Unloading 55 unused Assets / (0.6 MB). Loaded Objects now: 4782.
Memory consumption went from 158.2 MB to 157.7 MB.
Total: 5.153500 ms (FindLiveObjects: 0.433800 ms CreateObjectMapping: 0.290800 ms MarkObjects: 4.013000 ms  DeleteObjects: 0.413400 ms)

Prepare: number of updated asset objects reloaded= 0
AssetImportParameters requested are different than current active one (requested -> active):
  custom:container-demuxer-ogg: 62fdf1f143b41e24485cea50d1cbac27 -> 
  custom:video-codec-MediaFoundation-h265: 746d11721c4dcdbdad8f713fa42b33f4 -> 
  custom:video-decoder-ogg-theora: a1e56fd34408186e4bbccfd4996cb3dc -> 
  custom:framework-win-MediaFoundation: 216162199b28c13a410421893ffa2e32 -> 
  custom:CustomObjectIndexerAttribute: 6d391050e5a25f67b0a2c618074f2cd9 -> 
  custom:container-demuxer-webm: 4f35f7cbe854078d1ac9338744f61a02 -> 
  custom:container-muxer-webm: aa71ff27fc2769a1b78a27578f13a17b -> 
  custom:video-decoder-webm-vp8: 9c59270c3fd7afecdb556c50c9e8de78 -> 
  custom:SearchIndexIgnoredProperties: e643bd26f0fe6173181afceb89e7c659 -> 
  custom:AudioImporter_EditorPlatform: d09bf68614088b80899f8185d706f6e7 -> 
  custom:video-encoder-webm-vp8: eb34c28f22e8b96e1ab97ce403110664 -> 
  custom:audio-decoder-ogg-vorbis: bf7c407c2cedff20999df2af8eb42d56 -> 
  custom:audio-encoder-webm-vorbis: bf7c407c2cedff20999df2af8eb42d56 -> 
